0 verbose cli /opt/homebrew/Cellar/node/25.6.1/bin/node /opt/homebrew/bin/npm
1 info using npm@11.9.0
2 info using node@v25.6.1
3 silly config load:file:/opt/homebrew/lib/node_modules/npm/npmrc
4 silly config load:file:/Users/juliusrannersberger/Desktop/Flatcontroll/wg-putzplan/.npmrc
5 silly config load:file:/Users/juliusrannersberger/.npmrc
6 silly config load:file:/opt/homebrew/etc/npmrc
7 verbose title npm install @radix-ui/react-label @radix-ui/react-select @radix-ui/react-slot class-variance-authority date-fns
8 verbose argv "install" "--cache" "./npm-cache" "--no-audit" "@radix-ui/react-label" "@radix-ui/react-select" "@radix-ui/react-slot" "class-variance-authority" "date-fns"
9 verbose logfile logs-max:10 dir:/Users/juliusrannersberger/Desktop/Flatcontroll/wg-putzplan/npm-cache/_logs/2026-02-15T18_38_28_056Z-
10 verbose logfile /Users/juliusrannersberger/Desktop/Flatcontroll/wg-putzplan/npm-cache/_logs/2026-02-15T18_38_28_056Z-debug-0.log
11 silly logfile done cleaning log files
12 silly packumentCache heap:2348810240 maxSize:587202560 maxEntrySize:293601280
13 verbose shrinkwrap failed to load node_modules/.package-lock.json out of date, updated: node_modules
14 silly idealTree buildDeps
15 silly fetch manifest @radix-ui/react-label@*
16 silly packumentCache full:https://registry.npmjs.org/@radix-ui%2freact-label cache-miss
17 http fetch GET 200 https://registry.npmjs.org/npm 280ms
18 http fetch GET 200 https://registry.npmjs.org/@radix-ui%2freact-label 678ms (cache miss)
19 silly packumentCache full:https://registry.npmjs.org/@radix-ui%2freact-label set size:undefined disposed:false
20 silly fetch manifest @types/react@^18.2.55
21 silly packumentCache full:https://registry.npmjs.org/@types%2freact cache-miss
22 http fetch GET 200 https://registry.npmjs.org/@types%2freact 112ms (cache miss)
23 silly packumentCache full:https://registry.npmjs.org/@types%2freact set size:undefined disposed:false
24 silly fetch manifest @types/react-dom@^18.2.19
25 silly packumentCache full:https://registry.npmjs.org/@types%2freact-dom cache-miss
26 http fetch GET 200 https://registry.npmjs.org/@types%2freact-dom 62ms (cache miss)
27 silly packumentCache full:https://registry.npmjs.org/@types%2freact-dom set size:undefined disposed:false
28 silly fetch manifest react@latest
29 silly packumentCache full:https://registry.npmjs.org/react cache-miss
30 http fetch GET 200 https://registry.npmjs.org/react 328ms (cache miss)
31 silly packumentCache full:https://registry.npmjs.org/react set size:undefined disposed:false
32 silly fetch manifest react-dom@latest
33 silly packumentCache full:https://registry.npmjs.org/react-dom cache-miss
34 http fetch GET 200 https://registry.npmjs.org/react-dom 225ms (cache miss)
35 silly packumentCache full:https://registry.npmjs.org/react-dom set size:undefined disposed:false
36 silly fetch manifest @radix-ui/react-select@*
37 silly packumentCache full:https://registry.npmjs.org/@radix-ui%2freact-select cache-miss
38 http fetch GET 200 https://registry.npmjs.org/@radix-ui%2freact-select 807ms (cache miss)
39 silly packumentCache full:https://registry.npmjs.org/@radix-ui%2freact-select set size:undefined disposed:false
40 silly fetch manifest @radix-ui/react-slot@*
41 silly packumentCache full:https://registry.npmjs.org/@radix-ui%2freact-slot cache-miss
42 http fetch GET 200 https://registry.npmjs.org/@radix-ui%2freact-slot 1038ms (cache miss)
43 silly packumentCache full:https://registry.npmjs.org/@radix-ui%2freact-slot set size:undefined disposed:false
44 silly fetch manifest class-variance-authority@*
45 silly packumentCache full:https://registry.npmjs.org/class-variance-authority cache-miss
46 http fetch GET 200 https://registry.npmjs.org/class-variance-authority 38ms (cache miss)
47 silly packumentCache full:https://registry.npmjs.org/class-variance-authority set size:undefined disposed:false
48 silly fetch manifest date-fns@*
49 silly packumentCache full:https://registry.npmjs.org/date-fns cache-miss
50 http fetch GET 200 https://registry.npmjs.org/date-fns 163ms (cache miss)
51 silly packumentCache full:https://registry.npmjs.org/date-fns set size:undefined disposed:false
52 silly placeDep ROOT @radix-ui/react-label@2.1.8 OK for: wg-putzplan@1.0.0 want: *
53 silly placeDep ROOT @radix-ui/react-select@2.2.6 OK for: wg-putzplan@1.0.0 want: *
54 silly placeDep ROOT @radix-ui/react-slot@1.2.4 OK for: wg-putzplan@1.0.0 want: *
55 silly placeDep ROOT class-variance-authority@0.7.1 OK for: wg-putzplan@1.0.0 want: *
56 silly placeDep ROOT date-fns@4.1.0 OK for: wg-putzplan@1.0.0 want: *
57 silly fetch manifest @radix-ui/react-primitive@2.1.4
58 silly packumentCache full:https://registry.npmjs.org/@radix-ui%2freact-primitive cache-miss
59 silly fetch manifest aria-hidden@^1.2.4
60 silly packumentCache full:https://registry.npmjs.org/aria-hidden cache-miss
61 silly fetch manifest @radix-ui/number@1.1.1
62 silly packumentCache full:https://registry.npmjs.org/@radix-ui%2fnumber cache-miss
63 silly fetch manifest @radix-ui/react-id@1.1.1
64 silly packumentCache full:https://registry.npmjs.org/@radix-ui%2freact-id cache-miss
65 silly fetch manifest @radix-ui/primitive@1.1.3
66 silly packumentCache full:https://registry.npmjs.org/@radix-ui%2fprimitive cache-miss
67 silly fetch manifest react-remove-scroll@^2.6.3
68 silly packumentCache full:https://registry.npmjs.org/react-remove-scroll cache-miss
69 silly fetch manifest @radix-ui/react-slot@1.2.3
70 silly packumentCache full:https://registry.npmjs.org/@radix-ui%2freact-slot cache-miss
71 http cache https://registry.npmjs.org/@radix-ui%2freact-slot 16ms (cache hit)
72 silly packumentCache full:https://registry.npmjs.org/@radix-ui%2freact-slot set size:387271 disposed:false
73 silly fetch manifest @radix-ui/react-popper@1.2.8
74 silly packumentCache full:https://registry.npmjs.org/@radix-ui%2freact-popper cache-miss
75 http fetch GET 200 https://registry.npmjs.org/aria-hidden 50ms (cache miss)
76 silly packumentCache full:https://registry.npmjs.org/aria-hidden set size:undefined disposed:false
77 silly fetch manifest @radix-ui/react-portal@1.1.9
78 silly packumentCache full:https://registry.npmjs.org/@radix-ui%2freact-portal cache-miss
79 http fetch GET 200 https://registry.npmjs.org/react-remove-scroll 274ms (cache miss)
80 silly packumentCache full:https://registry.npmjs.org/react-remove-scroll set size:undefined disposed:false
81 silly fetch manifest @radix-ui/react-context@1.1.2
82 silly packumentCache full:https://registry.npmjs.org/@radix-ui%2freact-context cache-miss
83 http fetch GET 200 https://registry.npmjs.org/@radix-ui%2freact-portal 231ms (cache miss)
84 silly packumentCache full:https://registry.npmjs.org/@radix-ui%2freact-portal set size:undefined disposed:false
85 silly fetch manifest @radix-ui/react-direction@1.1.1
86 silly packumentCache full:https://registry.npmjs.org/@radix-ui%2freact-direction cache-miss
87 http fetch GET 200 https://registry.npmjs.org/@radix-ui%2fnumber 298ms (cache miss)
88 silly packumentCache full:https://registry.npmjs.org/@radix-ui%2fnumber set size:undefined disposed:false
89 silly fetch manifest @radix-ui/react-primitive@2.1.3
90 silly packumentCache full:https://registry.npmjs.org/@radix-ui%2freact-primitive cache-miss
91 http fetch GET 200 https://registry.npmjs.org/@radix-ui%2freact-popper 489ms (cache miss)
92 silly packumentCache full:https://registry.npmjs.org/@radix-ui%2freact-popper set size:undefined disposed:false
93 silly fetch manifest @radix-ui/react-collection@1.1.7
94 silly packumentCache full:https://registry.npmjs.org/@radix-ui%2freact-collection cache-miss
95 http fetch GET 200 https://registry.npmjs.org/@radix-ui%2freact-direction 244ms (cache miss)
96 silly packumentCache full:https://registry.npmjs.org/@radix-ui%2freact-direction set size:undefined disposed:false
97 silly fetch manifest @radix-ui/react-focus-scope@1.1.7
98 silly packumentCache full:https://registry.npmjs.org/@radix-ui%2freact-focus-scope cache-miss
99 http fetch GET 200 https://registry.npmjs.org/@radix-ui%2freact-primitive 590ms (cache miss)
100 silly packumentCache full:https://registry.npmjs.org/@radix-ui%2freact-primitive set size:undefined disposed:false
101 silly fetch manifest @radix-ui/react-compose-refs@1.1.2
102 silly packumentCache full:https://registry.npmjs.org/@radix-ui%2freact-compose-refs cache-miss
103 http fetch GET 200 https://registry.npmjs.org/@radix-ui%2freact-id 782ms (cache miss)
104 silly packumentCache full:https://registry.npmjs.org/@radix-ui%2freact-id set size:undefined disposed:false
105 silly fetch manifest @radix-ui/react-focus-guards@1.1.3
106 silly packumentCache full:https://registry.npmjs.org/@radix-ui%2freact-focus-guards cache-miss
107 http fetch GET 200 https://registry.npmjs.org/@radix-ui%2fprimitive 827ms (cache miss)
108 silly packumentCache full:https://registry.npmjs.org/@radix-ui%2fprimitive set size:undefined disposed:false
109 silly fetch manifest @radix-ui/react-use-previous@1.1.1
110 silly packumentCache full:https://registry.npmjs.org/@radix-ui%2freact-use-previous cache-miss
111 http fetch GET 200 https://registry.npmjs.org/@radix-ui%2freact-context 615ms (cache miss)
112 silly packumentCache full:https://registry.npmjs.org/@radix-ui%2freact-context set size:undefined disposed:false
113 silly fetch manifest @radix-ui/react-visually-hidden@1.2.3
114 silly packumentCache full:https://registry.npmjs.org/@radix-ui%2freact-visually-hidden cache-miss
115 http fetch GET 200 https://registry.npmjs.org/@radix-ui%2freact-compose-refs 338ms (cache miss)
116 silly packumentCache full:https://registry.npmjs.org/@radix-ui%2freact-compose-refs set size:undefined disposed:false
117 silly fetch manifest @radix-ui/react-use-callback-ref@1.1.1
118 silly packumentCache full:https://registry.npmjs.org/@radix-ui%2freact-use-callback-ref cache-miss
119 http fetch GET 200 https://registry.npmjs.org/@radix-ui%2freact-primitive 665ms (cache miss)
120 silly packumentCache full:https://registry.npmjs.org/@radix-ui%2freact-primitive set size:undefined disposed:false
121 silly fetch manifest @radix-ui/react-dismissable-layer@1.1.11
122 silly packumentCache full:https://registry.npmjs.org/@radix-ui%2freact-dismissable-layer cache-miss
123 http fetch GET 200 https://registry.npmjs.org/@radix-ui%2freact-visually-hidden 101ms (cache miss)
124 silly packumentCache full:https://registry.npmjs.org/@radix-ui%2freact-visually-hidden set size:undefined disposed:false
125 silly fetch manifest @radix-ui/react-use-layout-effect@1.1.1
126 silly packumentCache full:https://registry.npmjs.org/@radix-ui%2freact-use-layout-effect cache-miss
127 http fetch GET 200 https://registry.npmjs.org/@radix-ui%2freact-use-layout-effect 70ms (cache miss)
128 silly packumentCache full:https://registry.npmjs.org/@radix-ui%2freact-use-layout-effect set size:undefined disposed:false
129 silly fetch manifest @radix-ui/react-use-controllable-state@1.2.2
130 silly packumentCache full:https://registry.npmjs.org/@radix-ui%2freact-use-controllable-state cache-miss
131 http fetch GET 200 https://registry.npmjs.org/@radix-ui%2freact-collection 596ms (cache miss)
132 silly packumentCache full:https://registry.npmjs.org/@radix-ui%2freact-collection set size:undefined disposed:false
133 http fetch GET 200 https://registry.npmjs.org/@radix-ui%2freact-use-previous 302ms (cache miss)
134 silly packumentCache full:https://registry.npmjs.org/@radix-ui%2freact-use-previous set size:undefined disposed:false
135 http fetch GET 200 https://registry.npmjs.org/@radix-ui%2freact-focus-scope 836ms (cache miss)
136 silly packumentCache full:https://registry.npmjs.org/@radix-ui%2freact-focus-scope set size:undefined disposed:false
137 http fetch GET 200 https://registry.npmjs.org/@radix-ui%2freact-dismissable-layer 451ms (cache miss)
138 silly packumentCache full:https://registry.npmjs.org/@radix-ui%2freact-dismissable-layer set size:undefined disposed:false
139 http fetch GET 200 https://registry.npmjs.org/@radix-ui%2freact-use-callback-ref 571ms (cache miss)
140 silly packumentCache full:https://registry.npmjs.org/@radix-ui%2freact-use-callback-ref set size:undefined disposed:false
141 http fetch GET 200 https://registry.npmjs.org/@radix-ui%2freact-focus-guards 781ms (cache miss)
142 silly packumentCache full:https://registry.npmjs.org/@radix-ui%2freact-focus-guards set size:undefined disposed:false
143 http fetch GET 200 https://registry.npmjs.org/@radix-ui%2freact-use-controllable-state 806ms (cache miss)
144 silly packumentCache full:https://registry.npmjs.org/@radix-ui%2freact-use-controllable-state set size:undefined disposed:false
145 silly fetch manifest @types/react@*
146 silly packumentCache full:https://registry.npmjs.org/@types%2freact cache-miss
147 http cache https://registry.npmjs.org/@types%2freact 5ms (cache hit)
148 silly packumentCache full:https://registry.npmjs.org/@types%2freact set size:2588986 disposed:false
149 silly fetch manifest @types/react-dom@*
150 silly packumentCache full:https://registry.npmjs.org/@types%2freact-dom cache-miss
151 http cache https://registry.npmjs.org/@types%2freact-dom 13ms (cache hit)
152 silly packumentCache full:https://registry.npmjs.org/@types%2freact-dom set size:429026 disposed:false
153 silly fetch manifest react@^16.8 || ^17.0 || ^18.0 || ^19.0 || ^19.0.0-rc
154 silly packumentCache full:https://registry.npmjs.org/react cache-miss
155 http cache https://registry.npmjs.org/react 9ms (cache hit)
156 silly packumentCache full:https://registry.npmjs.org/react set size:6484332 disposed:false
157 silly fetch manifest react-dom@^16.8 || ^17.0 || ^18.0 || ^19.0 || ^19.0.0-rc
158 silly packumentCache full:https://registry.npmjs.org/react-dom cache-miss
159 http cache https://registry.npmjs.org/react-dom 19ms (cache hit)
160 silly packumentCache full:https://registry.npmjs.org/react-dom set size:8583741 disposed:false
161 silly placeDep ROOT @radix-ui/react-primitive@2.1.4 OK for: @radix-ui/react-label@2.1.8 want: 2.1.4
162 silly placeDep ROOT @radix-ui/number@1.1.1 OK for: @radix-ui/react-select@2.2.6 want: 1.1.1
163 silly placeDep ROOT @radix-ui/primitive@1.1.3 OK for: @radix-ui/react-select@2.2.6 want: 1.1.3
164 silly placeDep ROOT @radix-ui/react-collection@1.1.7 OK for: @radix-ui/react-select@2.2.6 want: 1.1.7
165 silly placeDep ROOT @radix-ui/react-compose-refs@1.1.2 OK for: @radix-ui/react-select@2.2.6 want: 1.1.2
166 silly placeDep ROOT @radix-ui/react-context@1.1.2 OK for: @radix-ui/react-select@2.2.6 want: 1.1.2
167 silly placeDep ROOT @radix-ui/react-direction@1.1.1 OK for: @radix-ui/react-select@2.2.6 want: 1.1.1
168 silly placeDep ROOT @radix-ui/react-dismissable-layer@1.1.11 OK for: @radix-ui/react-select@2.2.6 want: 1.1.11
169 silly placeDep ROOT @radix-ui/react-focus-guards@1.1.3 OK for: @radix-ui/react-select@2.2.6 want: 1.1.3
170 silly placeDep ROOT @radix-ui/react-focus-scope@1.1.7 OK for: @radix-ui/react-select@2.2.6 want: 1.1.7
171 silly placeDep ROOT @radix-ui/react-id@1.1.1 OK for: @radix-ui/react-select@2.2.6 want: 1.1.1
172 silly placeDep ROOT @radix-ui/react-popper@1.2.8 OK for: @radix-ui/react-select@2.2.6 want: 1.2.8
173 silly placeDep ROOT @radix-ui/react-portal@1.1.9 OK for: @radix-ui/react-select@2.2.6 want: 1.1.9
174 silly placeDep node_modules/@radix-ui/react-select @radix-ui/react-primitive@2.1.3 OK for: @radix-ui/react-select@2.2.6 want: 2.1.3
175 silly placeDep node_modules/@radix-ui/react-select @radix-ui/react-slot@1.2.3 OK for: @radix-ui/react-select@2.2.6 want: 1.2.3
176 silly placeDep ROOT @radix-ui/react-use-callback-ref@1.1.1 OK for: @radix-ui/react-select@2.2.6 want: 1.1.1
177 silly placeDep ROOT @radix-ui/react-use-controllable-state@1.2.2 OK for: @radix-ui/react-select@2.2.6 want: 1.2.2
178 silly placeDep ROOT @radix-ui/react-use-layout-effect@1.1.1 OK for: @radix-ui/react-select@2.2.6 want: 1.1.1
179 silly placeDep ROOT @radix-ui/react-use-previous@1.1.1 OK for: @radix-ui/react-select@2.2.6 want: 1.1.1
180 silly placeDep ROOT @radix-ui/react-visually-hidden@1.2.3 OK for: @radix-ui/react-select@2.2.6 want: 1.2.3
181 silly placeDep ROOT aria-hidden@1.2.6 OK for: @radix-ui/react-select@2.2.6 want: ^1.2.4
182 silly placeDep ROOT react-remove-scroll@2.7.2 OK for: @radix-ui/react-select@2.2.6 want: ^2.6.3
183 silly fetch manifest @radix-ui/react-use-escape-keydown@1.1.1
184 silly packumentCache full:https://registry.npmjs.org/@radix-ui%2freact-use-escape-keydown cache-miss
185 silly fetch manifest @radix-ui/rect@1.1.1
186 silly packumentCache full:https://registry.npmjs.org/@radix-ui%2frect cache-miss
187 silly fetch manifest @radix-ui/react-arrow@1.1.7
188 silly packumentCache full:https://registry.npmjs.org/@radix-ui%2freact-arrow cache-miss
189 silly fetch manifest @floating-ui/react-dom@^2.0.0
190 silly packumentCache full:https://registry.npmjs.org/@floating-ui%2freact-dom cache-miss
191 silly fetch manifest @radix-ui/react-use-rect@1.1.1
192 silly packumentCache full:https://registry.npmjs.org/@radix-ui%2freact-use-rect cache-miss
193 silly fetch manifest @radix-ui/react-use-size@1.1.1
194 silly packumentCache full:https://registry.npmjs.org/@radix-ui%2freact-use-size cache-miss
195 silly fetch manifest @radix-ui/react-use-effect-event@0.0.2
196 silly packumentCache full:https://registry.npmjs.org/@radix-ui%2freact-use-effect-event cache-miss
197 http fetch GET 200 https://registry.npmjs.org/@radix-ui%2freact-use-escape-keydown 251ms (cache miss)
198 silly packumentCache full:https://registry.npmjs.org/@radix-ui%2freact-use-escape-keydown set size:undefined disposed:false
199 silly fetch manifest react-remove-scroll-bar@^2.3.7
200 silly packumentCache full:https://registry.npmjs.org/react-remove-scroll-bar cache-miss
201 http fetch GET 200 https://registry.npmjs.org/@floating-ui%2freact-dom 252ms (cache miss)
202 silly packumentCache full:https://registry.npmjs.org/@floating-ui%2freact-dom set size:undefined disposed:false
203 silly fetch manifest react-style-singleton@^2.2.3
204 silly packumentCache full:https://registry.npmjs.org/react-style-singleton cache-miss
205 http fetch GET 200 https://registry.npmjs.org/@radix-ui%2frect 272ms (cache miss)
206 silly packumentCache full:https://registry.npmjs.org/@radix-ui%2frect set size:undefined disposed:false
207 silly fetch manifest use-callback-ref@^1.3.3
208 silly packumentCache full:https://registry.npmjs.org/use-callback-ref cache-miss
209 http fetch GET 200 https://registry.npmjs.org/@radix-ui%2freact-use-rect 284ms (cache miss)
210 silly packumentCache full:https://registry.npmjs.org/@radix-ui%2freact-use-rect set size:undefined disposed:false
211 silly fetch manifest use-sidecar@^1.1.3
212 silly packumentCache full:https://registry.npmjs.org/use-sidecar cache-miss
213 http fetch GET 200 https://registry.npmjs.org/@radix-ui%2freact-use-effect-event 450ms (cache miss)
214 silly packumentCache full:https://registry.npmjs.org/@radix-ui%2freact-use-effect-event set size:undefined disposed:false
215 http fetch GET 200 https://registry.npmjs.org/react-style-singleton 199ms (cache miss)
216 silly packumentCache full:https://registry.npmjs.org/react-style-singleton set size:undefined disposed:false
217 http fetch GET 200 https://registry.npmjs.org/react-remove-scroll-bar 227ms (cache miss)
218 silly packumentCache full:https://registry.npmjs.org/react-remove-scroll-bar set size:undefined disposed:false
219 http fetch GET 200 https://registry.npmjs.org/@radix-ui%2freact-arrow 566ms (cache miss)
220 silly packumentCache full:https://registry.npmjs.org/@radix-ui%2freact-arrow set size:undefined disposed:false
221 http fetch GET 200 https://registry.npmjs.org/@radix-ui%2freact-use-size 812ms (cache miss)
222 silly packumentCache full:https://registry.npmjs.org/@radix-ui%2freact-use-size set size:undefined disposed:false
223 http fetch GET 200 https://registry.npmjs.org/use-callback-ref 589ms (cache miss)
224 silly packumentCache full:https://registry.npmjs.org/use-callback-ref set size:undefined disposed:false
225 http fetch GET 200 https://registry.npmjs.org/use-sidecar 581ms (cache miss)
226 silly packumentCache full:https://registry.npmjs.org/use-sidecar set size:undefined disposed:false
227 silly placeDep node_modules/@radix-ui/react-collection @radix-ui/react-primitive@2.1.3 OK for: @radix-ui/react-collection@1.1.7 want: 2.1.3
228 silly placeDep node_modules/@radix-ui/react-collection @radix-ui/react-slot@1.2.3 OK for: @radix-ui/react-collection@1.1.7 want: 1.2.3
229 silly placeDep node_modules/@radix-ui/react-dismissable-layer @radix-ui/react-primitive@2.1.3 OK for: @radix-ui/react-dismissable-layer@1.1.11 want: 2.1.3
230 silly placeDep ROOT @radix-ui/react-use-escape-keydown@1.1.1 OK for: @radix-ui/react-dismissable-layer@1.1.11 want: 1.1.1
231 silly placeDep node_modules/@radix-ui/react-focus-scope @radix-ui/react-primitive@2.1.3 OK for: @radix-ui/react-focus-scope@1.1.7 want: 2.1.3
232 silly placeDep ROOT @floating-ui/react-dom@2.1.7 OK for: @radix-ui/react-popper@1.2.8 want: ^2.0.0
233 silly placeDep ROOT @radix-ui/react-arrow@1.1.7 OK for: @radix-ui/react-popper@1.2.8 want: 1.1.7
234 silly placeDep node_modules/@radix-ui/react-popper @radix-ui/react-primitive@2.1.3 OK for: @radix-ui/react-popper@1.2.8 want: 2.1.3
235 silly placeDep ROOT @radix-ui/react-use-rect@1.1.1 OK for: @radix-ui/react-popper@1.2.8 want: 1.1.1
236 silly placeDep ROOT @radix-ui/react-use-size@1.1.1 OK for: @radix-ui/react-popper@1.2.8 want: 1.1.1
237 silly placeDep ROOT @radix-ui/rect@1.1.1 OK for: @radix-ui/react-popper@1.2.8 want: 1.1.1
238 silly fetch manifest @floating-ui/dom@^1.7.5
239 silly packumentCache full:https://registry.npmjs.org/@floating-ui%2fdom cache-miss
240 http fetch GET 200 https://registry.npmjs.org/@floating-ui%2fdom 75ms (cache miss)
241 silly packumentCache full:https://registry.npmjs.org/@floating-ui%2fdom set size:undefined disposed:false
242 silly placeDep ROOT @floating-ui/dom@1.7.5 OK for: @floating-ui/react-dom@2.1.7 want: ^1.7.5
243 silly fetch manifest @floating-ui/core@^1.7.4
244 silly packumentCache full:https://registry.npmjs.org/@floating-ui%2fcore cache-miss
245 silly fetch manifest @floating-ui/utils@^0.2.10
246 silly packumentCache full:https://registry.npmjs.org/@floating-ui%2futils cache-miss
247 http fetch GET 200 https://registry.npmjs.org/@floating-ui%2futils 291ms (cache miss)
248 silly packumentCache full:https://registry.npmjs.org/@floating-ui%2futils set size:undefined disposed:false
249 http fetch GET 200 https://registry.npmjs.org/@floating-ui%2fcore 599ms (cache miss)
250 silly packumentCache full:https://registry.npmjs.org/@floating-ui%2fcore set size:undefined disposed:false
251 silly placeDep ROOT @floating-ui/core@1.7.4 OK for: @floating-ui/dom@1.7.5 want: ^1.7.4
252 silly placeDep ROOT @floating-ui/utils@0.2.10 OK for: @floating-ui/dom@1.7.5 want: ^0.2.10
253 silly placeDep node_modules/@radix-ui/react-arrow @radix-ui/react-primitive@2.1.3 OK for: @radix-ui/react-arrow@1.1.7 want: 2.1.3
254 silly placeDep node_modules/@radix-ui/react-portal @radix-ui/react-primitive@2.1.3 OK for: @radix-ui/react-portal@1.1.9 want: 2.1.3
255 silly placeDep ROOT @radix-ui/react-use-effect-event@0.0.2 OK for: @radix-ui/react-use-controllable-state@1.2.2 want: 0.0.2
256 silly placeDep node_modules/@radix-ui/react-visually-hidden @radix-ui/react-primitive@2.1.3 OK for: @radix-ui/react-visually-hidden@1.2.3 want: 2.1.3
257 silly fetch manifest picomatch@^3 || ^4
258 silly packumentCache full:https://registry.npmjs.org/picomatch cache-miss
259 http fetch GET 200 https://registry.npmjs.org/picomatch 44ms (cache miss)
260 silly packumentCache full:https://registry.npmjs.org/picomatch set size:undefined disposed:false
261 silly placeDep ROOT picomatch@4.0.3 REPLACE for: fdir@6.5.0 want: ^3 || ^4
262 silly fetch manifest picomatch@^2.0.4
263 silly packumentCache full:https://registry.npmjs.org/picomatch cache-miss
264 http cache https://registry.npmjs.org/picomatch 2ms (cache hit)
265 silly packumentCache full:https://registry.npmjs.org/picomatch set size:118818 disposed:false
266 silly placeDep node_modules/anymatch picomatch@2.3.1 OK for: anymatch@3.1.3 want: ^2.0.4
267 silly fetch manifest react@^16.5.1 || ^17.0.0 || ^18.0.0
268 silly packumentCache full:https://registry.npmjs.org/react cache-miss
269 http cache https://registry.npmjs.org/react 10ms (cache hit)
270 silly packumentCache full:https://registry.npmjs.org/react set size:6484332 disposed:false
271 verbose stack Error: could not resolve
271 verbose stack     at PlaceDep.failPeerConflict (/opt/homebrew/lib/node_modules/npm/node_modules/@npmcli/arborist/lib/place-dep.js:503:25)
271 verbose stack     at new PlaceDep (/opt/homebrew/lib/node_modules/npm/node_modules/@npmcli/arborist/lib/place-dep.js:157:21)
271 verbose stack     at #buildDepStep (/opt/homebrew/lib/node_modules/npm/node_modules/@npmcli/arborist/lib/arborist/build-ideal-tree.js:932:18)
271 verbose stack     at async Arborist.buildIdealTree (/opt/homebrew/lib/node_modules/npm/node_modules/@npmcli/arborist/lib/arborist/build-ideal-tree.js:170:7)
271 verbose stack     at async Promise.all (index 1)
271 verbose stack     at async Arborist.reify (/opt/homebrew/lib/node_modules/npm/node_modules/@npmcli/arborist/lib/arborist/reify.js:110:5)
271 verbose stack     at async Install.exec (/opt/homebrew/lib/node_modules/npm/lib/commands/install.js:151:5)
271 verbose stack     at async Npm.exec (/opt/homebrew/lib/node_modules/npm/lib/npm.js:208:9)
271 verbose stack     at async module.exports (/opt/homebrew/lib/node_modules/npm/lib/cli/entry.js:67:5)
272 error code ERESOLVE
273 error ERESOLVE could not resolve
274 error
275 error While resolving: lucide-react@0.330.0
275 error Found: react@19.2.4
275 error node_modules/react
275 error   peer react@"^18.2.0 || 19.0.0-rc-de68d2f4-20241204 || ^19.0.0" from next@16.1.6
275 error   node_modules/next
275 error     next@"latest" from the root project
275 error   peer react@"^19.2.4" from react-dom@19.2.4
275 error   node_modules/react-dom
275 error     peer react-dom@"^18.2.0 || 19.0.0-rc-de68d2f4-20241204 || ^19.0.0" from next@16.1.6
275 error     node_modules/next
275 error       next@"latest" from the root project
275 error     react-dom@"latest" from the root project
275 error     19 more (@radix-ui/react-label, @radix-ui/react-select, ...)
275 error   38 more (styled-jsx, the root project, @radix-ui/react-label, ...)
275 error
275 error Could not resolve dependency:
275 error peer react@"^16.5.1 || ^17.0.0 || ^18.0.0" from lucide-react@0.330.0
275 error node_modules/lucide-react
275 error   lucide-react@"^0.330.0" from the root project
275 error
275 error Conflicting peer dependency: react@18.3.1
275 error node_modules/react
275 error   peer react@"^16.5.1 || ^17.0.0 || ^18.0.0" from lucide-react@0.330.0
275 error   node_modules/lucide-react
275 error     lucide-react@"^0.330.0" from the root project
275 error
275 error Fix the upstream dependency conflict, or retry
275 error this command with --force or --legacy-peer-deps
275 error to accept an incorrect (and potentially broken) dependency resolution.
276 error
276 error
276 error For a full report see:
276 error /Users/juliusrannersberger/Desktop/Flatcontroll/wg-putzplan/npm-cache/_logs/2026-02-15T18_38_28_056Z-eresolve-report.txt
277 silly unfinished npm timer reify 1771180708324
278 silly unfinished npm timer reify:loadTrees 1771180708324
279 silly unfinished npm timer idealTree:buildDeps 1771180708358
280 silly unfinished npm timer idealTree:node_modules/lucide-react 1771180715697
281 verbose cwd /Users/juliusrannersberger/Desktop/Flatcontroll/wg-putzplan
282 verbose os Darwin 25.3.0
283 verbose node v25.6.1
284 verbose npm  v11.9.0
285 notice
285 notice New minor version of npm available! 11.9.0 -> 11.10.0
285 notice Changelog: https://github.com/npm/cli/releases/tag/v11.10.0
285 notice To update run: npm install -g npm@11.10.0
285 notice  { force: true, Symbol(proc-log.meta): true }
286 verbose exit 1
287 verbose code 1
288 error A complete log of this run can be found in: /Users/juliusrannersberger/Desktop/Flatcontroll/wg-putzplan/npm-cache/_logs/2026-02-15T18_38_28_056Z-debug-0.log
