0 verbose cli /opt/homebrew/Cellar/node/25.6.1/bin/node /opt/homebrew/bin/npm
1 info using npm@11.9.0
2 info using node@v25.6.1
3 silly config load:file:/opt/homebrew/lib/node_modules/npm/npmrc
4 silly config load:file:/Users/juliusrannersberger/Desktop/Flatcontroll/wg-putzplan/.npmrc
5 silly config load:file:/Users/juliusrannersberger/.npmrc
6 silly config load:file:/opt/homebrew/etc/npmrc
7 verbose title npm install @radix-ui/react-label @radix-ui/react-select @radix-ui/react-slot class-variance-authority date-fns
8 verbose argv "install" "--cache" "./npm-cache" "--legacy-peer-deps" "@radix-ui/react-label" "@radix-ui/react-select" "@radix-ui/react-slot" "class-variance-authority" "date-fns"
9 verbose logfile logs-max:10 dir:/Users/juliusrannersberger/Desktop/Flatcontroll/wg-putzplan/npm-cache/_logs/2026-02-15T18_38_44_698Z-
10 verbose logfile /Users/juliusrannersberger/Desktop/Flatcontroll/wg-putzplan/npm-cache/_logs/2026-02-15T18_38_44_698Z-debug-0.log
11 silly logfile done cleaning log files
12 silly packumentCache heap:2348810240 maxSize:587202560 maxEntrySize:293601280
13 verbose shrinkwrap failed to load node_modules/.package-lock.json out of date, updated: node_modules
14 silly idealTree buildDeps
15 silly fetch manifest @radix-ui/react-label@*
16 silly packumentCache full:https://registry.npmjs.org/@radix-ui%2freact-label cache-miss
17 http cache https://registry.npmjs.org/@radix-ui%2freact-label 13ms (cache hit)
18 silly packumentCache full:https://registry.npmjs.org/@radix-ui%2freact-label set size:622756 disposed:false
19 silly fetch manifest @radix-ui/react-select@*
20 silly packumentCache full:https://registry.npmjs.org/@radix-ui%2freact-select cache-miss
21 http cache https://registry.npmjs.org/@radix-ui%2freact-select 32ms (cache hit)
22 silly packumentCache full:https://registry.npmjs.org/@radix-ui%2freact-select set size:940573 disposed:false
23 silly fetch manifest @radix-ui/react-slot@*
24 silly packumentCache full:https://registry.npmjs.org/@radix-ui%2freact-slot cache-miss
25 http cache https://registry.npmjs.org/@radix-ui%2freact-slot 8ms (cache hit)
26 silly packumentCache full:https://registry.npmjs.org/@radix-ui%2freact-slot set size:387271 disposed:false
27 silly fetch manifest class-variance-authority@*
28 silly packumentCache full:https://registry.npmjs.org/class-variance-authority cache-miss
29 http cache https://registry.npmjs.org/class-variance-authority 1ms (cache hit)
30 silly packumentCache full:https://registry.npmjs.org/class-variance-authority set size:96388 disposed:false
31 silly fetch manifest date-fns@*
32 silly packumentCache full:https://registry.npmjs.org/date-fns cache-miss
33 http cache https://registry.npmjs.org/date-fns 4ms (cache hit)
34 silly packumentCache full:https://registry.npmjs.org/date-fns set size:3443779 disposed:false
35 silly placeDep ROOT @radix-ui/react-label@2.1.8 OK for: wg-putzplan@1.0.0 want: *
36 silly placeDep ROOT @radix-ui/react-select@2.2.6 OK for: wg-putzplan@1.0.0 want: *
37 silly placeDep ROOT @radix-ui/react-slot@1.2.4 OK for: wg-putzplan@1.0.0 want: *
38 silly placeDep ROOT class-variance-authority@0.7.1 OK for: wg-putzplan@1.0.0 want: *
39 silly placeDep ROOT date-fns@4.1.0 OK for: wg-putzplan@1.0.0 want: *
40 silly fetch manifest @radix-ui/react-primitive@2.1.4
41 silly packumentCache full:https://registry.npmjs.org/@radix-ui%2freact-primitive cache-miss
42 silly fetch manifest aria-hidden@^1.2.4
43 silly packumentCache full:https://registry.npmjs.org/aria-hidden cache-miss
44 silly fetch manifest @radix-ui/number@1.1.1
45 silly packumentCache full:https://registry.npmjs.org/@radix-ui%2fnumber cache-miss
46 silly fetch manifest @radix-ui/react-id@1.1.1
47 silly packumentCache full:https://registry.npmjs.org/@radix-ui%2freact-id cache-miss
48 silly fetch manifest @radix-ui/primitive@1.1.3
49 silly packumentCache full:https://registry.npmjs.org/@radix-ui%2fprimitive cache-miss
50 silly fetch manifest react-remove-scroll@^2.6.3
51 silly packumentCache full:https://registry.npmjs.org/react-remove-scroll cache-miss
52 silly fetch manifest @radix-ui/react-slot@1.2.3
53 silly packumentCache full:https://registry.npmjs.org/@radix-ui%2freact-slot cache-hit
54 silly fetch manifest @radix-ui/react-popper@1.2.8
55 silly packumentCache full:https://registry.npmjs.org/@radix-ui%2freact-popper cache-miss
56 http cache https://registry.npmjs.org/@radix-ui%2fnumber 4ms (cache hit)
57 silly packumentCache full:https://registry.npmjs.org/@radix-ui%2fnumber set size:96484 disposed:false
58 silly fetch manifest @radix-ui/react-portal@1.1.9
59 silly packumentCache full:https://registry.npmjs.org/@radix-ui%2freact-portal cache-miss
60 http cache https://registry.npmjs.org/@radix-ui%2freact-popper 5ms (cache hit)
61 silly packumentCache full:https://registry.npmjs.org/@radix-ui%2freact-popper set size:766112 disposed:false
62 silly fetch manifest @radix-ui/react-context@1.1.2
63 silly packumentCache full:https://registry.npmjs.org/@radix-ui%2freact-context cache-miss
64 http cache https://registry.npmjs.org/aria-hidden 9ms (cache hit)
65 silly packumentCache full:https://registry.npmjs.org/aria-hidden set size:40391 disposed:false
66 silly fetch manifest @radix-ui/react-direction@1.1.1
67 silly packumentCache full:https://registry.npmjs.org/@radix-ui%2freact-direction cache-miss
68 http cache https://registry.npmjs.org/@radix-ui%2freact-primitive 10ms (cache hit)
69 silly packumentCache full:https://registry.npmjs.org/@radix-ui%2freact-primitive set size:595809 disposed:false
70 silly fetch manifest @radix-ui/react-primitive@2.1.3
71 silly packumentCache full:https://registry.npmjs.org/@radix-ui%2freact-primitive cache-hit
72 silly fetch manifest @radix-ui/react-collection@1.1.7
73 silly packumentCache full:https://registry.npmjs.org/@radix-ui%2freact-collection cache-miss
74 http cache https://registry.npmjs.org/react-remove-scroll 13ms (cache hit)
75 silly packumentCache full:https://registry.npmjs.org/react-remove-scroll set size:147112 disposed:false
76 silly fetch manifest @radix-ui/react-focus-scope@1.1.7
77 silly packumentCache full:https://registry.npmjs.org/@radix-ui%2freact-focus-scope cache-miss
78 http cache https://registry.npmjs.org/@radix-ui%2freact-id 14ms (cache hit)
79 silly packumentCache full:https://registry.npmjs.org/@radix-ui%2freact-id set size:325405 disposed:false
80 silly fetch manifest @radix-ui/react-compose-refs@1.1.2
81 silly packumentCache full:https://registry.npmjs.org/@radix-ui%2freact-compose-refs cache-miss
82 http cache https://registry.npmjs.org/@radix-ui%2fprimitive 16ms (cache hit)
83 silly packumentCache full:https://registry.npmjs.org/@radix-ui%2fprimitive set size:164617 disposed:false
84 silly fetch manifest @radix-ui/react-focus-guards@1.1.3
85 silly packumentCache full:https://registry.npmjs.org/@radix-ui%2freact-focus-guards cache-miss
86 http cache https://registry.npmjs.org/@radix-ui%2freact-portal 15ms (cache hit)
87 silly packumentCache full:https://registry.npmjs.org/@radix-ui%2freact-portal set size:667939 disposed:false
88 silly fetch manifest @radix-ui/react-use-previous@1.1.1
89 silly packumentCache full:https://registry.npmjs.org/@radix-ui%2freact-use-previous cache-miss
90 http cache https://registry.npmjs.org/@radix-ui%2freact-focus-scope 8ms (cache hit)
91 silly packumentCache full:https://registry.npmjs.org/@radix-ui%2freact-focus-scope set size:643933 disposed:false
92 silly fetch manifest @radix-ui/react-visually-hidden@1.2.3
93 silly packumentCache full:https://registry.npmjs.org/@radix-ui%2freact-visually-hidden cache-miss
94 http cache https://registry.npmjs.org/@radix-ui%2freact-context 17ms (cache hit)
95 silly packumentCache full:https://registry.npmjs.org/@radix-ui%2freact-context set size:266557 disposed:false
96 silly fetch manifest @radix-ui/react-use-callback-ref@1.1.1
97 silly packumentCache full:https://registry.npmjs.org/@radix-ui%2freact-use-callback-ref cache-miss
98 http cache https://registry.npmjs.org/@radix-ui%2freact-collection 14ms (cache hit)
99 silly packumentCache full:https://registry.npmjs.org/@radix-ui%2freact-collection set size:630833 disposed:false
100 silly fetch manifest @radix-ui/react-dismissable-layer@1.1.11
101 silly packumentCache full:https://registry.npmjs.org/@radix-ui%2freact-dismissable-layer cache-miss
102 http cache https://registry.npmjs.org/@radix-ui%2freact-direction 20ms (cache hit)
103 silly packumentCache full:https://registry.npmjs.org/@radix-ui%2freact-direction set size:202714 disposed:false
104 silly fetch manifest @radix-ui/react-use-layout-effect@1.1.1
105 silly packumentCache full:https://registry.npmjs.org/@radix-ui%2freact-use-layout-effect cache-miss
106 http cache https://registry.npmjs.org/@radix-ui%2freact-compose-refs 14ms (cache hit)
107 silly packumentCache full:https://registry.npmjs.org/@radix-ui%2freact-compose-refs set size:219425 disposed:false
108 silly fetch manifest @radix-ui/react-use-controllable-state@1.2.2
109 silly packumentCache full:https://registry.npmjs.org/@radix-ui%2freact-use-controllable-state cache-miss
110 http cache https://registry.npmjs.org/@radix-ui%2freact-focus-guards 14ms (cache hit)
111 silly packumentCache full:https://registry.npmjs.org/@radix-ui%2freact-focus-guards set size:284533 disposed:false
112 http cache https://registry.npmjs.org/@radix-ui%2freact-visually-hidden 11ms (cache hit)
113 silly packumentCache full:https://registry.npmjs.org/@radix-ui%2freact-visually-hidden set size:593995 disposed:false
114 http cache https://registry.npmjs.org/@radix-ui%2freact-dismissable-layer 9ms (cache hit)
115 silly packumentCache full:https://registry.npmjs.org/@radix-ui%2freact-dismissable-layer set size:803119 disposed:false
116 http cache https://registry.npmjs.org/@radix-ui%2freact-use-previous 21ms (cache hit)
117 silly packumentCache full:https://registry.npmjs.org/@radix-ui%2freact-use-previous set size:285605 disposed:false
118 http cache https://registry.npmjs.org/@radix-ui%2freact-use-callback-ref 19ms (cache hit)
119 silly packumentCache full:https://registry.npmjs.org/@radix-ui%2freact-use-callback-ref set size:212985 disposed:false
120 http cache https://registry.npmjs.org/@radix-ui%2freact-use-layout-effect 16ms (cache hit)
121 silly packumentCache full:https://registry.npmjs.org/@radix-ui%2freact-use-layout-effect set size:213388 disposed:false
122 http cache https://registry.npmjs.org/@radix-ui%2freact-use-controllable-state 16ms (cache hit)
123 silly packumentCache full:https://registry.npmjs.org/@radix-ui%2freact-use-controllable-state set size:296080 disposed:false
124 silly placeDep ROOT @radix-ui/react-primitive@2.1.4 OK for: @radix-ui/react-label@2.1.8 want: 2.1.4
125 silly placeDep ROOT @radix-ui/number@1.1.1 OK for: @radix-ui/react-select@2.2.6 want: 1.1.1
126 silly placeDep ROOT @radix-ui/primitive@1.1.3 OK for: @radix-ui/react-select@2.2.6 want: 1.1.3
127 silly placeDep ROOT @radix-ui/react-collection@1.1.7 OK for: @radix-ui/react-select@2.2.6 want: 1.1.7
128 silly placeDep ROOT @radix-ui/react-compose-refs@1.1.2 OK for: @radix-ui/react-select@2.2.6 want: 1.1.2
129 silly placeDep ROOT @radix-ui/react-context@1.1.2 OK for: @radix-ui/react-select@2.2.6 want: 1.1.2
130 silly placeDep ROOT @radix-ui/react-direction@1.1.1 OK for: @radix-ui/react-select@2.2.6 want: 1.1.1
131 silly placeDep ROOT @radix-ui/react-dismissable-layer@1.1.11 OK for: @radix-ui/react-select@2.2.6 want: 1.1.11
132 silly placeDep ROOT @radix-ui/react-focus-guards@1.1.3 OK for: @radix-ui/react-select@2.2.6 want: 1.1.3
133 silly placeDep ROOT @radix-ui/react-focus-scope@1.1.7 OK for: @radix-ui/react-select@2.2.6 want: 1.1.7
134 silly placeDep ROOT @radix-ui/react-id@1.1.1 OK for: @radix-ui/react-select@2.2.6 want: 1.1.1
135 silly placeDep ROOT @radix-ui/react-popper@1.2.8 OK for: @radix-ui/react-select@2.2.6 want: 1.2.8
136 silly placeDep ROOT @radix-ui/react-portal@1.1.9 OK for: @radix-ui/react-select@2.2.6 want: 1.1.9
137 silly placeDep node_modules/@radix-ui/react-select @radix-ui/react-primitive@2.1.3 OK for: @radix-ui/react-select@2.2.6 want: 2.1.3
138 silly placeDep node_modules/@radix-ui/react-select @radix-ui/react-slot@1.2.3 OK for: @radix-ui/react-select@2.2.6 want: 1.2.3
139 silly placeDep ROOT @radix-ui/react-use-callback-ref@1.1.1 OK for: @radix-ui/react-select@2.2.6 want: 1.1.1
140 silly placeDep ROOT @radix-ui/react-use-controllable-state@1.2.2 OK for: @radix-ui/react-select@2.2.6 want: 1.2.2
141 silly placeDep ROOT @radix-ui/react-use-layout-effect@1.1.1 OK for: @radix-ui/react-select@2.2.6 want: 1.1.1
142 silly placeDep ROOT @radix-ui/react-use-previous@1.1.1 OK for: @radix-ui/react-select@2.2.6 want: 1.1.1
143 silly placeDep ROOT @radix-ui/react-visually-hidden@1.2.3 OK for: @radix-ui/react-select@2.2.6 want: 1.2.3
144 silly placeDep ROOT aria-hidden@1.2.6 OK for: @radix-ui/react-select@2.2.6 want: ^1.2.4
145 silly placeDep ROOT react-remove-scroll@2.7.2 OK for: @radix-ui/react-select@2.2.6 want: ^2.6.3
146 silly fetch manifest @radix-ui/react-use-escape-keydown@1.1.1
147 silly packumentCache full:https://registry.npmjs.org/@radix-ui%2freact-use-escape-keydown cache-miss
148 silly fetch manifest @radix-ui/rect@1.1.1
149 silly packumentCache full:https://registry.npmjs.org/@radix-ui%2frect cache-miss
150 silly fetch manifest @radix-ui/react-arrow@1.1.7
151 silly packumentCache full:https://registry.npmjs.org/@radix-ui%2freact-arrow cache-miss
152 silly fetch manifest @floating-ui/react-dom@^2.0.0
153 silly packumentCache full:https://registry.npmjs.org/@floating-ui%2freact-dom cache-miss
154 silly fetch manifest @radix-ui/react-use-rect@1.1.1
155 silly packumentCache full:https://registry.npmjs.org/@radix-ui%2freact-use-rect cache-miss
156 silly fetch manifest @radix-ui/react-use-size@1.1.1
157 silly packumentCache full:https://registry.npmjs.org/@radix-ui%2freact-use-size cache-miss
158 silly fetch manifest @radix-ui/react-use-effect-event@0.0.2
159 silly packumentCache full:https://registry.npmjs.org/@radix-ui%2freact-use-effect-event cache-miss
160 http cache https://registry.npmjs.org/@floating-ui%2freact-dom 4ms (cache hit)
161 silly packumentCache full:https://registry.npmjs.org/@floating-ui%2freact-dom set size:161986 disposed:false
162 silly fetch manifest react-remove-scroll-bar@^2.3.7
163 silly packumentCache full:https://registry.npmjs.org/react-remove-scroll-bar cache-miss
164 http cache https://registry.npmjs.org/@radix-ui%2freact-use-escape-keydown 6ms (cache hit)
165 silly packumentCache full:https://registry.npmjs.org/@radix-ui%2freact-use-escape-keydown set size:278235 disposed:false
166 silly fetch manifest react-style-singleton@^2.2.3
167 silly packumentCache full:https://registry.npmjs.org/react-style-singleton cache-miss
168 http cache https://registry.npmjs.org/@radix-ui%2freact-use-effect-event 6ms (cache hit)
169 silly packumentCache full:https://registry.npmjs.org/@radix-ui%2freact-use-effect-event set size:23349 disposed:false
170 silly fetch manifest use-callback-ref@^1.3.3
171 silly packumentCache full:https://registry.npmjs.org/use-callback-ref cache-miss
172 http cache https://registry.npmjs.org/@radix-ui%2frect 8ms (cache hit)
173 silly packumentCache full:https://registry.npmjs.org/@radix-ui%2frect set size:101360 disposed:false
174 silly fetch manifest use-sidecar@^1.1.3
175 silly packumentCache full:https://registry.npmjs.org/use-sidecar cache-miss
176 http cache https://registry.npmjs.org/@radix-ui%2freact-use-rect 9ms (cache hit)
177 silly packumentCache full:https://registry.npmjs.org/@radix-ui%2freact-use-rect set size:226040 disposed:false
178 http cache https://registry.npmjs.org/@radix-ui%2freact-arrow 11ms (cache hit)
179 silly packumentCache full:https://registry.npmjs.org/@radix-ui%2freact-arrow set size:584244 disposed:false
180 http cache https://registry.npmjs.org/@radix-ui%2freact-use-size 12ms (cache hit)
181 silly packumentCache full:https://registry.npmjs.org/@radix-ui%2freact-use-size set size:272110 disposed:false
182 http cache https://registry.npmjs.org/react-remove-scroll-bar 10ms (cache hit)
183 silly packumentCache full:https://registry.npmjs.org/react-remove-scroll-bar set size:66434 disposed:false
184 http cache https://registry.npmjs.org/use-sidecar 7ms (cache hit)
185 silly packumentCache full:https://registry.npmjs.org/use-sidecar set size:58998 disposed:false
186 http cache https://registry.npmjs.org/react-style-singleton 10ms (cache hit)
187 silly packumentCache full:https://registry.npmjs.org/react-style-singleton set size:33682 disposed:false
188 http cache https://registry.npmjs.org/use-callback-ref 9ms (cache hit)
189 silly packumentCache full:https://registry.npmjs.org/use-callback-ref set size:47599 disposed:false
190 silly placeDep node_modules/@radix-ui/react-collection @radix-ui/react-primitive@2.1.3 OK for: @radix-ui/react-collection@1.1.7 want: 2.1.3
191 silly placeDep node_modules/@radix-ui/react-collection @radix-ui/react-slot@1.2.3 OK for: @radix-ui/react-collection@1.1.7 want: 1.2.3
192 silly placeDep node_modules/@radix-ui/react-dismissable-layer @radix-ui/react-primitive@2.1.3 OK for: @radix-ui/react-dismissable-layer@1.1.11 want: 2.1.3
193 silly placeDep ROOT @radix-ui/react-use-escape-keydown@1.1.1 OK for: @radix-ui/react-dismissable-layer@1.1.11 want: 1.1.1
194 silly placeDep node_modules/@radix-ui/react-focus-scope @radix-ui/react-primitive@2.1.3 OK for: @radix-ui/react-focus-scope@1.1.7 want: 2.1.3
195 silly placeDep ROOT @floating-ui/react-dom@2.1.7 OK for: @radix-ui/react-popper@1.2.8 want: ^2.0.0
196 silly placeDep ROOT @radix-ui/react-arrow@1.1.7 OK for: @radix-ui/react-popper@1.2.8 want: 1.1.7
197 silly placeDep node_modules/@radix-ui/react-popper @radix-ui/react-primitive@2.1.3 OK for: @radix-ui/react-popper@1.2.8 want: 2.1.3
198 silly placeDep ROOT @radix-ui/react-use-rect@1.1.1 OK for: @radix-ui/react-popper@1.2.8 want: 1.1.1
199 silly placeDep ROOT @radix-ui/react-use-size@1.1.1 OK for: @radix-ui/react-popper@1.2.8 want: 1.1.1
200 silly placeDep ROOT @radix-ui/rect@1.1.1 OK for: @radix-ui/react-popper@1.2.8 want: 1.1.1
201 silly fetch manifest @floating-ui/dom@^1.7.5
202 silly packumentCache full:https://registry.npmjs.org/@floating-ui%2fdom cache-miss
203 http cache https://registry.npmjs.org/@floating-ui%2fdom 1ms (cache hit)
204 silly packumentCache full:https://registry.npmjs.org/@floating-ui%2fdom set size:248610 disposed:false
205 silly placeDep ROOT @floating-ui/dom@1.7.5 OK for: @floating-ui/react-dom@2.1.7 want: ^1.7.5
206 silly fetch manifest @floating-ui/core@^1.7.4
207 silly packumentCache full:https://registry.npmjs.org/@floating-ui%2fcore cache-miss
208 silly fetch manifest @floating-ui/utils@^0.2.10
209 silly packumentCache full:https://registry.npmjs.org/@floating-ui%2futils cache-miss
210 http cache https://registry.npmjs.org/@floating-ui%2futils 1ms (cache hit)
211 silly packumentCache full:https://registry.npmjs.org/@floating-ui%2futils set size:48234 disposed:false
212 http cache https://registry.npmjs.org/@floating-ui%2fcore 3ms (cache hit)
213 silly packumentCache full:https://registry.npmjs.org/@floating-ui%2fcore set size:176509 disposed:false
214 silly placeDep ROOT @floating-ui/core@1.7.4 OK for: @floating-ui/dom@1.7.5 want: ^1.7.4
215 silly placeDep ROOT @floating-ui/utils@0.2.10 OK for: @floating-ui/dom@1.7.5 want: ^0.2.10
216 silly placeDep node_modules/@radix-ui/react-arrow @radix-ui/react-primitive@2.1.3 OK for: @radix-ui/react-arrow@1.1.7 want: 2.1.3
217 silly placeDep node_modules/@radix-ui/react-portal @radix-ui/react-primitive@2.1.3 OK for: @radix-ui/react-portal@1.1.9 want: 2.1.3
218 silly placeDep ROOT @radix-ui/react-use-effect-event@0.0.2 OK for: @radix-ui/react-use-controllable-state@1.2.2 want: 0.0.2
219 silly placeDep node_modules/@radix-ui/react-visually-hidden @radix-ui/react-primitive@2.1.3 OK for: @radix-ui/react-visually-hidden@1.2.3 want: 2.1.3
220 silly placeDep ROOT react-remove-scroll-bar@2.3.8 OK for: react-remove-scroll@2.7.2 want: ^2.3.7
221 silly placeDep ROOT react-style-singleton@2.2.3 OK for: react-remove-scroll@2.7.2 want: ^2.2.3
222 silly placeDep ROOT use-callback-ref@1.3.3 OK for: react-remove-scroll@2.7.2 want: ^1.3.3
223 silly placeDep ROOT use-sidecar@1.1.3 OK for: react-remove-scroll@2.7.2 want: ^1.1.3
224 silly fetch manifest react-style-singleton@^2.2.2
225 silly packumentCache full:https://registry.npmjs.org/react-style-singleton cache-hit
226 silly fetch manifest get-nonce@^1.0.0
227 silly packumentCache full:https://registry.npmjs.org/get-nonce cache-miss
228 silly fetch manifest detect-node-es@^1.1.0
229 silly packumentCache full:https://registry.npmjs.org/detect-node-es cache-miss
230 http fetch GET 200 https://registry.npmjs.org/get-nonce 165ms (cache miss)
231 silly packumentCache full:https://registry.npmjs.org/get-nonce set size:undefined disposed:false
232 http fetch GET 200 https://registry.npmjs.org/detect-node-es 340ms (cache miss)
233 silly packumentCache full:https://registry.npmjs.org/detect-node-es set size:undefined disposed:false
234 silly placeDep ROOT get-nonce@1.0.1 OK for: react-style-singleton@2.2.3 want: ^1.0.0
235 silly placeDep ROOT detect-node-es@1.1.0 OK for: use-sidecar@1.1.3 want: ^1.1.0
236 silly placeDep node_modules/@radix-ui/react-arrow @radix-ui/react-slot@1.2.3 OK for: @radix-ui/react-primitive@2.1.3 want: 1.2.3
237 silly placeDep node_modules/@radix-ui/react-dismissable-layer @radix-ui/react-slot@1.2.3 OK for: @radix-ui/react-primitive@2.1.3 want: 1.2.3
238 silly placeDep node_modules/@radix-ui/react-focus-scope @radix-ui/react-slot@1.2.3 OK for: @radix-ui/react-primitive@2.1.3 want: 1.2.3
239 silly placeDep node_modules/@radix-ui/react-popper @radix-ui/react-slot@1.2.3 OK for: @radix-ui/react-primitive@2.1.3 want: 1.2.3
240 silly placeDep node_modules/@radix-ui/react-portal @radix-ui/react-slot@1.2.3 OK for: @radix-ui/react-primitive@2.1.3 want: 1.2.3
241 silly placeDep node_modules/@radix-ui/react-visually-hidden @radix-ui/react-slot@1.2.3 OK for: @radix-ui/react-primitive@2.1.3 want: 1.2.3
242 silly reify moves {}
243 silly audit bulk request {
243 silly audit   '@alloc/quick-lru': [ '5.2.0' ],
243 silly audit   '@emnapi/runtime': [ '1.8.1' ],
243 silly audit   '@eslint-community/eslint-utils': [ '4.9.1' ],
243 silly audit   '@eslint-community/regexpp': [ '4.12.2' ],
243 silly audit   '@eslint/eslintrc': [ '2.1.4' ],
243 silly audit   '@eslint/js': [ '8.57.1' ],
243 silly audit   '@humanwhocodes/config-array': [ '0.13.0' ],
243 silly audit   '@humanwhocodes/module-importer': [ '1.0.1' ],
243 silly audit   '@humanwhocodes/object-schema': [ '2.0.3' ],
243 silly audit   '@img/colour': [ '1.0.0' ],
243 silly audit   '@img/sharp-darwin-arm64': [ '0.34.5' ],
243 silly audit   '@img/sharp-darwin-x64': [ '0.34.5' ],
243 silly audit   '@img/sharp-libvips-darwin-arm64': [ '1.2.4' ],
243 silly audit   '@img/sharp-libvips-darwin-x64': [ '1.2.4' ],
243 silly audit   '@img/sharp-libvips-linux-arm': [ '1.2.4' ],
243 silly audit   '@img/sharp-libvips-linux-arm64': [ '1.2.4' ],
243 silly audit   '@img/sharp-libvips-linux-ppc64': [ '1.2.4' ],
243 silly audit   '@img/sharp-libvips-linux-riscv64': [ '1.2.4' ],
243 silly audit   '@img/sharp-libvips-linux-s390x': [ '1.2.4' ],
243 silly audit   '@img/sharp-libvips-linux-x64': [ '1.2.4' ],
243 silly audit   '@img/sharp-libvips-linuxmusl-arm64': [ '1.2.4' ],
243 silly audit   '@img/sharp-libvips-linuxmusl-x64': [ '1.2.4' ],
243 silly audit   '@img/sharp-linux-arm': [ '0.34.5' ],
243 silly audit   '@img/sharp-linux-arm64': [ '0.34.5' ],
243 silly audit   '@img/sharp-linux-ppc64': [ '0.34.5' ],
243 silly audit   '@img/sharp-linux-riscv64': [ '0.34.5' ],
243 silly audit   '@img/sharp-linux-s390x': [ '0.34.5' ],
243 silly audit   '@img/sharp-linux-x64': [ '0.34.5' ],
243 silly audit   '@img/sharp-linuxmusl-arm64': [ '0.34.5' ],
243 silly audit   '@img/sharp-linuxmusl-x64': [ '0.34.5' ],
243 silly audit   '@img/sharp-wasm32': [ '0.34.5' ],
243 silly audit   '@img/sharp-win32-arm64': [ '0.34.5' ],
243 silly audit   '@img/sharp-win32-ia32': [ '0.34.5' ],
243 silly audit   '@img/sharp-win32-x64': [ '0.34.5' ],
243 silly audit   '@jridgewell/gen-mapping': [ '0.3.13' ],
243 silly audit   '@jridgewell/resolve-uri': [ '3.1.2' ],
243 silly audit   '@jridgewell/sourcemap-codec': [ '1.5.5' ],
243 silly audit   '@jridgewell/trace-mapping': [ '0.3.31' ],
243 silly audit   '@next/env': [ '16.1.6' ],
243 silly audit   '@next/swc-darwin-arm64': [ '16.1.6' ],
243 silly audit   '@next/swc-darwin-x64': [ '16.1.6' ],
243 silly audit   '@next/swc-linux-arm64-gnu': [ '16.1.6' ],
243 silly audit   '@next/swc-linux-arm64-musl': [ '16.1.6' ],
243 silly audit   '@next/swc-linux-x64-gnu': [ '16.1.6' ],
243 silly audit   '@next/swc-linux-x64-musl': [ '16.1.6' ],
243 silly audit   '@next/swc-win32-arm64-msvc': [ '16.1.6' ],
243 silly audit   '@next/swc-win32-x64-msvc': [ '16.1.6' ],
243 silly audit   '@nodelib/fs.scandir': [ '2.1.5' ],
243 silly audit   '@nodelib/fs.stat': [ '2.0.5' ],
243 silly audit   '@nodelib/fs.walk': [ '1.2.8' ],
243 silly audit   '@swc/helpers': [ '0.5.15' ],
243 silly audit   '@types/node': [ '20.19.33' ],
243 silly audit   '@types/prop-types': [ '15.7.15' ],
243 silly audit   '@types/react': [ '18.3.28' ],
243 silly audit   '@types/react-dom': [ '18.3.7' ],
243 silly audit   '@ungap/structured-clone': [ '1.3.0' ],
243 silly audit   acorn: [ '8.15.0' ],
243 silly audit   'acorn-jsx': [ '5.3.2' ],
243 silly audit   ajv: [ '6.12.6' ],
243 silly audit   'ansi-regex': [ '5.0.1' ],
243 silly audit   'ansi-styles': [ '4.3.0' ],
243 silly audit   'any-promise': [ '1.3.0' ],
243 silly audit   anymatch: [ '3.1.3' ],
243 silly audit   arg: [ '5.0.2' ],
243 silly audit   argparse: [ '2.0.1' ],
243 silly audit   autoprefixer: [ '10.4.17' ],
243 silly audit   'balanced-match': [ '1.0.2' ],
243 silly audit   'baseline-browser-mapping': [ '2.9.19' ],
243 silly audit   'binary-extensions': [ '2.3.0' ],
243 silly audit   'brace-expansion': [ '1.1.12' ],
243 silly audit   braces: [ '3.0.3' ],
243 silly audit   browserslist: [ '4.28.1' ],
243 silly audit   callsites: [ '3.1.0' ],
243 silly audit   'camelcase-css': [ '2.0.1' ],
243 silly audit   'caniuse-lite': [ '1.0.30001770' ],
243 silly audit   chalk: [ '4.1.2' ],
243 silly audit   chokidar: [ '3.6.0' ],
243 silly audit   'glob-parent': [ '5.1.2', '6.0.2' ],
243 silly audit   'client-only': [ '0.0.1' ],
243 silly audit   clsx: [ '2.1.1' ],
243 silly audit   'color-convert': [ '2.0.1' ],
243 silly audit   'color-name': [ '1.1.4' ],
243 silly audit   commander: [ '4.1.1' ],
243 silly audit   'concat-map': [ '0.0.1' ],
243 silly audit   'cross-spawn': [ '7.0.6' ],
243 silly audit   cssesc: [ '3.0.0' ],
243 silly audit   csstype: [ '3.2.3' ],
243 silly audit   debug: [ '4.4.3' ],
243 silly audit   'deep-is': [ '0.1.4' ],
243 silly audit   'detect-libc': [ '2.1.2' ],
243 silly audit   didyoumean: [ '1.2.2' ],
243 silly audit   dlv: [ '1.1.3' ],
243 silly audit   doctrine: [ '3.0.0' ],
243 silly audit   'electron-to-chromium': [ '1.5.286' ],
243 silly audit   escalade: [ '3.2.0' ],
243 silly audit   'escape-string-regexp': [ '4.0.0' ],
243 silly audit   eslint: [ '8.57.1' ],
243 silly audit   'eslint-scope': [ '7.2.2' ],
243 silly audit   'eslint-visitor-keys': [ '3.4.3' ],
243 silly audit   espree: [ '9.6.1' ],
243 silly audit   esquery: [ '1.7.0' ],
243 silly audit   esrecurse: [ '4.3.0' ],
243 silly audit   estraverse: [ '5.3.0' ],
243 silly audit   esutils: [ '2.0.3' ],
243 silly audit   'fast-deep-equal': [ '3.1.3' ],
243 silly audit   'fast-glob': [ '3.3.3' ],
243 silly audit   'fast-json-stable-stringify': [ '2.1.0' ],
243 silly audit   'fast-levenshtein': [ '2.0.6' ],
243 silly audit   fastq: [ '1.20.1' ],
243 silly audit   fdir: [ '6.5.0' ],
243 silly audit   'file-entry-cache': [ '6.0.1' ],
243 silly audit   'fill-range': [ '7.1.1' ],
243 silly audit   'find-up': [ '5.0.0' ],
243 silly audit   'flat-cache': [ '3.2.0' ],
243 silly audit   flatted: [ '3.3.3' ],
243 silly audit   'fraction.js': [ '4.3.7' ],
243 silly audit   'fs.realpath': [ '1.0.0' ],
243 silly audit   fsevents: [ '2.3.3' ],
243 silly audit   'function-bind': [ '1.1.2' ],
243 silly audit   glob: [ '7.2.3' ],
243 silly audit   globals: [ '13.24.0' ],
243 silly audit   graphemer: [ '1.4.0' ],
243 silly audit   'has-flag': [ '4.0.0' ],
243 silly audit   hasown: [ '2.0.2' ],
243 silly audit   ignore: [ '5.3.2' ],
243 silly audit   'import-fresh': [ '3.3.1' ],
243 silly audit   imurmurhash: [ '0.1.4' ],
243 silly audit   inflight: [ '1.0.6' ],
243 silly audit   inherits: [ '2.0.4' ],
243 silly audit   'is-binary-path': [ '2.1.0' ],
243 silly audit   'is-core-module': [ '2.16.1' ],
243 silly audit   'is-extglob': [ '2.1.1' ],
243 silly audit   'is-glob': [ '4.0.3' ],
243 silly audit   'is-number': [ '7.0.0' ],
243 silly audit   'is-path-inside': [ '3.0.3' ],
243 silly audit   isexe: [ '2.0.0' ],
243 silly audit   jiti: [ '1.21.7' ],
243 silly audit   'js-yaml': [ '4.1.1' ],
243 silly audit   'json-buffer': [ '3.0.1' ],
243 silly audit   'json-schema-traverse': [ '0.4.1' ],
243 silly audit   'json-stable-stringify-without-jsonify': [ '1.0.1' ],
243 silly audit   keyv: [ '4.5.4' ],
243 silly audit   levn: [ '0.4.1' ],
243 silly audit   lilconfig: [ '2.1.0', '3.1.3' ],
243 silly audit   'lines-and-columns': [ '1.2.4' ],
243 silly audit   'locate-path': [ '6.0.0' ],
243 silly audit   'lodash.merge': [ '4.6.2' ],
243 silly audit   'lucide-react': [ '0.330.0' ],
243 silly audit   merge2: [ '1.4.1' ],
243 silly audit   micromatch: [ '4.0.8' ],
243 silly audit   minimatch: [ '3.1.2' ],
243 silly audit   ms: [ '2.1.3' ],
243 silly audit   mz: [ '2.7.0' ],
243 silly audit   nanoid: [ '3.3.11' ],
243 silly audit   'natural-compare': [ '1.4.0' ],
243 silly audit   next: [ '16.1.6' ],
243 silly audit   postcss: [ '8.4.31', '8.4.35' ],
243 silly audit   'node-releases': [ '2.0.27' ],
243 silly audit   'normalize-path': [ '3.0.0' ],
243 silly audit   'normalize-range': [ '0.1.2' ],
243 silly audit   'object-assign': [ '4.1.1' ],
243 silly audit   'object-hash': [ '3.0.0' ],
243 silly audit   once: [ '1.4.0' ],
243 silly audit   optionator: [ '0.9.4' ],
243 silly audit   'p-limit': [ '3.1.0' ],
243 silly audit   'p-locate': [ '5.0.0' ],
243 silly audit   'parent-module': [ '1.0.1' ],
243 silly audit   'path-exists': [ '4.0.0' ],
243 silly audit   'path-is-absolute': [ '1.0.1' ],
243 silly audit   'path-key': [ '3.1.1' ],
243 silly audit   'path-parse': [ '1.0.7' ],
243 silly audit   picocolors: [ '1.1.1' ],
243 silly audit   picomatch: [ '2.3.1', '4.0.3' ],
243 silly audit   pify: [ '2.3.0' ],
243 silly audit   pirates: [ '4.0.7' ],
243 silly audit   'postcss-import': [ '15.1.0' ],
243 silly audit   'postcss-js': [ '4.1.0' ],
243 silly audit   'postcss-load-config': [ '4.0.2' ],
243 silly audit   'postcss-nested': [ '6.2.0' ],
243 silly audit   'postcss-selector-parser': [ '6.1.2' ],
243 silly audit   'postcss-value-parser': [ '4.2.0' ],
243 silly audit   'prelude-ls': [ '1.2.1' ],
243 silly audit   punycode: [ '2.3.1' ],
243 silly audit   'queue-microtask': [ '1.2.3' ],
243 silly audit   react: [ '19.2.4' ],
243 silly audit   'react-dom': [ '19.2.4' ],
243 silly audit   'read-cache': [ '1.0.0' ],
243 silly audit   readdirp: [ '3.6.0' ],
243 silly audit   resolve: [ '1.22.11' ],
243 silly audit   'resolve-from': [ '4.0.0' ],
243 silly audit   reusify: [ '1.1.0' ],
243 silly audit   rimraf: [ '3.0.2' ],
243 silly audit   'run-parallel': [ '1.2.0' ],
243 silly audit   scheduler: [ '0.27.0' ],
243 silly audit   semver: [ '7.7.4' ],
243 silly audit   sharp: [ '0.34.5' ],
243 silly audit   'shebang-command': [ '2.0.0' ],
243 silly audit   'shebang-regex': [ '3.0.0' ],
243 silly audit   'source-map-js': [ '1.2.1' ],
243 silly audit   'strip-ansi': [ '6.0.1' ],
243 silly audit   'strip-json-comments': [ '3.1.1' ],
243 silly audit   'styled-jsx': [ '5.1.6' ],
243 silly audit   sucrase: [ '3.35.1' ],
243 silly audit   'supports-color': [ '7.2.0' ],
243 silly audit   'supports-preserve-symlinks-flag': [ '1.0.0' ],
243 silly audit   'tailwind-merge': [ '2.6.1' ],
243 silly audit   tailwindcss: [ '3.4.1' ],
243 silly audit   'text-table': [ '0.2.0' ],
243 silly audit   thenify: [ '3.3.1' ],
243 silly audit   'thenify-all': [ '1.6.0' ],
243 silly audit   tinyglobby: [ '0.2.15' ],
243 silly audit   'to-regex-range': [ '5.0.1' ],
243 silly audit   'ts-interface-checker': [ '0.1.13' ],
243 silly audit   tslib: [ '2.8.1' ],
243 silly audit   'type-check': [ '0.4.0' ],
243 silly audit   'type-fest': [ '0.20.2' ],
243 silly audit   typescript: [ '5.9.3' ],
243 silly audit   'undici-types': [ '6.21.0' ],
243 silly audit   'update-browserslist-db': [ '1.2.3' ],
243 silly audit   'uri-js': [ '4.4.1' ],
243 silly audit   'util-deprecate': [ '1.0.2' ],
243 silly audit   which: [ '2.0.2' ],
243 silly audit   'word-wrap': [ '1.2.5' ],
243 silly audit   wrappy: [ '1.0.2' ],
243 silly audit   yaml: [ '2.8.2' ],
243 silly audit   'yocto-queue': [ '0.1.0' ],
243 silly audit   '@radix-ui/react-label': [ '2.1.8' ],
243 silly audit   '@radix-ui/react-select': [ '2.2.6' ],
243 silly audit   '@radix-ui/react-slot': [ '1.2.4', '1.2.3' ],
243 silly audit   'class-variance-authority': [ '0.7.1' ],
243 silly audit   'date-fns': [ '4.1.0' ],
243 silly audit   '@radix-ui/react-primitive': [ '2.1.4', '2.1.3' ],
243 silly audit   '@radix-ui/number': [ '1.1.1' ],
243 silly audit   '@radix-ui/primitive': [ '1.1.3' ],
243 silly audit   '@radix-ui/react-collection': [ '1.1.7' ],
243 silly audit   '@radix-ui/react-compose-refs': [ '1.1.2' ],
243 silly audit   '@radix-ui/react-context': [ '1.1.2' ],
243 silly audit   '@radix-ui/react-direction': [ '1.1.1' ],
243 silly audit   '@radix-ui/react-dismissable-layer': [ '1.1.11' ],
243 silly audit   '@radix-ui/react-focus-guards': [ '1.1.3' ],
243 silly audit   '@radix-ui/react-focus-scope': [ '1.1.7' ],
243 silly audit   '@radix-ui/react-id': [ '1.1.1' ],
243 silly audit   '@radix-ui/react-popper': [ '1.2.8' ],
243 silly audit   '@radix-ui/react-portal': [ '1.1.9' ],
243 silly audit   '@radix-ui/react-use-callback-ref': [ '1.1.1' ],
243 silly audit   '@radix-ui/react-use-controllable-state': [ '1.2.2' ],
243 silly audit   '@radix-ui/react-use-layout-effect': [ '1.1.1' ],
243 silly audit   '@radix-ui/react-use-previous': [ '1.1.1' ],
243 silly audit   '@radix-ui/react-visually-hidden': [ '1.2.3' ],
243 silly audit   'aria-hidden': [ '1.2.6' ],
243 silly audit   'react-remove-scroll': [ '2.7.2' ],
243 silly audit   '@radix-ui/react-use-escape-keydown': [ '1.1.1' ],
243 silly audit   '@floating-ui/react-dom': [ '2.1.7' ],
243 silly audit   '@radix-ui/react-arrow': [ '1.1.7' ],
243 silly audit   '@radix-ui/react-use-rect': [ '1.1.1' ],
243 silly audit   '@radix-ui/react-use-size': [ '1.1.1' ],
243 silly audit   '@radix-ui/rect': [ '1.1.1' ],
243 silly audit   '@floating-ui/dom': [ '1.7.5' ],
243 silly audit   '@floating-ui/core': [ '1.7.4' ],
243 silly audit   '@floating-ui/utils': [ '0.2.10' ],
243 silly audit   '@radix-ui/react-use-effect-event': [ '0.0.2' ],
243 silly audit   'react-remove-scroll-bar': [ '2.3.8' ],
243 silly audit   'react-style-singleton': [ '2.2.3' ],
243 silly audit   'use-callback-ref': [ '1.3.3' ],
243 silly audit   'use-sidecar': [ '1.1.3' ],
243 silly audit   'get-nonce': [ '1.0.1' ],
243 silly audit   'detect-node-es': [ '1.1.0' ]
243 silly audit }
244 http cache detect-node-es@https://registry.npmjs.org/detect-node-es/-/detect-node-es-1.1.0.tgz 0ms (cache hit)
245 http cache get-nonce@https://registry.npmjs.org/get-nonce/-/get-nonce-1.0.1.tgz 0ms (cache hit)
246 http cache use-sidecar@https://registry.npmjs.org/use-sidecar/-/use-sidecar-1.1.3.tgz 0ms (cache hit)
247 http cache use-callback-ref@https://registry.npmjs.org/use-callback-ref/-/use-callback-ref-1.3.3.tgz 0ms (cache hit)
248 http cache react-style-singleton@https://registry.npmjs.org/react-style-singleton/-/react-style-singleton-2.2.3.tgz 0ms (cache hit)
249 http cache react-remove-scroll-bar@https://registry.npmjs.org/react-remove-scroll-bar/-/react-remove-scroll-bar-2.3.8.tgz 0ms (cache hit)
250 http cache @radix-ui/react-use-effect-event@https://registry.npmjs.org/@radix-ui/react-use-effect-event/-/react-use-effect-event-0.0.2.tgz 0ms (cache hit)
251 http cache @floating-ui/utils@https://registry.npmjs.org/@floating-ui/utils/-/utils-0.2.10.tgz 0ms (cache hit)
252 http cache @floating-ui/dom@https://registry.npmjs.org/@floating-ui/dom/-/dom-1.7.5.tgz 0ms (cache hit)
253 http cache @floating-ui/core@https://registry.npmjs.org/@floating-ui/core/-/core-1.7.4.tgz 0ms (cache hit)
254 http cache @radix-ui/rect@https://registry.npmjs.org/@radix-ui/rect/-/rect-1.1.1.tgz 0ms (cache hit)
255 http cache @radix-ui/react-use-rect@https://registry.npmjs.org/@radix-ui/react-use-rect/-/react-use-rect-1.1.1.tgz 0ms (cache hit)
256 http cache @radix-ui/react-arrow@https://registry.npmjs.org/@radix-ui/react-arrow/-/react-arrow-1.1.7.tgz 0ms (cache hit)
257 http cache @radix-ui/react-use-size@https://registry.npmjs.org/@radix-ui/react-use-size/-/react-use-size-1.1.1.tgz 0ms (cache hit)
258 http cache @floating-ui/react-dom@https://registry.npmjs.org/@floating-ui/react-dom/-/react-dom-2.1.7.tgz 0ms (cache hit)
259 http cache react-remove-scroll@https://registry.npmjs.org/react-remove-scroll/-/react-remove-scroll-2.7.2.tgz 0ms (cache hit)
260 http cache @radix-ui/react-use-escape-keydown@https://registry.npmjs.org/@radix-ui/react-use-escape-keydown/-/react-use-escape-keydown-1.1.1.tgz 0ms (cache hit)
261 http cache aria-hidden@https://registry.npmjs.org/aria-hidden/-/aria-hidden-1.2.6.tgz 0ms (cache hit)
262 http cache @radix-ui/react-use-previous@https://registry.npmjs.org/@radix-ui/react-use-previous/-/react-use-previous-1.1.1.tgz 0ms (cache hit)
263 http cache @radix-ui/react-visually-hidden@https://registry.npmjs.org/@radix-ui/react-visually-hidden/-/react-visually-hidden-1.2.3.tgz 0ms (cache hit)
264 http cache @radix-ui/react-use-layout-effect@https://registry.npmjs.org/@radix-ui/react-use-layout-effect/-/react-use-layout-effect-1.1.1.tgz 0ms (cache hit)
265 http cache @radix-ui/react-use-controllable-state@https://registry.npmjs.org/@radix-ui/react-use-controllable-state/-/react-use-controllable-state-1.2.2.tgz 0ms (cache hit)
266 http cache @radix-ui/react-use-callback-ref@https://registry.npmjs.org/@radix-ui/react-use-callback-ref/-/react-use-callback-ref-1.1.1.tgz 0ms (cache hit)
267 http cache @radix-ui/react-portal@https://registry.npmjs.org/@radix-ui/react-portal/-/react-portal-1.1.9.tgz 0ms (cache hit)
268 http cache @radix-ui/react-popper@https://registry.npmjs.org/@radix-ui/react-popper/-/react-popper-1.2.8.tgz 0ms (cache hit)
269 http cache @radix-ui/react-focus-scope@https://registry.npmjs.org/@radix-ui/react-focus-scope/-/react-focus-scope-1.1.7.tgz 0ms (cache hit)
270 http cache @radix-ui/react-focus-guards@https://registry.npmjs.org/@radix-ui/react-focus-guards/-/react-focus-guards-1.1.3.tgz 0ms (cache hit)
271 http cache @radix-ui/react-id@https://registry.npmjs.org/@radix-ui/react-id/-/react-id-1.1.1.tgz 0ms (cache hit)
272 http cache @radix-ui/react-dismissable-layer@https://registry.npmjs.org/@radix-ui/react-dismissable-layer/-/react-dismissable-layer-1.1.11.tgz 0ms (cache hit)
273 http cache @radix-ui/react-direction@https://registry.npmjs.org/@radix-ui/react-direction/-/react-direction-1.1.1.tgz 0ms (cache hit)
274 http cache @radix-ui/react-context@https://registry.npmjs.org/@radix-ui/react-context/-/react-context-1.1.2.tgz 0ms (cache hit)
275 http cache @radix-ui/react-collection@https://registry.npmjs.org/@radix-ui/react-collection/-/react-collection-1.1.7.tgz 0ms (cache hit)
276 http cache @radix-ui/primitive@https://registry.npmjs.org/@radix-ui/primitive/-/primitive-1.1.3.tgz 0ms (cache hit)
277 http cache @radix-ui/number@https://registry.npmjs.org/@radix-ui/number/-/number-1.1.1.tgz 0ms (cache hit)
278 http cache @radix-ui/react-primitive@https://registry.npmjs.org/@radix-ui/react-primitive/-/react-primitive-2.1.4.tgz 0ms (cache hit)
279 http cache date-fns@https://registry.npmjs.org/date-fns/-/date-fns-4.1.0.tgz 0ms (cache hit)
280 http cache @radix-ui/react-compose-refs@https://registry.npmjs.org/@radix-ui/react-compose-refs/-/react-compose-refs-1.1.2.tgz 0ms (cache hit)
281 http cache class-variance-authority@https://registry.npmjs.org/class-variance-authority/-/class-variance-authority-0.7.1.tgz 0ms (cache hit)
282 http cache @radix-ui/react-select@https://registry.npmjs.org/@radix-ui/react-select/-/react-select-2.2.6.tgz 0ms (cache hit)
283 http cache @radix-ui/react-label@https://registry.npmjs.org/@radix-ui/react-label/-/react-label-2.1.8.tgz 0ms (cache hit)
284 http cache fsevents@https://registry.npmjs.org/fsevents/-/fsevents-2.3.3.tgz 0ms (cache hit)
285 http cache @radix-ui/react-slot@https://registry.npmjs.org/@radix-ui/react-slot/-/react-slot-1.2.3.tgz 0ms (cache hit)
286 http cache @radix-ui/react-primitive@https://registry.npmjs.org/@radix-ui/react-primitive/-/react-primitive-2.1.3.tgz 0ms (cache hit)
287 http cache @radix-ui/react-slot@https://registry.npmjs.org/@radix-ui/react-slot/-/react-slot-1.2.3.tgz 0ms (cache hit)
288 http cache @radix-ui/react-primitive@https://registry.npmjs.org/@radix-ui/react-primitive/-/react-primitive-2.1.3.tgz 0ms (cache hit)
289 http cache @radix-ui/react-slot@https://registry.npmjs.org/@radix-ui/react-slot/-/react-slot-1.2.3.tgz 0ms (cache hit)
290 http cache @radix-ui/react-primitive@https://registry.npmjs.org/@radix-ui/react-primitive/-/react-primitive-2.1.3.tgz 0ms (cache hit)
291 http cache @radix-ui/react-slot@https://registry.npmjs.org/@radix-ui/react-slot/-/react-slot-1.2.3.tgz 0ms (cache hit)
292 http cache @radix-ui/react-primitive@https://registry.npmjs.org/@radix-ui/react-primitive/-/react-primitive-2.1.3.tgz 0ms (cache hit)
293 http cache @radix-ui/react-slot@https://registry.npmjs.org/@radix-ui/react-slot/-/react-slot-1.2.3.tgz 0ms (cache hit)
294 http cache @radix-ui/react-primitive@https://registry.npmjs.org/@radix-ui/react-primitive/-/react-primitive-2.1.3.tgz 0ms (cache hit)
295 http cache @radix-ui/react-slot@https://registry.npmjs.org/@radix-ui/react-slot/-/react-slot-1.2.3.tgz 0ms (cache hit)
296 http cache @radix-ui/react-primitive@https://registry.npmjs.org/@radix-ui/react-primitive/-/react-primitive-2.1.3.tgz 0ms (cache hit)
297 http cache @radix-ui/react-slot@https://registry.npmjs.org/@radix-ui/react-slot/-/react-slot-1.2.3.tgz 0ms (cache hit)
298 http cache @radix-ui/react-slot@https://registry.npmjs.org/@radix-ui/react-slot/-/react-slot-1.2.3.tgz 0ms (cache hit)
299 http cache @radix-ui/react-primitive@https://registry.npmjs.org/@radix-ui/react-primitive/-/react-primitive-2.1.3.tgz 0ms (cache hit)
300 http cache @radix-ui/react-primitive@https://registry.npmjs.org/@radix-ui/react-primitive/-/react-primitive-2.1.3.tgz 0ms (cache hit)
301 http cache @radix-ui/react-slot@https://registry.npmjs.org/@radix-ui/react-slot/-/react-slot-1.2.4.tgz 0ms (cache hit)
302 silly tarball no local data for detect-node-es@https://registry.npmjs.org/detect-node-es/-/detect-node-es-1.1.0.tgz. Extracting by manifest.
303 silly tarball no local data for get-nonce@https://registry.npmjs.org/get-nonce/-/get-nonce-1.0.1.tgz. Extracting by manifest.
304 silly tarball no local data for use-sidecar@https://registry.npmjs.org/use-sidecar/-/use-sidecar-1.1.3.tgz. Extracting by manifest.
305 silly tarball no local data for use-callback-ref@https://registry.npmjs.org/use-callback-ref/-/use-callback-ref-1.3.3.tgz. Extracting by manifest.
306 silly tarball no local data for react-style-singleton@https://registry.npmjs.org/react-style-singleton/-/react-style-singleton-2.2.3.tgz. Extracting by manifest.
307 silly tarball no local data for react-remove-scroll-bar@https://registry.npmjs.org/react-remove-scroll-bar/-/react-remove-scroll-bar-2.3.8.tgz. Extracting by manifest.
308 silly tarball no local data for @radix-ui/react-use-effect-event@https://registry.npmjs.org/@radix-ui/react-use-effect-event/-/react-use-effect-event-0.0.2.tgz. Extracting by manifest.
309 silly tarball no local data for @floating-ui/utils@https://registry.npmjs.org/@floating-ui/utils/-/utils-0.2.10.tgz. Extracting by manifest.
310 silly tarball no local data for @floating-ui/dom@https://registry.npmjs.org/@floating-ui/dom/-/dom-1.7.5.tgz. Extracting by manifest.
311 silly tarball no local data for @floating-ui/core@https://registry.npmjs.org/@floating-ui/core/-/core-1.7.4.tgz. Extracting by manifest.
312 silly tarball no local data for @radix-ui/rect@https://registry.npmjs.org/@radix-ui/rect/-/rect-1.1.1.tgz. Extracting by manifest.
313 silly tarball no local data for @radix-ui/react-use-rect@https://registry.npmjs.org/@radix-ui/react-use-rect/-/react-use-rect-1.1.1.tgz. Extracting by manifest.
314 silly tarball no local data for @radix-ui/react-arrow@https://registry.npmjs.org/@radix-ui/react-arrow/-/react-arrow-1.1.7.tgz. Extracting by manifest.
315 silly tarball no local data for @radix-ui/react-use-size@https://registry.npmjs.org/@radix-ui/react-use-size/-/react-use-size-1.1.1.tgz. Extracting by manifest.
316 silly tarball no local data for @floating-ui/react-dom@https://registry.npmjs.org/@floating-ui/react-dom/-/react-dom-2.1.7.tgz. Extracting by manifest.
317 silly tarball no local data for react-remove-scroll@https://registry.npmjs.org/react-remove-scroll/-/react-remove-scroll-2.7.2.tgz. Extracting by manifest.
318 silly tarball no local data for @radix-ui/react-use-escape-keydown@https://registry.npmjs.org/@radix-ui/react-use-escape-keydown/-/react-use-escape-keydown-1.1.1.tgz. Extracting by manifest.
319 silly tarball no local data for aria-hidden@https://registry.npmjs.org/aria-hidden/-/aria-hidden-1.2.6.tgz. Extracting by manifest.
320 silly tarball no local data for @radix-ui/react-use-previous@https://registry.npmjs.org/@radix-ui/react-use-previous/-/react-use-previous-1.1.1.tgz. Extracting by manifest.
321 silly tarball no local data for @radix-ui/react-visually-hidden@https://registry.npmjs.org/@radix-ui/react-visually-hidden/-/react-visually-hidden-1.2.3.tgz. Extracting by manifest.
322 silly tarball no local data for @radix-ui/react-use-layout-effect@https://registry.npmjs.org/@radix-ui/react-use-layout-effect/-/react-use-layout-effect-1.1.1.tgz. Extracting by manifest.
323 silly tarball no local data for @radix-ui/react-use-controllable-state@https://registry.npmjs.org/@radix-ui/react-use-controllable-state/-/react-use-controllable-state-1.2.2.tgz. Extracting by manifest.
324 silly tarball no local data for @radix-ui/react-use-callback-ref@https://registry.npmjs.org/@radix-ui/react-use-callback-ref/-/react-use-callback-ref-1.1.1.tgz. Extracting by manifest.
325 silly tarball no local data for @radix-ui/react-portal@https://registry.npmjs.org/@radix-ui/react-portal/-/react-portal-1.1.9.tgz. Extracting by manifest.
326 silly tarball no local data for @radix-ui/react-popper@https://registry.npmjs.org/@radix-ui/react-popper/-/react-popper-1.2.8.tgz. Extracting by manifest.
327 silly tarball no local data for @radix-ui/react-focus-scope@https://registry.npmjs.org/@radix-ui/react-focus-scope/-/react-focus-scope-1.1.7.tgz. Extracting by manifest.
328 silly tarball no local data for @radix-ui/react-focus-guards@https://registry.npmjs.org/@radix-ui/react-focus-guards/-/react-focus-guards-1.1.3.tgz. Extracting by manifest.
329 silly tarball no local data for @radix-ui/react-id@https://registry.npmjs.org/@radix-ui/react-id/-/react-id-1.1.1.tgz. Extracting by manifest.
330 silly tarball no local data for @radix-ui/react-dismissable-layer@https://registry.npmjs.org/@radix-ui/react-dismissable-layer/-/react-dismissable-layer-1.1.11.tgz. Extracting by manifest.
331 silly tarball no local data for @radix-ui/react-direction@https://registry.npmjs.org/@radix-ui/react-direction/-/react-direction-1.1.1.tgz. Extracting by manifest.
332 silly tarball no local data for @radix-ui/react-context@https://registry.npmjs.org/@radix-ui/react-context/-/react-context-1.1.2.tgz. Extracting by manifest.
333 silly tarball no local data for @radix-ui/react-collection@https://registry.npmjs.org/@radix-ui/react-collection/-/react-collection-1.1.7.tgz. Extracting by manifest.
334 silly tarball no local data for @radix-ui/primitive@https://registry.npmjs.org/@radix-ui/primitive/-/primitive-1.1.3.tgz. Extracting by manifest.
335 silly tarball no local data for @radix-ui/number@https://registry.npmjs.org/@radix-ui/number/-/number-1.1.1.tgz. Extracting by manifest.
336 silly tarball no local data for @radix-ui/react-primitive@https://registry.npmjs.org/@radix-ui/react-primitive/-/react-primitive-2.1.4.tgz. Extracting by manifest.
337 silly tarball no local data for date-fns@https://registry.npmjs.org/date-fns/-/date-fns-4.1.0.tgz. Extracting by manifest.
338 silly tarball no local data for @radix-ui/react-compose-refs@https://registry.npmjs.org/@radix-ui/react-compose-refs/-/react-compose-refs-1.1.2.tgz. Extracting by manifest.
339 silly tarball no local data for class-variance-authority@https://registry.npmjs.org/class-variance-authority/-/class-variance-authority-0.7.1.tgz. Extracting by manifest.
340 silly tarball no local data for @radix-ui/react-select@https://registry.npmjs.org/@radix-ui/react-select/-/react-select-2.2.6.tgz. Extracting by manifest.
341 silly tarball no local data for @radix-ui/react-label@https://registry.npmjs.org/@radix-ui/react-label/-/react-label-2.1.8.tgz. Extracting by manifest.
342 silly tarball no local data for fsevents@https://registry.npmjs.org/fsevents/-/fsevents-2.3.3.tgz. Extracting by manifest.
343 silly tarball no local data for @radix-ui/react-slot@https://registry.npmjs.org/@radix-ui/react-slot/-/react-slot-1.2.3.tgz. Extracting by manifest.
344 silly tarball no local data for @radix-ui/react-primitive@https://registry.npmjs.org/@radix-ui/react-primitive/-/react-primitive-2.1.3.tgz. Extracting by manifest.
345 silly tarball no local data for @radix-ui/react-slot@https://registry.npmjs.org/@radix-ui/react-slot/-/react-slot-1.2.3.tgz. Extracting by manifest.
346 silly tarball no local data for @radix-ui/react-primitive@https://registry.npmjs.org/@radix-ui/react-primitive/-/react-primitive-2.1.3.tgz. Extracting by manifest.
347 silly tarball no local data for @radix-ui/react-slot@https://registry.npmjs.org/@radix-ui/react-slot/-/react-slot-1.2.3.tgz. Extracting by manifest.
348 silly tarball no local data for @radix-ui/react-primitive@https://registry.npmjs.org/@radix-ui/react-primitive/-/react-primitive-2.1.3.tgz. Extracting by manifest.
349 silly tarball no local data for @radix-ui/react-slot@https://registry.npmjs.org/@radix-ui/react-slot/-/react-slot-1.2.3.tgz. Extracting by manifest.
350 silly tarball no local data for @radix-ui/react-primitive@https://registry.npmjs.org/@radix-ui/react-primitive/-/react-primitive-2.1.3.tgz. Extracting by manifest.
351 silly tarball no local data for @radix-ui/react-slot@https://registry.npmjs.org/@radix-ui/react-slot/-/react-slot-1.2.3.tgz. Extracting by manifest.
352 silly tarball no local data for @radix-ui/react-primitive@https://registry.npmjs.org/@radix-ui/react-primitive/-/react-primitive-2.1.3.tgz. Extracting by manifest.
353 silly tarball no local data for @radix-ui/react-slot@https://registry.npmjs.org/@radix-ui/react-slot/-/react-slot-1.2.3.tgz. Extracting by manifest.
354 silly tarball no local data for @radix-ui/react-primitive@https://registry.npmjs.org/@radix-ui/react-primitive/-/react-primitive-2.1.3.tgz. Extracting by manifest.
355 silly tarball no local data for @radix-ui/react-slot@https://registry.npmjs.org/@radix-ui/react-slot/-/react-slot-1.2.3.tgz. Extracting by manifest.
356 silly tarball no local data for @radix-ui/react-slot@https://registry.npmjs.org/@radix-ui/react-slot/-/react-slot-1.2.3.tgz. Extracting by manifest.
357 silly tarball no local data for @radix-ui/react-primitive@https://registry.npmjs.org/@radix-ui/react-primitive/-/react-primitive-2.1.3.tgz. Extracting by manifest.
358 silly tarball no local data for @radix-ui/react-primitive@https://registry.npmjs.org/@radix-ui/react-primitive/-/react-primitive-2.1.3.tgz. Extracting by manifest.
359 silly tarball no local data for @radix-ui/react-slot@https://registry.npmjs.org/@radix-ui/react-slot/-/react-slot-1.2.4.tgz. Extracting by manifest.
360 http fetch GET 200 https://registry.npmjs.org/detect-node-es/-/detect-node-es-1.1.0.tgz 86ms (cache miss)
361 http fetch GET 200 https://registry.npmjs.org/get-nonce/-/get-nonce-1.0.1.tgz 108ms (cache miss)
362 http fetch GET 200 https://registry.npmjs.org/use-sidecar/-/use-sidecar-1.1.3.tgz 129ms (cache miss)
363 http fetch GET 200 https://registry.npmjs.org/react-remove-scroll-bar/-/react-remove-scroll-bar-2.3.8.tgz 132ms (cache miss)
364 http fetch GET 200 https://registry.npmjs.org/use-callback-ref/-/use-callback-ref-1.3.3.tgz 135ms (cache miss)
365 http fetch POST 200 https://registry.npmjs.org/-/npm/v1/security/advisories/bulk 249ms
366 silly audit report {}
367 http fetch GET 200 https://registry.npmjs.org/@radix-ui/rect/-/rect-1.1.1.tgz 245ms (cache miss)
368 http fetch GET 200 https://registry.npmjs.org/@radix-ui/react-use-size/-/react-use-size-1.1.1.tgz 245ms (cache miss)
369 http fetch GET 200 https://registry.npmjs.org/@radix-ui/react-use-rect/-/react-use-rect-1.1.1.tgz 247ms (cache miss)
370 http fetch GET 200 https://registry.npmjs.org/@radix-ui/react-use-previous/-/react-use-previous-1.1.1.tgz 246ms (cache miss)
371 http fetch GET 200 https://registry.npmjs.org/@radix-ui/react-use-escape-keydown/-/react-use-escape-keydown-1.1.1.tgz 247ms (cache miss)
372 http fetch GET 200 https://registry.npmjs.org/@radix-ui/react-arrow/-/react-arrow-1.1.7.tgz 248ms (cache miss)
373 http fetch GET 200 https://registry.npmjs.org/@radix-ui/react-use-effect-event/-/react-use-effect-event-0.0.2.tgz 251ms (cache miss)
374 http fetch GET 200 https://registry.npmjs.org/aria-hidden/-/aria-hidden-1.2.6.tgz 251ms (cache miss)
375 http fetch GET 200 https://registry.npmjs.org/@floating-ui/react-dom/-/react-dom-2.1.7.tgz 252ms (cache miss)
376 http fetch GET 200 https://registry.npmjs.org/react-style-singleton/-/react-style-singleton-2.2.3.tgz 257ms (cache miss)
377 http fetch GET 200 https://registry.npmjs.org/@floating-ui/utils/-/utils-0.2.10.tgz 257ms (cache miss)
378 http fetch GET 200 https://registry.npmjs.org/@floating-ui/core/-/core-1.7.4.tgz 259ms (cache miss)
379 http fetch GET 200 https://registry.npmjs.org/@floating-ui/dom/-/dom-1.7.5.tgz 259ms (cache miss)
380 http fetch GET 200 https://registry.npmjs.org/react-remove-scroll/-/react-remove-scroll-2.7.2.tgz 268ms (cache miss)
381 http fetch GET 200 https://registry.npmjs.org/@radix-ui/react-portal/-/react-portal-1.1.9.tgz 282ms (cache miss)
382 http fetch GET 200 https://registry.npmjs.org/@radix-ui/react-dismissable-layer/-/react-dismissable-layer-1.1.11.tgz 282ms (cache miss)
383 http fetch GET 200 https://registry.npmjs.org/@radix-ui/react-popper/-/react-popper-1.2.8.tgz 283ms (cache miss)
384 http fetch GET 200 https://registry.npmjs.org/@radix-ui/number/-/number-1.1.1.tgz 300ms (cache miss)
385 http fetch GET 200 https://registry.npmjs.org/@radix-ui/react-context/-/react-context-1.1.2.tgz 300ms (cache miss)
386 http fetch GET 200 https://registry.npmjs.org/@radix-ui/react-focus-guards/-/react-focus-guards-1.1.3.tgz 302ms (cache miss)
387 http fetch GET 200 https://registry.npmjs.org/@radix-ui/primitive/-/primitive-1.1.3.tgz 302ms (cache miss)
388 http fetch GET 200 https://registry.npmjs.org/@radix-ui/react-use-layout-effect/-/react-use-layout-effect-1.1.1.tgz 311ms (cache miss)
389 http fetch GET 200 https://registry.npmjs.org/@radix-ui/react-direction/-/react-direction-1.1.1.tgz 312ms (cache miss)
390 http fetch GET 200 https://registry.npmjs.org/@radix-ui/react-use-controllable-state/-/react-use-controllable-state-1.2.2.tgz 315ms (cache miss)
391 http fetch GET 200 https://registry.npmjs.org/@radix-ui/react-collection/-/react-collection-1.1.7.tgz 315ms (cache miss)
392 http fetch GET 200 https://registry.npmjs.org/@radix-ui/react-primitive/-/react-primitive-2.1.4.tgz 336ms (cache miss)
393 http fetch GET 200 https://registry.npmjs.org/class-variance-authority/-/class-variance-authority-0.7.1.tgz 336ms (cache miss)
394 http fetch GET 200 https://registry.npmjs.org/fsevents/-/fsevents-2.3.3.tgz 361ms (cache miss)
395 http fetch GET 200 https://registry.npmjs.org/@radix-ui/react-compose-refs/-/react-compose-refs-1.1.2.tgz 378ms (cache miss)
396 http fetch GET 200 https://registry.npmjs.org/@radix-ui/react-label/-/react-label-2.1.8.tgz 378ms (cache miss)
397 http fetch GET 200 https://registry.npmjs.org/@radix-ui/react-primitive/-/react-primitive-2.1.3.tgz 381ms (cache miss)
398 http fetch GET 200 https://registry.npmjs.org/@radix-ui/react-primitive/-/react-primitive-2.1.3.tgz 385ms (cache miss)
399 http fetch GET 200 https://registry.npmjs.org/@radix-ui/react-slot/-/react-slot-1.2.3.tgz 385ms (cache miss)
400 http fetch GET 200 https://registry.npmjs.org/@radix-ui/react-slot/-/react-slot-1.2.3.tgz 387ms (cache miss)
401 http fetch GET 200 https://registry.npmjs.org/@radix-ui/react-select/-/react-select-2.2.6.tgz 389ms (cache miss)
402 http fetch GET 200 https://registry.npmjs.org/@radix-ui/react-slot/-/react-slot-1.2.3.tgz 394ms (cache miss)
403 http fetch GET 200 https://registry.npmjs.org/@radix-ui/react-primitive/-/react-primitive-2.1.3.tgz 394ms (cache miss)
404 http fetch GET 200 https://registry.npmjs.org/@radix-ui/react-use-callback-ref/-/react-use-callback-ref-1.1.1.tgz 423ms (cache miss)
405 http fetch GET 200 https://registry.npmjs.org/@radix-ui/react-primitive/-/react-primitive-2.1.3.tgz 419ms (cache miss)
406 http fetch GET 200 https://registry.npmjs.org/@radix-ui/react-primitive/-/react-primitive-2.1.3.tgz 421ms (cache miss)
407 http fetch GET 200 https://registry.npmjs.org/@radix-ui/react-slot/-/react-slot-1.2.3.tgz 432ms (cache miss)
408 http fetch GET 200 https://registry.npmjs.org/@radix-ui/react-primitive/-/react-primitive-2.1.3.tgz 432ms (cache miss)
409 http fetch GET 200 https://registry.npmjs.org/@radix-ui/react-slot/-/react-slot-1.2.3.tgz 432ms (cache miss)
410 http fetch GET 200 https://registry.npmjs.org/@radix-ui/react-slot/-/react-slot-1.2.3.tgz 434ms (cache miss)
411 http fetch GET 200 https://registry.npmjs.org/@radix-ui/react-primitive/-/react-primitive-2.1.3.tgz 445ms (cache miss)
412 http fetch GET 200 https://registry.npmjs.org/@radix-ui/react-id/-/react-id-1.1.1.tgz 456ms (cache miss)
413 http fetch GET 200 https://registry.npmjs.org/@radix-ui/react-primitive/-/react-primitive-2.1.3.tgz 451ms (cache miss)
414 http fetch GET 200 https://registry.npmjs.org/@radix-ui/react-slot/-/react-slot-1.2.3.tgz 454ms (cache miss)
415 http fetch GET 200 https://registry.npmjs.org/@radix-ui/react-slot/-/react-slot-1.2.3.tgz 454ms (cache miss)
416 http fetch GET 200 https://registry.npmjs.org/@radix-ui/react-slot/-/react-slot-1.2.4.tgz 459ms (cache miss)
417 http fetch GET 200 https://registry.npmjs.org/@radix-ui/react-focus-scope/-/react-focus-scope-1.1.7.tgz 490ms (cache miss)
418 http fetch GET 200 https://registry.npmjs.org/@radix-ui/react-visually-hidden/-/react-visually-hidden-1.2.3.tgz 521ms (cache miss)
419 http fetch GET 200 https://registry.npmjs.org/date-fns/-/date-fns-4.1.0.tgz 1501ms (cache miss)
420 silly ADD node_modules/detect-node-es
421 silly ADD node_modules/get-nonce
422 silly ADD node_modules/use-sidecar
423 silly ADD node_modules/use-callback-ref
424 silly ADD node_modules/react-style-singleton
425 silly ADD node_modules/react-remove-scroll-bar
426 silly ADD node_modules/@radix-ui/react-use-effect-event
427 silly ADD node_modules/@floating-ui/utils
428 silly ADD node_modules/@floating-ui/core
429 silly ADD node_modules/@floating-ui/dom
430 silly ADD node_modules/@radix-ui/rect
431 silly ADD node_modules/@radix-ui/react-use-size
432 silly ADD node_modules/@radix-ui/react-use-rect
433 silly ADD node_modules/@radix-ui/react-arrow
434 silly ADD node_modules/@radix-ui/react-arrow/node_modules/@radix-ui/react-slot
435 silly ADD node_modules/@radix-ui/react-arrow/node_modules/@radix-ui/react-primitive
436 silly ADD node_modules/@floating-ui/react-dom
437 silly ADD node_modules/@radix-ui/react-use-escape-keydown
438 silly ADD node_modules/react-remove-scroll
439 silly ADD node_modules/aria-hidden
440 silly ADD node_modules/@radix-ui/react-visually-hidden
441 silly ADD node_modules/@radix-ui/react-visually-hidden/node_modules/@radix-ui/react-slot
442 silly ADD node_modules/@radix-ui/react-visually-hidden/node_modules/@radix-ui/react-primitive
443 silly ADD node_modules/@radix-ui/react-use-previous
444 silly ADD node_modules/@radix-ui/react-use-layout-effect
445 silly ADD node_modules/@radix-ui/react-use-controllable-state
446 silly ADD node_modules/@radix-ui/react-use-callback-ref
447 silly ADD node_modules/@radix-ui/react-portal
448 silly ADD node_modules/@radix-ui/react-portal/node_modules/@radix-ui/react-slot
449 silly ADD node_modules/@radix-ui/react-portal/node_modules/@radix-ui/react-primitive
450 silly ADD node_modules/@radix-ui/react-popper
451 silly ADD node_modules/@radix-ui/react-popper/node_modules/@radix-ui/react-slot
452 silly ADD node_modules/@radix-ui/react-popper/node_modules/@radix-ui/react-primitive
453 silly ADD node_modules/@radix-ui/react-id
454 silly ADD node_modules/@radix-ui/react-focus-scope
455 silly ADD node_modules/@radix-ui/react-focus-scope/node_modules/@radix-ui/react-slot
456 silly ADD node_modules/@radix-ui/react-focus-scope/node_modules/@radix-ui/react-primitive
457 silly ADD node_modules/@radix-ui/react-focus-guards
458 silly ADD node_modules/@radix-ui/react-dismissable-layer
459 silly ADD node_modules/@radix-ui/react-dismissable-layer/node_modules/@radix-ui/react-slot
460 silly ADD node_modules/@radix-ui/react-dismissable-layer/node_modules/@radix-ui/react-primitive
461 silly ADD node_modules/@radix-ui/react-direction
462 silly ADD node_modules/@radix-ui/react-context
463 silly ADD node_modules/@radix-ui/react-compose-refs
464 silly ADD node_modules/@radix-ui/react-collection
465 silly ADD node_modules/@radix-ui/react-collection/node_modules/@radix-ui/react-slot
466 silly ADD node_modules/@radix-ui/react-collection/node_modules/@radix-ui/react-primitive
467 silly ADD node_modules/@radix-ui/primitive
468 silly ADD node_modules/@radix-ui/number
469 silly ADD node_modules/@radix-ui/react-primitive
470 silly ADD node_modules/date-fns
471 silly ADD node_modules/class-variance-authority
472 silly ADD node_modules/@radix-ui/react-slot
473 silly ADD node_modules/@radix-ui/react-select
474 silly ADD node_modules/@radix-ui/react-select/node_modules/@radix-ui/react-slot
475 silly ADD node_modules/@radix-ui/react-select/node_modules/@radix-ui/react-primitive
476 silly ADD node_modules/@radix-ui/react-label
477 silly ADD node_modules/fsevents
478 verbose cwd /Users/juliusrannersberger/Desktop/Flatcontroll/wg-putzplan
479 verbose os Darwin 25.3.0
480 verbose node v25.6.1
481 verbose npm  v11.9.0
482 verbose exit 0
483 info ok
