0 verbose cli /opt/homebrew/Cellar/node/25.6.1/bin/node /opt/homebrew/bin/npm
1 info using npm@11.9.0
2 info using node@v25.6.1
3 silly config load:file:/opt/homebrew/lib/node_modules/npm/npmrc
4 silly config load:file:/Users/juliusrannersberger/Desktop/Flatcontroll/wg-putzplan/.npmrc
5 silly config load:file:/Users/juliusrannersberger/.npmrc
6 silly config load:file:/opt/homebrew/etc/npmrc
7 verbose title npm uninstall tailwindcss
8 verbose argv "uninstall" "tailwindcss" "--legacy-peer-deps"
9 verbose logfile logs-max:10 dir:/Users/juliusrannersberger/Desktop/Flatcontroll/wg-putzplan/.npm-cache/_logs/2026-02-15T18_08_50_235Z-
10 verbose logfile /Users/juliusrannersberger/Desktop/Flatcontroll/wg-putzplan/.npm-cache/_logs/2026-02-15T18_08_50_235Z-debug-0.log
11 silly logfile done cleaning log files
12 silly packumentCache heap:2348810240 maxSize:587202560 maxEntrySize:293601280
13 silly idealTree buildDeps
14 silly fetch manifest lucide-react@^0.330.0
15 silly packumentCache full:https://registry.npmjs.org/lucide-react cache-miss
16 http cache https://registry.npmjs.org/lucide-react 20ms (cache hit)
17 silly packumentCache full:https://registry.npmjs.org/lucide-react set size:2154647 disposed:false
18 silly fetch manifest tailwind-merge@^2.2.1
19 silly packumentCache full:https://registry.npmjs.org/tailwind-merge cache-miss
20 http cache https://registry.npmjs.org/tailwind-merge 3ms (cache hit)
21 silly packumentCache full:https://registry.npmjs.org/tailwind-merge set size:1500018 disposed:false
22 silly fetch manifest @types/node@^20.11.17
23 silly packumentCache full:https://registry.npmjs.org/@types%2fnode cache-miss
24 http cache https://registry.npmjs.org/@types%2fnode 18ms (cache hit)
25 silly packumentCache full:https://registry.npmjs.org/@types%2fnode set size:10858893 disposed:false
26 silly fetch manifest @types/react@^18.2.55
27 silly packumentCache full:https://registry.npmjs.org/@types%2freact cache-miss
28 http cache https://registry.npmjs.org/@types%2freact 8ms (cache hit)
29 silly packumentCache full:https://registry.npmjs.org/@types%2freact set size:2588986 disposed:false
30 silly fetch manifest @types/react-dom@^18.2.19
31 silly packumentCache full:https://registry.npmjs.org/@types%2freact-dom cache-miss
32 http cache https://registry.npmjs.org/@types%2freact-dom 2ms (cache hit)
33 silly packumentCache full:https://registry.npmjs.org/@types%2freact-dom set size:429026 disposed:false
34 silly fetch manifest eslint@^8.56.0
35 silly packumentCache full:https://registry.npmjs.org/eslint cache-miss
36 http cache https://registry.npmjs.org/eslint 4ms (cache hit)
37 silly packumentCache full:https://registry.npmjs.org/eslint set size:1929113 disposed:false
38 silly placeDep ROOT @types/node@20.19.33 REPLACE for: wg-putzplan@1.0.0 want: ^20.11.17
39 silly placeDep ROOT @types/react@18.3.28 REPLACE for: wg-putzplan@1.0.0 want: ^18.2.55
40 silly placeDep ROOT @types/react-dom@18.3.7 REPLACE for: wg-putzplan@1.0.0 want: ^18.2.19
41 silly placeDep ROOT eslint@8.57.1 REPLACE for: wg-putzplan@1.0.0 want: ^8.56.0
42 silly placeDep ROOT lucide-react@0.330.0 REPLACE for: wg-putzplan@1.0.0 want: ^0.330.0
43 silly placeDep ROOT tailwind-merge@2.6.1 REPLACE for: wg-putzplan@1.0.0 want: ^2.2.1
44 silly fetch manifest undici-types@~6.21.0
45 silly packumentCache full:https://registry.npmjs.org/undici-types cache-miss
46 silly fetch manifest @types/prop-types@*
47 silly packumentCache full:https://registry.npmjs.org/@types%2fprop-types cache-miss
48 silly fetch manifest chalk@^4.0.0
49 silly packumentCache full:https://registry.npmjs.org/chalk cache-miss
50 silly fetch manifest debug@^4.3.2
51 silly packumentCache full:https://registry.npmjs.org/debug cache-miss
52 silly fetch manifest espree@^9.6.1
53 silly packumentCache full:https://registry.npmjs.org/espree cache-miss
54 silly fetch manifest globals@^13.19.0
55 silly packumentCache full:https://registry.npmjs.org/globals cache-miss
56 silly fetch manifest js-yaml@^4.1.0
57 silly packumentCache full:https://registry.npmjs.org/js-yaml cache-miss
58 http cache https://registry.npmjs.org/undici-types 26ms (cache hit)
59 silly packumentCache full:https://registry.npmjs.org/undici-types set size:171546 disposed:false
60 silly fetch manifest doctrine@^3.0.0
61 silly packumentCache full:https://registry.npmjs.org/doctrine cache-miss
62 http cache https://registry.npmjs.org/espree 28ms (cache hit)
63 silly packumentCache full:https://registry.npmjs.org/espree set size:320553 disposed:false
64 silly fetch manifest graphemer@^1.4.0
65 silly packumentCache full:https://registry.npmjs.org/graphemer cache-miss
66 http cache https://registry.npmjs.org/debug 36ms (cache hit)
67 silly packumentCache full:https://registry.npmjs.org/debug set size:195840 disposed:false
68 silly fetch manifest minimatch@^3.1.2
69 silly packumentCache full:https://registry.npmjs.org/minimatch cache-miss
70 http cache https://registry.npmjs.org/minimatch 2ms (cache hit)
71 silly packumentCache full:https://registry.npmjs.org/minimatch set size:310964 disposed:false
72 silly fetch manifest @eslint/js@8.57.1
73 silly packumentCache full:https://registry.npmjs.org/@eslint%2fjs cache-miss
74 http fetch GET 200 https://registry.npmjs.org/graphemer 353ms (cache miss)
75 silly packumentCache full:https://registry.npmjs.org/graphemer set size:undefined disposed:false
76 silly fetch manifest strip-ansi@^6.0.1
77 silly packumentCache full:https://registry.npmjs.org/strip-ansi cache-miss
78 http fetch GET 200 https://registry.npmjs.org/chalk 387ms (cache miss)
79 silly packumentCache full:https://registry.npmjs.org/chalk set size:undefined disposed:false
80 silly fetch manifest text-table@^0.2.0
81 silly packumentCache full:https://registry.npmjs.org/text-table cache-miss
82 http fetch GET 200 https://registry.npmjs.org/@types%2fprop-types 389ms (cache miss)
83 silly packumentCache full:https://registry.npmjs.org/@types%2fprop-types set size:undefined disposed:false
84 silly fetch manifest eslint-scope@^7.2.2
85 silly packumentCache full:https://registry.npmjs.org/eslint-scope cache-miss
86 http fetch GET 200 https://registry.npmjs.org/js-yaml 391ms (cache miss)
87 silly packumentCache full:https://registry.npmjs.org/js-yaml set size:undefined disposed:false
88 silly fetch manifest lodash.merge@^4.6.2
89 silly packumentCache full:https://registry.npmjs.org/lodash.merge cache-miss
90 http cache https://registry.npmjs.org/eslint-scope 5ms (cache hit)
91 silly packumentCache full:https://registry.npmjs.org/eslint-scope set size:93978 disposed:false
92 silly fetch manifest is-path-inside@^3.0.3
93 silly packumentCache full:https://registry.npmjs.org/is-path-inside cache-miss
94 http fetch GET 200 https://registry.npmjs.org/globals 397ms (cache miss)
95 silly packumentCache full:https://registry.npmjs.org/globals set size:undefined disposed:false
96 silly fetch manifest @eslint/eslintrc@^2.1.4
97 silly packumentCache full:https://registry.npmjs.org/@eslint%2feslintrc cache-miss
98 http fetch GET 200 https://registry.npmjs.org/strip-ansi 92ms (cache miss)
99 silly packumentCache full:https://registry.npmjs.org/strip-ansi set size:undefined disposed:false
100 silly fetch manifest @nodelib/fs.walk@^1.2.8
101 silly packumentCache full:https://registry.npmjs.org/@nodelib%2ffs.walk cache-miss
102 http fetch GET 200 https://registry.npmjs.org/doctrine 451ms (cache miss)
103 silly packumentCache full:https://registry.npmjs.org/doctrine set size:undefined disposed:false
104 silly fetch manifest file-entry-cache@^6.0.1
105 silly packumentCache full:https://registry.npmjs.org/file-entry-cache cache-miss
106 http fetch GET 200 https://registry.npmjs.org/@eslint%2fjs 438ms (cache miss)
107 silly packumentCache full:https://registry.npmjs.org/@eslint%2fjs set size:undefined disposed:false
108 silly fetch manifest eslint-visitor-keys@^3.4.3
109 silly packumentCache full:https://registry.npmjs.org/eslint-visitor-keys cache-miss
110 http cache https://registry.npmjs.org/file-entry-cache 3ms (cache hit)
111 silly packumentCache full:https://registry.npmjs.org/file-entry-cache set size:151480 disposed:false
112 silly fetch manifest @ungap/structured-clone@^1.2.0
113 silly packumentCache full:https://registry.npmjs.org/@ungap%2fstructured-clone cache-miss
114 http cache https://registry.npmjs.org/eslint-visitor-keys 4ms (cache hit)
115 silly packumentCache full:https://registry.npmjs.org/eslint-visitor-keys set size:67352 disposed:false
116 silly fetch manifest @humanwhocodes/config-array@^0.13.0
117 silly packumentCache full:https://registry.npmjs.org/@humanwhocodes%2fconfig-array cache-miss
118 http fetch GET 200 https://registry.npmjs.org/lodash.merge 99ms (cache miss)
119 silly packumentCache full:https://registry.npmjs.org/lodash.merge set size:undefined disposed:false
120 http fetch GET 200 https://registry.npmjs.org/is-path-inside 97ms (cache miss)
121 silly packumentCache full:https://registry.npmjs.org/is-path-inside set size:undefined disposed:false
122 http fetch GET 200 https://registry.npmjs.org/text-table 105ms (cache miss)
123 silly packumentCache full:https://registry.npmjs.org/text-table set size:undefined disposed:false
124 http fetch GET 200 https://registry.npmjs.org/@eslint%2feslintrc 127ms (cache miss)
125 silly packumentCache full:https://registry.npmjs.org/@eslint%2feslintrc set size:undefined disposed:false
126 http fetch GET 200 https://registry.npmjs.org/@nodelib%2ffs.walk 86ms (cache miss)
127 silly packumentCache full:https://registry.npmjs.org/@nodelib%2ffs.walk set size:undefined disposed:false
128 http fetch GET 200 https://registry.npmjs.org/@ungap%2fstructured-clone 228ms (cache miss)
129 silly packumentCache full:https://registry.npmjs.org/@ungap%2fstructured-clone set size:undefined disposed:false
130 http fetch GET 200 https://registry.npmjs.org/@humanwhocodes%2fconfig-array 270ms (cache miss)
131 silly packumentCache full:https://registry.npmjs.org/@humanwhocodes%2fconfig-array set size:undefined disposed:false
132 silly placeDep ROOT undici-types@6.21.0 OK for: @types/node@20.19.33 want: ~6.21.0
133 silly placeDep ROOT @types/prop-types@15.7.15 OK for: @types/react@18.3.28 want: *
134 silly placeDep ROOT @eslint/eslintrc@2.1.4 OK for: eslint@8.57.1 want: ^2.1.4
135 silly placeDep ROOT @eslint/js@8.57.1 OK for: eslint@8.57.1 want: 8.57.1
136 silly placeDep ROOT @humanwhocodes/config-array@0.13.0 OK for: eslint@8.57.1 want: ^0.13.0
137 silly placeDep ROOT @nodelib/fs.walk@1.2.8 OK for: eslint@8.57.1 want: ^1.2.8
138 silly placeDep ROOT @ungap/structured-clone@1.3.0 OK for: eslint@8.57.1 want: ^1.2.0
139 silly placeDep ROOT chalk@4.1.2 OK for: eslint@8.57.1 want: ^4.0.0
140 silly placeDep ROOT debug@4.4.3 OK for: eslint@8.57.1 want: ^4.3.2
141 silly placeDep ROOT doctrine@3.0.0 OK for: eslint@8.57.1 want: ^3.0.0
142 silly placeDep ROOT eslint-scope@7.2.2 OK for: eslint@8.57.1 want: ^7.2.2
143 silly placeDep ROOT eslint-visitor-keys@3.4.3 OK for: eslint@8.57.1 want: ^3.4.3
144 silly placeDep ROOT espree@9.6.1 OK for: eslint@8.57.1 want: ^9.6.1
145 silly placeDep ROOT file-entry-cache@6.0.1 OK for: eslint@8.57.1 want: ^6.0.1
146 silly placeDep ROOT globals@13.24.0 OK for: eslint@8.57.1 want: ^13.19.0
147 silly placeDep ROOT graphemer@1.4.0 OK for: eslint@8.57.1 want: ^1.4.0
148 silly placeDep ROOT is-path-inside@3.0.3 OK for: eslint@8.57.1 want: ^3.0.3
149 silly placeDep ROOT js-yaml@4.1.1 OK for: eslint@8.57.1 want: ^4.1.0
150 silly placeDep ROOT lodash.merge@4.6.2 OK for: eslint@8.57.1 want: ^4.6.2
151 silly placeDep ROOT minimatch@3.1.2 OK for: eslint@8.57.1 want: ^3.1.2
152 silly placeDep ROOT strip-ansi@6.0.1 OK for: eslint@8.57.1 want: ^6.0.1
153 silly placeDep ROOT text-table@0.2.0 OK for: eslint@8.57.1 want: ^0.2.0
154 silly fetch manifest espree@^9.6.0
155 silly packumentCache full:https://registry.npmjs.org/espree cache-hit
156 silly fetch manifest import-fresh@^3.2.1
157 silly packumentCache full:https://registry.npmjs.org/import-fresh cache-miss
158 silly fetch manifest strip-json-comments@^3.1.1
159 silly packumentCache full:https://registry.npmjs.org/strip-json-comments cache-miss
160 silly fetch manifest debug@^4.3.1
161 silly packumentCache full:https://registry.npmjs.org/debug cache-hit
162 silly fetch manifest minimatch@^3.0.5
163 silly packumentCache full:https://registry.npmjs.org/minimatch cache-hit
164 silly fetch manifest @humanwhocodes/object-schema@^2.0.3
165 silly packumentCache full:https://registry.npmjs.org/@humanwhocodes%2fobject-schema cache-miss
166 silly fetch manifest fastq@^1.6.0
167 silly packumentCache full:https://registry.npmjs.org/fastq cache-miss
168 silly fetch manifest @nodelib/fs.scandir@2.1.5
169 silly packumentCache full:https://registry.npmjs.org/@nodelib%2ffs.scandir cache-miss
170 silly fetch manifest ansi-styles@^4.1.0
171 silly packumentCache full:https://registry.npmjs.org/ansi-styles cache-miss
172 silly fetch manifest supports-color@^7.1.0
173 silly packumentCache full:https://registry.npmjs.org/supports-color cache-miss
174 http fetch GET 200 https://registry.npmjs.org/import-fresh 141ms (cache miss)
175 silly packumentCache full:https://registry.npmjs.org/import-fresh set size:undefined disposed:false
176 silly fetch manifest ms@^2.1.3
177 silly packumentCache full:https://registry.npmjs.org/ms cache-miss
178 http fetch GET 200 https://registry.npmjs.org/ansi-styles 140ms (cache miss)
179 silly packumentCache full:https://registry.npmjs.org/ansi-styles set size:undefined disposed:false
180 silly fetch manifest esrecurse@^4.3.0
181 silly packumentCache full:https://registry.npmjs.org/esrecurse cache-miss
182 http fetch GET 200 https://registry.npmjs.org/supports-color 142ms (cache miss)
183 silly packumentCache full:https://registry.npmjs.org/supports-color set size:undefined disposed:false
184 silly fetch manifest acorn@^8.9.0
185 silly packumentCache full:https://registry.npmjs.org/acorn cache-miss
186 http fetch GET 200 https://registry.npmjs.org/@nodelib%2ffs.scandir 143ms (cache miss)
187 silly packumentCache full:https://registry.npmjs.org/@nodelib%2ffs.scandir set size:undefined disposed:false
188 silly fetch manifest acorn-jsx@^5.3.2
189 silly packumentCache full:https://registry.npmjs.org/acorn-jsx cache-miss
190 http fetch GET 200 https://registry.npmjs.org/fastq 145ms (cache miss)
191 silly packumentCache full:https://registry.npmjs.org/fastq set size:undefined disposed:false
192 silly fetch manifest flat-cache@^3.0.4
193 silly packumentCache full:https://registry.npmjs.org/flat-cache cache-miss
194 http cache https://registry.npmjs.org/ms 7ms (cache hit)
195 silly packumentCache full:https://registry.npmjs.org/ms set size:92208 disposed:false
196 silly fetch manifest type-fest@^0.20.2
197 silly packumentCache full:https://registry.npmjs.org/type-fest cache-miss
198 http cache https://registry.npmjs.org/esrecurse 8ms (cache hit)
199 silly packumentCache full:https://registry.npmjs.org/esrecurse set size:29005 disposed:false
200 silly fetch manifest argparse@^2.0.1
201 silly packumentCache full:https://registry.npmjs.org/argparse cache-miss
202 http cache https://registry.npmjs.org/acorn 7ms (cache hit)
203 silly packumentCache full:https://registry.npmjs.org/acorn set size:377362 disposed:false
204 silly fetch manifest brace-expansion@^1.1.7
205 silly packumentCache full:https://registry.npmjs.org/brace-expansion cache-miss
206 http cache https://registry.npmjs.org/acorn-jsx 12ms (cache hit)
207 silly packumentCache full:https://registry.npmjs.org/acorn-jsx set size:71068 disposed:false
208 silly fetch manifest ansi-regex@^5.0.1
209 silly packumentCache full:https://registry.npmjs.org/ansi-regex cache-miss
210 http cache https://registry.npmjs.org/flat-cache 13ms (cache hit)
211 silly packumentCache full:https://registry.npmjs.org/flat-cache set size:164041 disposed:false
212 http cache https://registry.npmjs.org/brace-expansion 8ms (cache hit)
213 silly packumentCache full:https://registry.npmjs.org/brace-expansion set size:51042 disposed:false
214 http fetch GET 200 https://registry.npmjs.org/ansi-regex 52ms (cache miss)
215 silly packumentCache full:https://registry.npmjs.org/ansi-regex set size:undefined disposed:false
216 http fetch GET 200 https://registry.npmjs.org/argparse 80ms (cache miss)
217 silly packumentCache full:https://registry.npmjs.org/argparse set size:undefined disposed:false
218 http fetch GET 200 https://registry.npmjs.org/strip-json-comments 247ms (cache miss)
219 silly packumentCache full:https://registry.npmjs.org/strip-json-comments set size:undefined disposed:false
220 http fetch GET 200 https://registry.npmjs.org/@humanwhocodes%2fobject-schema 291ms (cache miss)
221 silly packumentCache full:https://registry.npmjs.org/@humanwhocodes%2fobject-schema set size:undefined disposed:false
222 http fetch GET 200 https://registry.npmjs.org/type-fest 156ms (cache miss)
223 silly packumentCache full:https://registry.npmjs.org/type-fest set size:undefined disposed:false
224 silly placeDep ROOT import-fresh@3.3.1 OK for: @eslint/eslintrc@2.1.4 want: ^3.2.1
225 silly placeDep ROOT strip-json-comments@3.1.1 OK for: @eslint/eslintrc@2.1.4 want: ^3.1.1
226 silly fetch manifest parent-module@^1.0.0
227 silly packumentCache full:https://registry.npmjs.org/parent-module cache-miss
228 silly fetch manifest resolve-from@^4.0.0
229 silly packumentCache full:https://registry.npmjs.org/resolve-from cache-miss
230 http fetch GET 200 https://registry.npmjs.org/parent-module 37ms (cache miss)
231 silly packumentCache full:https://registry.npmjs.org/parent-module set size:undefined disposed:false
232 http fetch GET 200 https://registry.npmjs.org/resolve-from 217ms (cache miss)
233 silly packumentCache full:https://registry.npmjs.org/resolve-from set size:undefined disposed:false
234 silly placeDep ROOT @humanwhocodes/object-schema@2.0.3 OK for: @humanwhocodes/config-array@0.13.0 want: ^2.0.3
235 silly placeDep ROOT @nodelib/fs.scandir@2.1.5 OK for: @nodelib/fs.walk@1.2.8 want: 2.1.5
236 silly placeDep ROOT fastq@1.20.1 OK for: @nodelib/fs.walk@1.2.8 want: ^1.6.0
237 silly fetch manifest run-parallel@^1.1.9
238 silly packumentCache full:https://registry.npmjs.org/run-parallel cache-miss
239 silly fetch manifest @nodelib/fs.stat@2.0.5
240 silly packumentCache full:https://registry.npmjs.org/@nodelib%2ffs.stat cache-miss
241 silly fetch manifest reusify@^1.0.4
242 silly packumentCache full:https://registry.npmjs.org/reusify cache-miss
243 http fetch GET 200 https://registry.npmjs.org/run-parallel 34ms (cache miss)
244 silly packumentCache full:https://registry.npmjs.org/run-parallel set size:undefined disposed:false
245 http fetch GET 200 https://registry.npmjs.org/reusify 126ms (cache miss)
246 silly packumentCache full:https://registry.npmjs.org/reusify set size:undefined disposed:false
247 http fetch GET 200 https://registry.npmjs.org/@nodelib%2ffs.stat 234ms (cache miss)
248 silly packumentCache full:https://registry.npmjs.org/@nodelib%2ffs.stat set size:undefined disposed:false
249 silly placeDep ROOT @nodelib/fs.stat@2.0.5 OK for: @nodelib/fs.scandir@2.1.5 want: 2.0.5
250 silly placeDep ROOT run-parallel@1.2.0 OK for: @nodelib/fs.scandir@2.1.5 want: ^1.1.9
251 silly fetch manifest queue-microtask@^1.2.2
252 silly packumentCache full:https://registry.npmjs.org/queue-microtask cache-miss
253 http fetch GET 200 https://registry.npmjs.org/queue-microtask 47ms (cache miss)
254 silly packumentCache full:https://registry.npmjs.org/queue-microtask set size:undefined disposed:false
255 silly placeDep ROOT ansi-styles@4.3.0 OK for: chalk@4.1.2 want: ^4.1.0
256 silly placeDep ROOT supports-color@7.2.0 OK for: chalk@4.1.2 want: ^7.1.0
257 silly fetch manifest color-convert@^2.0.1
258 silly packumentCache full:https://registry.npmjs.org/color-convert cache-miss
259 silly fetch manifest has-flag@^4.0.0
260 silly packumentCache full:https://registry.npmjs.org/has-flag cache-miss
261 http fetch GET 200 https://registry.npmjs.org/has-flag 40ms (cache miss)
262 silly packumentCache full:https://registry.npmjs.org/has-flag set size:undefined disposed:false
263 http fetch GET 200 https://registry.npmjs.org/color-convert 40ms (cache miss)
264 silly packumentCache full:https://registry.npmjs.org/color-convert set size:undefined disposed:false
265 silly placeDep ROOT color-convert@2.0.1 OK for: ansi-styles@4.3.0 want: ^2.0.1
266 silly fetch manifest color-name@~1.1.4
267 silly packumentCache full:https://registry.npmjs.org/color-name cache-miss
268 http fetch GET 200 https://registry.npmjs.org/color-name 126ms (cache miss)
269 silly packumentCache full:https://registry.npmjs.org/color-name set size:undefined disposed:false
270 silly placeDep ROOT color-name@1.1.4 OK for: color-convert@2.0.1 want: ~1.1.4
271 silly placeDep ROOT ms@2.1.3 OK for: debug@4.4.3 want: ^2.1.3
272 silly placeDep ROOT esrecurse@4.3.0 OK for: eslint-scope@7.2.2 want: ^4.3.0
273 silly placeDep ROOT acorn@8.15.0 OK for: espree@9.6.1 want: ^8.9.0
274 silly placeDep ROOT acorn-jsx@5.3.2 OK for: espree@9.6.1 want: ^5.3.2
275 silly placeDep ROOT reusify@1.1.0 OK for: fastq@1.20.1 want: ^1.0.4
276 silly placeDep ROOT flat-cache@3.2.0 OK for: file-entry-cache@6.0.1 want: ^3.0.4
277 silly fetch manifest keyv@^4.5.3
278 silly packumentCache full:https://registry.npmjs.org/keyv cache-miss
279 silly fetch manifest rimraf@^3.0.2
280 silly packumentCache full:https://registry.npmjs.org/rimraf cache-miss
281 silly fetch manifest flatted@^3.2.9
282 silly packumentCache full:https://registry.npmjs.org/flatted cache-miss
283 http cache https://registry.npmjs.org/flatted 3ms (cache hit)
284 silly packumentCache full:https://registry.npmjs.org/flatted set size:126610 disposed:false
285 http cache https://registry.npmjs.org/keyv 4ms (cache hit)
286 silly packumentCache full:https://registry.npmjs.org/keyv set size:235223 disposed:false
287 http fetch GET 200 https://registry.npmjs.org/rimraf 56ms (cache miss)
288 silly packumentCache full:https://registry.npmjs.org/rimraf set size:undefined disposed:false
289 silly placeDep ROOT flatted@3.3.3 OK for: flat-cache@3.2.0 want: ^3.2.9
290 silly placeDep ROOT keyv@4.5.4 OK for: flat-cache@3.2.0 want: ^4.5.3
291 silly placeDep ROOT rimraf@3.0.2 OK for: flat-cache@3.2.0 want: ^3.0.2
292 silly fetch manifest json-buffer@3.0.1
293 silly packumentCache full:https://registry.npmjs.org/json-buffer cache-miss
294 silly fetch manifest glob@^7.1.3
295 silly packumentCache full:https://registry.npmjs.org/glob cache-miss
296 http cache https://registry.npmjs.org/json-buffer 3ms (cache hit)
297 silly packumentCache full:https://registry.npmjs.org/json-buffer set size:23474 disposed:false
298 http fetch GET 200 https://registry.npmjs.org/glob 127ms (cache miss)
299 silly packumentCache full:https://registry.npmjs.org/glob set size:undefined disposed:false
300 silly placeDep ROOT type-fest@0.20.2 OK for: globals@13.24.0 want: ^0.20.2
301 silly placeDep ROOT parent-module@1.0.1 OK for: import-fresh@3.3.1 want: ^1.0.0
302 silly placeDep ROOT resolve-from@4.0.0 OK for: import-fresh@3.3.1 want: ^4.0.0
303 silly fetch manifest callsites@^3.0.0
304 silly packumentCache full:https://registry.npmjs.org/callsites cache-miss
305 http fetch GET 200 https://registry.npmjs.org/callsites 219ms (cache miss)
306 silly packumentCache full:https://registry.npmjs.org/callsites set size:undefined disposed:false
307 silly placeDep ROOT argparse@2.0.1 OK for: js-yaml@4.1.1 want: ^2.0.1
308 silly placeDep ROOT json-buffer@3.0.1 OK for: keyv@4.5.4 want: 3.0.1
309 silly placeDep ROOT brace-expansion@1.1.12 OK for: minimatch@3.1.2 want: ^1.1.7
310 silly fetch manifest concat-map@0.0.1
311 silly packumentCache full:https://registry.npmjs.org/concat-map cache-miss
312 silly fetch manifest balanced-match@^1.0.0
313 silly packumentCache full:https://registry.npmjs.org/balanced-match cache-miss
314 http cache https://registry.npmjs.org/balanced-match 3ms (cache hit)
315 silly packumentCache full:https://registry.npmjs.org/balanced-match set size:34427 disposed:false
316 http fetch GET 200 https://registry.npmjs.org/concat-map 101ms (cache miss)
317 silly packumentCache full:https://registry.npmjs.org/concat-map set size:undefined disposed:false
318 silly placeDep ROOT balanced-match@1.0.2 OK for: brace-expansion@1.1.12 want: ^1.0.0
319 silly placeDep ROOT concat-map@0.0.1 OK for: brace-expansion@1.1.12 want: 0.0.1
320 silly placeDep ROOT callsites@3.1.0 OK for: parent-module@1.0.1 want: ^3.0.0
321 silly placeDep ROOT glob@7.2.3 OK for: rimraf@3.0.2 want: ^7.1.3
322 silly fetch manifest once@^1.3.0
323 silly packumentCache full:https://registry.npmjs.org/once cache-miss
324 silly fetch manifest inflight@^1.0.4
325 silly packumentCache full:https://registry.npmjs.org/inflight cache-miss
326 silly fetch manifest inherits@2
327 silly packumentCache full:https://registry.npmjs.org/inherits cache-miss
328 silly fetch manifest fs.realpath@^1.0.0
329 silly packumentCache full:https://registry.npmjs.org/fs.realpath cache-miss
330 silly fetch manifest path-is-absolute@^1.0.0
331 silly packumentCache full:https://registry.npmjs.org/path-is-absolute cache-miss
332 http fetch GET 200 https://registry.npmjs.org/path-is-absolute 64ms (cache miss)
333 silly packumentCache full:https://registry.npmjs.org/path-is-absolute set size:undefined disposed:false
334 http fetch GET 200 https://registry.npmjs.org/fs.realpath 66ms (cache miss)
335 silly packumentCache full:https://registry.npmjs.org/fs.realpath set size:undefined disposed:false
336 http fetch GET 200 https://registry.npmjs.org/inherits 66ms (cache miss)
337 silly packumentCache full:https://registry.npmjs.org/inherits set size:undefined disposed:false
338 http fetch GET 200 https://registry.npmjs.org/inflight 66ms (cache miss)
339 silly packumentCache full:https://registry.npmjs.org/inflight set size:undefined disposed:false
340 http fetch GET 200 https://registry.npmjs.org/once 73ms (cache miss)
341 silly packumentCache full:https://registry.npmjs.org/once set size:undefined disposed:false
342 silly placeDep ROOT fs.realpath@1.0.0 OK for: glob@7.2.3 want: ^1.0.0
343 silly placeDep ROOT inflight@1.0.6 OK for: glob@7.2.3 want: ^1.0.4
344 silly placeDep ROOT inherits@2.0.4 OK for: glob@7.2.3 want: 2
345 silly placeDep ROOT once@1.4.0 OK for: glob@7.2.3 want: ^1.3.0
346 silly placeDep ROOT path-is-absolute@1.0.1 OK for: glob@7.2.3 want: ^1.0.0
347 silly fetch manifest wrappy@1
348 silly packumentCache full:https://registry.npmjs.org/wrappy cache-miss
349 silly fetch manifest wrappy@1
350 silly packumentCache full:https://registry.npmjs.org/wrappy cache-miss
351 http fetch GET 200 https://registry.npmjs.org/wrappy 112ms (cache miss)
352 silly packumentCache full:https://registry.npmjs.org/wrappy set size:undefined disposed:false
353 http fetch GET 200 https://registry.npmjs.org/wrappy 112ms (cache miss)
354 silly packumentCache full:https://registry.npmjs.org/wrappy set size:undefined disposed:false
355 silly placeDep ROOT wrappy@1.0.2 OK for: inflight@1.0.6 want: 1
356 silly placeDep ROOT queue-microtask@1.2.3 OK for: run-parallel@1.2.0 want: ^1.2.2
357 silly placeDep ROOT ansi-regex@5.0.1 OK for: strip-ansi@6.0.1 want: ^5.0.1
358 silly placeDep ROOT has-flag@4.0.0 OK for: supports-color@7.2.0 want: ^4.0.0
359 silly reify mark retired [
359 silly reify   '/Users/juliusrannersberger/Desktop/Flatcontroll/wg-putzplan/node_modules/@eslint-community/eslint-utils/node_modules/eslint-visitor-keys'
359 silly reify ]
360 silly reify mark retired [
360 silly reify   '/Users/juliusrannersberger/Desktop/Flatcontroll/wg-putzplan/node_modules/@eslint/config-array'
360 silly reify ]
361 silly reify mark retired [
361 silly reify   '/Users/juliusrannersberger/Desktop/Flatcontroll/wg-putzplan/node_modules/@eslint/config-helpers'
361 silly reify ]
362 silly reify mark retired [
362 silly reify   '/Users/juliusrannersberger/Desktop/Flatcontroll/wg-putzplan/node_modules/@eslint/core'
362 silly reify ]
363 silly reify mark retired [
363 silly reify   '/Users/juliusrannersberger/Desktop/Flatcontroll/wg-putzplan/node_modules/@eslint/object-schema'
363 silly reify ]
364 silly reify mark retired [
364 silly reify   '/Users/juliusrannersberger/Desktop/Flatcontroll/wg-putzplan/node_modules/@eslint/plugin-kit'
364 silly reify ]
365 silly reify mark retired [
365 silly reify   '/Users/juliusrannersberger/Desktop/Flatcontroll/wg-putzplan/node_modules/@humanfs/core'
365 silly reify ]
366 silly reify mark retired [
366 silly reify   '/Users/juliusrannersberger/Desktop/Flatcontroll/wg-putzplan/node_modules/@humanfs/node'
366 silly reify ]
367 silly reify mark retired [
367 silly reify   '/Users/juliusrannersberger/Desktop/Flatcontroll/wg-putzplan/node_modules/@humanwhocodes/retry'
367 silly reify ]
368 silly reify mark retired [
368 silly reify   '/Users/juliusrannersberger/Desktop/Flatcontroll/wg-putzplan/node_modules/@isaacs/cliui'
368 silly reify ]
369 silly reify mark retired [
369 silly reify   '/Users/juliusrannersberger/Desktop/Flatcontroll/wg-putzplan/node_modules/@types/esrecurse'
369 silly reify ]
370 silly reify mark retired [
370 silly reify   '/Users/juliusrannersberger/Desktop/Flatcontroll/wg-putzplan/node_modules/@types/estree'
370 silly reify ]
371 silly reify mark retired [
371 silly reify   '/Users/juliusrannersberger/Desktop/Flatcontroll/wg-putzplan/node_modules/@types/json-schema'
371 silly reify ]
372 silly reify mark retired [
372 silly reify   '/Users/juliusrannersberger/Desktop/Flatcontroll/wg-putzplan/node_modules/@types/node'
372 silly reify ]
373 silly reify mark retired [
373 silly reify   '/Users/juliusrannersberger/Desktop/Flatcontroll/wg-putzplan/node_modules/@types/react'
373 silly reify ]
374 silly reify mark retired [
374 silly reify   '/Users/juliusrannersberger/Desktop/Flatcontroll/wg-putzplan/node_modules/@types/react-dom'
374 silly reify ]
375 silly reify mark retired [
375 silly reify   '/Users/juliusrannersberger/Desktop/Flatcontroll/wg-putzplan/node_modules/balanced-match'
375 silly reify ]
376 silly reify mark retired [
376 silly reify   '/Users/juliusrannersberger/Desktop/Flatcontroll/wg-putzplan/node_modules/brace-expansion'
376 silly reify ]
377 silly reify mark retired [
377 silly reify   '/Users/juliusrannersberger/Desktop/Flatcontroll/wg-putzplan/node_modules/eslint',
377 silly reify   '/Users/juliusrannersberger/Desktop/Flatcontroll/wg-putzplan/node_modules/.bin/eslint'
377 silly reify ]
378 silly reify mark retired [
378 silly reify   '/Users/juliusrannersberger/Desktop/Flatcontroll/wg-putzplan/node_modules/eslint-scope'
378 silly reify ]
379 silly reify mark retired [
379 silly reify   '/Users/juliusrannersberger/Desktop/Flatcontroll/wg-putzplan/node_modules/eslint-visitor-keys'
379 silly reify ]
380 silly reify mark retired [
380 silly reify   '/Users/juliusrannersberger/Desktop/Flatcontroll/wg-putzplan/node_modules/espree'
380 silly reify ]
381 silly reify mark retired [
381 silly reify   '/Users/juliusrannersberger/Desktop/Flatcontroll/wg-putzplan/node_modules/file-entry-cache'
381 silly reify ]
382 silly reify mark retired [
382 silly reify   '/Users/juliusrannersberger/Desktop/Flatcontroll/wg-putzplan/node_modules/flat-cache'
382 silly reify ]
383 silly reify mark retired [
383 silly reify   '/Users/juliusrannersberger/Desktop/Flatcontroll/wg-putzplan/node_modules/jackspeak'
383 silly reify ]
384 silly reify mark retired [
384 silly reify   '/Users/juliusrannersberger/Desktop/Flatcontroll/wg-putzplan/node_modules/lucide-react'
384 silly reify ]
385 silly reify mark retired [
385 silly reify   '/Users/juliusrannersberger/Desktop/Flatcontroll/wg-putzplan/node_modules/minimatch'
385 silly reify ]
386 silly reify mark retired [
386 silly reify   '/Users/juliusrannersberger/Desktop/Flatcontroll/wg-putzplan/node_modules/tailwind-merge'
386 silly reify ]
387 silly reify mark retired [
387 silly reify   '/Users/juliusrannersberger/Desktop/Flatcontroll/wg-putzplan/node_modules/tailwindcss'
387 silly reify ]
388 silly reify mark retired [
388 silly reify   '/Users/juliusrannersberger/Desktop/Flatcontroll/wg-putzplan/node_modules/undici-types'
388 silly reify ]
389 silly reify moves {
389 silly reify   '/Users/juliusrannersberger/Desktop/Flatcontroll/wg-putzplan/node_modules/@eslint-community/eslint-utils/node_modules/eslint-visitor-keys': '/Users/juliusrannersberger/Desktop/Flatcontroll/wg-putzplan/node_modules/@eslint-community/eslint-utils/node_modules/.eslint-visitor-keys-tlsPR9Og',
389 silly reify   '/Users/juliusrannersberger/Desktop/Flatcontroll/wg-putzplan/node_modules/@eslint/config-array': '/Users/juliusrannersberger/Desktop/Flatcontroll/wg-putzplan/node_modules/@eslint/.config-array-vEAsILE1',
389 silly reify   '/Users/juliusrannersberger/Desktop/Flatcontroll/wg-putzplan/node_modules/@eslint/config-helpers': '/Users/juliusrannersberger/Desktop/Flatcontroll/wg-putzplan/node_modules/@eslint/.config-helpers-sko8KWBj',
389 silly reify   '/Users/juliusrannersberger/Desktop/Flatcontroll/wg-putzplan/node_modules/@eslint/core': '/Users/juliusrannersberger/Desktop/Flatcontroll/wg-putzplan/node_modules/@eslint/.core-e2oQCEGc',
389 silly reify   '/Users/juliusrannersberger/Desktop/Flatcontroll/wg-putzplan/node_modules/@eslint/object-schema': '/Users/juliusrannersberger/Desktop/Flatcontroll/wg-putzplan/node_modules/@eslint/.object-schema-tTGAlPw7',
389 silly reify   '/Users/juliusrannersberger/Desktop/Flatcontroll/wg-putzplan/node_modules/@eslint/plugin-kit': '/Users/juliusrannersberger/Desktop/Flatcontroll/wg-putzplan/node_modules/@eslint/.plugin-kit-U4S5iwbt',
389 silly reify   '/Users/juliusrannersberger/Desktop/Flatcontroll/wg-putzplan/node_modules/@humanfs/core': '/Users/juliusrannersberger/Desktop/Flatcontroll/wg-putzplan/node_modules/@humanfs/.core-tJ7MmAxU',
389 silly reify   '/Users/juliusrannersberger/Desktop/Flatcontroll/wg-putzplan/node_modules/@humanfs/node': '/Users/juliusrannersberger/Desktop/Flatcontroll/wg-putzplan/node_modules/@humanfs/.node-nvyeotj5',
389 silly reify   '/Users/juliusrannersberger/Desktop/Flatcontroll/wg-putzplan/node_modules/@humanwhocodes/retry': '/Users/juliusrannersberger/Desktop/Flatcontroll/wg-putzplan/node_modules/@humanwhocodes/.retry-8eka9jZS',
389 silly reify   '/Users/juliusrannersberger/Desktop/Flatcontroll/wg-putzplan/node_modules/@isaacs/cliui': '/Users/juliusrannersberger/Desktop/Flatcontroll/wg-putzplan/node_modules/@isaacs/.cliui-w6ppv6Jg',
389 silly reify   '/Users/juliusrannersberger/Desktop/Flatcontroll/wg-putzplan/node_modules/@types/esrecurse': '/Users/juliusrannersberger/Desktop/Flatcontroll/wg-putzplan/node_modules/@types/.esrecurse-Bv8ON6uu',
389 silly reify   '/Users/juliusrannersberger/Desktop/Flatcontroll/wg-putzplan/node_modules/@types/estree': '/Users/juliusrannersberger/Desktop/Flatcontroll/wg-putzplan/node_modules/@types/.estree-gO5rX64a',
389 silly reify   '/Users/juliusrannersberger/Desktop/Flatcontroll/wg-putzplan/node_modules/@types/json-schema': '/Users/juliusrannersberger/Desktop/Flatcontroll/wg-putzplan/node_modules/@types/.json-schema-AfUlPGSQ',
389 silly reify   '/Users/juliusrannersberger/Desktop/Flatcontroll/wg-putzplan/node_modules/@types/node': '/Users/juliusrannersberger/Desktop/Flatcontroll/wg-putzplan/node_modules/@types/.node-CKJEVp2Y',
389 silly reify   '/Users/juliusrannersberger/Desktop/Flatcontroll/wg-putzplan/node_modules/@types/react': '/Users/juliusrannersberger/Desktop/Flatcontroll/wg-putzplan/node_modules/@types/.react-tOaqFv40',
389 silly reify   '/Users/juliusrannersberger/Desktop/Flatcontroll/wg-putzplan/node_modules/@types/react-dom': '/Users/juliusrannersberger/Desktop/Flatcontroll/wg-putzplan/node_modules/@types/.react-dom-PYlJ87Kd',
389 silly reify   '/Users/juliusrannersberger/Desktop/Flatcontroll/wg-putzplan/node_modules/balanced-match': '/Users/juliusrannersberger/Desktop/Flatcontroll/wg-putzplan/node_modules/.balanced-match-MhpZfXLB',
389 silly reify   '/Users/juliusrannersberger/Desktop/Flatcontroll/wg-putzplan/node_modules/brace-expansion': '/Users/juliusrannersberger/Desktop/Flatcontroll/wg-putzplan/node_modules/.brace-expansion-QnkLrmKX',
389 silly reify   '/Users/juliusrannersberger/Desktop/Flatcontroll/wg-putzplan/node_modules/eslint': '/Users/juliusrannersberger/Desktop/Flatcontroll/wg-putzplan/node_modules/.eslint-2CI3ys6i',
389 silly reify   '/Users/juliusrannersberger/Desktop/Flatcontroll/wg-putzplan/node_modules/.bin/eslint': '/Users/juliusrannersberger/Desktop/Flatcontroll/wg-putzplan/node_modules/.bin/.eslint-xK87NYKD',
389 silly reify   '/Users/juliusrannersberger/Desktop/Flatcontroll/wg-putzplan/node_modules/eslint-scope': '/Users/juliusrannersberger/Desktop/Flatcontroll/wg-putzplan/node_modules/.eslint-scope-3UsQbr0A',
389 silly reify   '/Users/juliusrannersberger/Desktop/Flatcontroll/wg-putzplan/node_modules/eslint-visitor-keys': '/Users/juliusrannersberger/Desktop/Flatcontroll/wg-putzplan/node_modules/.eslint-visitor-keys-Bbju433m',
389 silly reify   '/Users/juliusrannersberger/Desktop/Flatcontroll/wg-putzplan/node_modules/espree': '/Users/juliusrannersberger/Desktop/Flatcontroll/wg-putzplan/node_modules/.espree-E51ADux1',
389 silly reify   '/Users/juliusrannersberger/Desktop/Flatcontroll/wg-putzplan/node_modules/file-entry-cache': '/Users/juliusrannersberger/Desktop/Flatcontroll/wg-putzplan/node_modules/.file-entry-cache-d6y7pccK',
389 silly reify   '/Users/juliusrannersberger/Desktop/Flatcontroll/wg-putzplan/node_modules/flat-cache': '/Users/juliusrannersberger/Desktop/Flatcontroll/wg-putzplan/node_modules/.flat-cache-HG8SR4ne',
389 silly reify   '/Users/juliusrannersberger/Desktop/Flatcontroll/wg-putzplan/node_modules/jackspeak': '/Users/juliusrannersberger/Desktop/Flatcontroll/wg-putzplan/node_modules/.jackspeak-K0AuQFBl',
389 silly reify   '/Users/juliusrannersberger/Desktop/Flatcontroll/wg-putzplan/node_modules/lucide-react': '/Users/juliusrannersberger/Desktop/Flatcontroll/wg-putzplan/node_modules/.lucide-react-myUhk2W5',
389 silly reify   '/Users/juliusrannersberger/Desktop/Flatcontroll/wg-putzplan/node_modules/minimatch': '/Users/juliusrannersberger/Desktop/Flatcontroll/wg-putzplan/node_modules/.minimatch-6fijU1Z9',
389 silly reify   '/Users/juliusrannersberger/Desktop/Flatcontroll/wg-putzplan/node_modules/tailwind-merge': '/Users/juliusrannersberger/Desktop/Flatcontroll/wg-putzplan/node_modules/.tailwind-merge-9BdL4cfN',
389 silly reify   '/Users/juliusrannersberger/Desktop/Flatcontroll/wg-putzplan/node_modules/tailwindcss': '/Users/juliusrannersberger/Desktop/Flatcontroll/wg-putzplan/node_modules/.tailwindcss-Tml15CZ5',
389 silly reify   '/Users/juliusrannersberger/Desktop/Flatcontroll/wg-putzplan/node_modules/undici-types': '/Users/juliusrannersberger/Desktop/Flatcontroll/wg-putzplan/node_modules/.undici-types-j3F2DjQ9'
389 silly reify }
390 silly audit bulk request {
390 silly audit   '@emnapi/runtime': [ '1.8.1' ],
390 silly audit   '@eslint-community/eslint-utils': [ '4.9.1' ],
390 silly audit   'eslint-visitor-keys': [ '3.4.3' ],
390 silly audit   '@eslint-community/regexpp': [ '4.12.2' ],
390 silly audit   '@humanwhocodes/module-importer': [ '1.0.1' ],
390 silly audit   '@img/colour': [ '1.0.0' ],
390 silly audit   '@img/sharp-darwin-arm64': [ '0.34.5' ],
390 silly audit   '@img/sharp-darwin-x64': [ '0.34.5' ],
390 silly audit   '@img/sharp-libvips-darwin-arm64': [ '1.2.4' ],
390 silly audit   '@img/sharp-libvips-darwin-x64': [ '1.2.4' ],
390 silly audit   '@img/sharp-libvips-linux-arm': [ '1.2.4' ],
390 silly audit   '@img/sharp-libvips-linux-arm64': [ '1.2.4' ],
390 silly audit   '@img/sharp-libvips-linux-ppc64': [ '1.2.4' ],
390 silly audit   '@img/sharp-libvips-linux-riscv64': [ '1.2.4' ],
390 silly audit   '@img/sharp-libvips-linux-s390x': [ '1.2.4' ],
390 silly audit   '@img/sharp-libvips-linux-x64': [ '1.2.4' ],
390 silly audit   '@img/sharp-libvips-linuxmusl-arm64': [ '1.2.4' ],
390 silly audit   '@img/sharp-libvips-linuxmusl-x64': [ '1.2.4' ],
390 silly audit   '@img/sharp-linux-arm': [ '0.34.5' ],
390 silly audit   '@img/sharp-linux-arm64': [ '0.34.5' ],
390 silly audit   '@img/sharp-linux-ppc64': [ '0.34.5' ],
390 silly audit   '@img/sharp-linux-riscv64': [ '0.34.5' ],
390 silly audit   '@img/sharp-linux-s390x': [ '0.34.5' ],
390 silly audit   '@img/sharp-linux-x64': [ '0.34.5' ],
390 silly audit   '@img/sharp-linuxmusl-arm64': [ '0.34.5' ],
390 silly audit   '@img/sharp-linuxmusl-x64': [ '0.34.5' ],
390 silly audit   '@img/sharp-wasm32': [ '0.34.5' ],
390 silly audit   '@img/sharp-win32-arm64': [ '0.34.5' ],
390 silly audit   '@img/sharp-win32-ia32': [ '0.34.5' ],
390 silly audit   '@img/sharp-win32-x64': [ '0.34.5' ],
390 silly audit   '@next/env': [ '16.1.6' ],
390 silly audit   '@next/swc-darwin-arm64': [ '16.1.6' ],
390 silly audit   '@next/swc-darwin-x64': [ '16.1.6' ],
390 silly audit   '@next/swc-linux-arm64-gnu': [ '16.1.6' ],
390 silly audit   '@next/swc-linux-arm64-musl': [ '16.1.6' ],
390 silly audit   '@next/swc-linux-x64-gnu': [ '16.1.6' ],
390 silly audit   '@next/swc-linux-x64-musl': [ '16.1.6' ],
390 silly audit   '@next/swc-win32-arm64-msvc': [ '16.1.6' ],
390 silly audit   '@next/swc-win32-x64-msvc': [ '16.1.6' ],
390 silly audit   '@swc/helpers': [ '0.5.15' ],
390 silly audit   ajv: [ '6.12.6' ],
390 silly audit   autoprefixer: [ '10.4.24' ],
390 silly audit   'baseline-browser-mapping': [ '2.9.19' ],
390 silly audit   browserslist: [ '4.28.1' ],
390 silly audit   'caniuse-lite': [ '1.0.30001770' ],
390 silly audit   'client-only': [ '0.0.1' ],
390 silly audit   clsx: [ '2.1.1' ],
390 silly audit   'cross-spawn': [ '7.0.6' ],
390 silly audit   csstype: [ '3.2.3' ],
390 silly audit   'deep-is': [ '0.1.4' ],
390 silly audit   'detect-libc': [ '2.1.2' ],
390 silly audit   'electron-to-chromium': [ '1.5.286' ],
390 silly audit   escalade: [ '3.2.0' ],
390 silly audit   'escape-string-regexp': [ '4.0.0' ],
390 silly audit   esquery: [ '1.7.0' ],
390 silly audit   estraverse: [ '5.3.0' ],
390 silly audit   esutils: [ '2.0.3' ],
390 silly audit   'fast-deep-equal': [ '3.1.3' ],
390 silly audit   'fast-json-stable-stringify': [ '2.1.0' ],
390 silly audit   'fast-levenshtein': [ '2.0.6' ],
390 silly audit   'find-up': [ '5.0.0' ],
390 silly audit   'fraction.js': [ '5.3.4' ],
390 silly audit   'glob-parent': [ '6.0.2' ],
390 silly audit   ignore: [ '5.3.2' ],
390 silly audit   imurmurhash: [ '0.1.4' ],
390 silly audit   'is-extglob': [ '2.1.1' ],
390 silly audit   'is-glob': [ '4.0.3' ],
390 silly audit   isexe: [ '2.0.0' ],
390 silly audit   'json-schema-traverse': [ '0.4.1' ],
390 silly audit   'json-stable-stringify-without-jsonify': [ '1.0.1' ],
390 silly audit   levn: [ '0.4.1' ],
390 silly audit   'locate-path': [ '6.0.0' ],
390 silly audit   nanoid: [ '3.3.11' ],
390 silly audit   'natural-compare': [ '1.4.0' ],
390 silly audit   next: [ '16.1.6' ],
390 silly audit   postcss: [ '8.4.31', '8.5.6' ],
390 silly audit   'node-releases': [ '2.0.27' ],
390 silly audit   optionator: [ '0.9.4' ],
390 silly audit   'p-limit': [ '3.1.0' ],
390 silly audit   'p-locate': [ '5.0.0' ],
390 silly audit   'path-exists': [ '4.0.0' ],
390 silly audit   'path-key': [ '3.1.1' ],
390 silly audit   picocolors: [ '1.1.1' ],
390 silly audit   'postcss-value-parser': [ '4.2.0' ],
390 silly audit   'prelude-ls': [ '1.2.1' ],
390 silly audit   punycode: [ '2.3.1' ],
390 silly audit   react: [ '19.2.4' ],
390 silly audit   'react-dom': [ '19.2.4' ],
390 silly audit   scheduler: [ '0.27.0' ],
390 silly audit   semver: [ '7.7.4' ],
390 silly audit   sharp: [ '0.34.5' ],
390 silly audit   'shebang-command': [ '2.0.0' ],
390 silly audit   'shebang-regex': [ '3.0.0' ],
390 silly audit   'source-map-js': [ '1.2.1' ],
390 silly audit   'styled-jsx': [ '5.1.6' ],
390 silly audit   tslib: [ '2.8.1' ],
390 silly audit   'type-check': [ '0.4.0' ],
390 silly audit   typescript: [ '5.9.3' ],
390 silly audit   'update-browserslist-db': [ '1.2.3' ],
390 silly audit   'uri-js': [ '4.4.1' ],
390 silly audit   which: [ '2.0.2' ],
390 silly audit   'word-wrap': [ '1.2.5' ],
390 silly audit   'yocto-queue': [ '0.1.0' ],
390 silly audit   '@types/node': [ '20.19.33' ],
390 silly audit   '@types/react': [ '18.3.28' ],
390 silly audit   '@types/react-dom': [ '18.3.7' ],
390 silly audit   eslint: [ '8.57.1' ],
390 silly audit   'lucide-react': [ '0.330.0' ],
390 silly audit   'tailwind-merge': [ '2.6.1' ],
390 silly audit   'undici-types': [ '6.21.0' ],
390 silly audit   '@types/prop-types': [ '15.7.15' ],
390 silly audit   '@eslint/eslintrc': [ '2.1.4' ],
390 silly audit   '@eslint/js': [ '8.57.1' ],
390 silly audit   '@humanwhocodes/config-array': [ '0.13.0' ],
390 silly audit   '@nodelib/fs.walk': [ '1.2.8' ],
390 silly audit   '@ungap/structured-clone': [ '1.3.0' ],
390 silly audit   chalk: [ '4.1.2' ],
390 silly audit   debug: [ '4.4.3' ],
390 silly audit   doctrine: [ '3.0.0' ],
390 silly audit   'eslint-scope': [ '7.2.2' ],
390 silly audit   espree: [ '9.6.1' ],
390 silly audit   'file-entry-cache': [ '6.0.1' ],
390 silly audit   globals: [ '13.24.0' ],
390 silly audit   graphemer: [ '1.4.0' ],
390 silly audit   'is-path-inside': [ '3.0.3' ],
390 silly audit   'js-yaml': [ '4.1.1' ],
390 silly audit   'lodash.merge': [ '4.6.2' ],
390 silly audit   minimatch: [ '3.1.2' ],
390 silly audit   'strip-ansi': [ '6.0.1' ],
390 silly audit   'text-table': [ '0.2.0' ],
390 silly audit   'import-fresh': [ '3.3.1' ],
390 silly audit   'strip-json-comments': [ '3.1.1' ],
390 silly audit   '@humanwhocodes/object-schema': [ '2.0.3' ],
390 silly audit   '@nodelib/fs.scandir': [ '2.1.5' ],
390 silly audit   fastq: [ '1.20.1' ],
390 silly audit   '@nodelib/fs.stat': [ '2.0.5' ],
390 silly audit   'run-parallel': [ '1.2.0' ],
390 silly audit   'ansi-styles': [ '4.3.0' ],
390 silly audit   'supports-color': [ '7.2.0' ],
390 silly audit   'color-convert': [ '2.0.1' ],
390 silly audit   'color-name': [ '1.1.4' ],
390 silly audit   ms: [ '2.1.3' ],
390 silly audit   esrecurse: [ '4.3.0' ],
390 silly audit   acorn: [ '8.15.0' ],
390 silly audit   'acorn-jsx': [ '5.3.2' ],
390 silly audit   reusify: [ '1.1.0' ],
390 silly audit   'flat-cache': [ '3.2.0' ],
390 silly audit   flatted: [ '3.3.3' ],
390 silly audit   keyv: [ '4.5.4' ],
390 silly audit   rimraf: [ '3.0.2' ],
390 silly audit   'type-fest': [ '0.20.2' ],
390 silly audit   'parent-module': [ '1.0.1' ],
390 silly audit   'resolve-from': [ '4.0.0' ],
390 silly audit   argparse: [ '2.0.1' ],
390 silly audit   'json-buffer': [ '3.0.1' ],
390 silly audit   'brace-expansion': [ '1.1.12' ],
390 silly audit   'balanced-match': [ '1.0.2' ],
390 silly audit   'concat-map': [ '0.0.1' ],
390 silly audit   callsites: [ '3.1.0' ],
390 silly audit   glob: [ '7.2.3' ],
390 silly audit   'fs.realpath': [ '1.0.0' ],
390 silly audit   inflight: [ '1.0.6' ],
390 silly audit   inherits: [ '2.0.4' ],
390 silly audit   once: [ '1.4.0' ],
390 silly audit   'path-is-absolute': [ '1.0.1' ],
390 silly audit   wrappy: [ '1.0.2' ],
390 silly audit   'queue-microtask': [ '1.2.3' ],
390 silly audit   'ansi-regex': [ '5.0.1' ],
390 silly audit   'has-flag': [ '4.0.0' ]
390 silly audit }
391 http cache ansi-regex@https://registry.npmjs.org/ansi-regex/-/ansi-regex-5.0.1.tgz 0ms (cache hit)
392 http cache has-flag@https://registry.npmjs.org/has-flag/-/has-flag-4.0.0.tgz 0ms (cache hit)
393 http cache queue-microtask@https://registry.npmjs.org/queue-microtask/-/queue-microtask-1.2.3.tgz 0ms (cache hit)
394 http cache once@https://registry.npmjs.org/once/-/once-1.4.0.tgz 0ms (cache hit)
395 http cache wrappy@https://registry.npmjs.org/wrappy/-/wrappy-1.0.2.tgz 0ms (cache hit)
396 http cache path-is-absolute@https://registry.npmjs.org/path-is-absolute/-/path-is-absolute-1.0.1.tgz 0ms (cache hit)
397 http cache inherits@https://registry.npmjs.org/inherits/-/inherits-2.0.4.tgz 0ms (cache hit)
398 http cache inflight@https://registry.npmjs.org/inflight/-/inflight-1.0.6.tgz 0ms (cache hit)
399 http cache fs.realpath@https://registry.npmjs.org/fs.realpath/-/fs.realpath-1.0.0.tgz 0ms (cache hit)
400 http cache concat-map@https://registry.npmjs.org/concat-map/-/concat-map-0.0.1.tgz 0ms (cache hit)
401 http cache argparse@https://registry.npmjs.org/argparse/-/argparse-2.0.1.tgz 0ms (cache hit)
402 http cache callsites@https://registry.npmjs.org/callsites/-/callsites-3.1.0.tgz 0ms (cache hit)
403 http cache rimraf@https://registry.npmjs.org/rimraf/-/rimraf-3.0.2.tgz 0ms (cache hit)
404 http cache type-fest@https://registry.npmjs.org/type-fest/-/type-fest-0.20.2.tgz 0ms (cache hit)
405 http cache reusify@https://registry.npmjs.org/reusify/-/reusify-1.1.0.tgz 0ms (cache hit)
406 http cache color-convert@https://registry.npmjs.org/color-convert/-/color-convert-2.0.1.tgz 0ms (cache hit)
407 http cache color-name@https://registry.npmjs.org/color-name/-/color-name-1.1.4.tgz 0ms (cache hit)
408 http cache supports-color@https://registry.npmjs.org/supports-color/-/supports-color-7.2.0.tgz 0ms (cache hit)
409 http cache @nodelib/fs.stat@https://registry.npmjs.org/@nodelib/fs.stat/-/fs.stat-2.0.5.tgz 0ms (cache hit)
410 http cache ansi-styles@https://registry.npmjs.org/ansi-styles/-/ansi-styles-4.3.0.tgz 0ms (cache hit)
411 http cache run-parallel@https://registry.npmjs.org/run-parallel/-/run-parallel-1.2.0.tgz 0ms (cache hit)
412 http cache @nodelib/fs.scandir@https://registry.npmjs.org/@nodelib/fs.scandir/-/fs.scandir-2.1.5.tgz 0ms (cache hit)
413 http cache fastq@https://registry.npmjs.org/fastq/-/fastq-1.20.1.tgz 0ms (cache hit)
414 http cache import-fresh@https://registry.npmjs.org/import-fresh/-/import-fresh-3.3.1.tgz 0ms (cache hit)
415 http cache @humanwhocodes/object-schema@https://registry.npmjs.org/@humanwhocodes/object-schema/-/object-schema-2.0.3.tgz 0ms (cache hit)
416 http cache text-table@https://registry.npmjs.org/text-table/-/text-table-0.2.0.tgz 0ms (cache hit)
417 http cache strip-json-comments@https://registry.npmjs.org/strip-json-comments/-/strip-json-comments-3.1.1.tgz 0ms (cache hit)
418 http cache lodash.merge@https://registry.npmjs.org/lodash.merge/-/lodash.merge-4.6.2.tgz 0ms (cache hit)
419 http cache js-yaml@https://registry.npmjs.org/js-yaml/-/js-yaml-4.1.1.tgz 0ms (cache hit)
420 http cache strip-ansi@https://registry.npmjs.org/strip-ansi/-/strip-ansi-6.0.1.tgz 0ms (cache hit)
421 http cache is-path-inside@https://registry.npmjs.org/is-path-inside/-/is-path-inside-3.0.3.tgz 0ms (cache hit)
422 http cache graphemer@https://registry.npmjs.org/graphemer/-/graphemer-1.4.0.tgz 0ms (cache hit)
423 http cache globals@https://registry.npmjs.org/globals/-/globals-13.24.0.tgz 0ms (cache hit)
424 http cache chalk@https://registry.npmjs.org/chalk/-/chalk-4.1.2.tgz 0ms (cache hit)
425 http cache doctrine@https://registry.npmjs.org/doctrine/-/doctrine-3.0.0.tgz 0ms (cache hit)
426 http cache @ungap/structured-clone@https://registry.npmjs.org/@ungap/structured-clone/-/structured-clone-1.3.0.tgz 0ms (cache hit)
427 http cache @humanwhocodes/config-array@https://registry.npmjs.org/@humanwhocodes/config-array/-/config-array-0.13.0.tgz 0ms (cache hit)
428 http cache @nodelib/fs.walk@https://registry.npmjs.org/@nodelib/fs.walk/-/fs.walk-1.2.8.tgz 0ms (cache hit)
429 http cache @eslint/js@https://registry.npmjs.org/@eslint/js/-/js-8.57.1.tgz 0ms (cache hit)
430 http cache @eslint/eslintrc@https://registry.npmjs.org/@eslint/eslintrc/-/eslintrc-2.1.4.tgz 0ms (cache hit)
431 http cache undici-types@https://registry.npmjs.org/undici-types/-/undici-types-6.21.0.tgz 0ms (cache hit)
432 http cache @types/prop-types@https://registry.npmjs.org/@types/prop-types/-/prop-types-15.7.15.tgz 0ms (cache hit)
433 http cache minimatch@https://registry.npmjs.org/minimatch/-/minimatch-3.1.2.tgz 0ms (cache hit)
434 http cache tailwind-merge@https://registry.npmjs.org/tailwind-merge/-/tailwind-merge-2.6.1.tgz 0ms (cache hit)
435 http cache lucide-react@https://registry.npmjs.org/lucide-react/-/lucide-react-0.330.0.tgz 0ms (cache hit)
436 http cache file-entry-cache@https://registry.npmjs.org/file-entry-cache/-/file-entry-cache-6.0.1.tgz 0ms (cache hit)
437 http cache eslint-visitor-keys@https://registry.npmjs.org/eslint-visitor-keys/-/eslint-visitor-keys-3.4.3.tgz 0ms (cache hit)
438 http cache flat-cache@https://registry.npmjs.org/flat-cache/-/flat-cache-3.2.0.tgz 0ms (cache hit)
439 http cache espree@https://registry.npmjs.org/espree/-/espree-9.6.1.tgz 0ms (cache hit)
440 http cache eslint@https://registry.npmjs.org/eslint/-/eslint-8.57.1.tgz 0ms (cache hit)
441 http cache brace-expansion@https://registry.npmjs.org/brace-expansion/-/brace-expansion-1.1.12.tgz 0ms (cache hit)
442 http cache eslint-scope@https://registry.npmjs.org/eslint-scope/-/eslint-scope-7.2.2.tgz 0ms (cache hit)
443 http cache balanced-match@https://registry.npmjs.org/balanced-match/-/balanced-match-1.0.2.tgz 0ms (cache hit)
444 http cache @types/react-dom@https://registry.npmjs.org/@types/react-dom/-/react-dom-18.3.7.tgz 0ms (cache hit)
445 http cache resolve-from@https://registry.npmjs.org/resolve-from/-/resolve-from-4.0.0.tgz 0ms (cache hit)
446 http cache parent-module@https://registry.npmjs.org/parent-module/-/parent-module-1.0.1.tgz 0ms (cache hit)
447 http cache glob@https://registry.npmjs.org/glob/-/glob-7.2.3.tgz 0ms (cache hit)
448 silly tarball no local data for ansi-regex@https://registry.npmjs.org/ansi-regex/-/ansi-regex-5.0.1.tgz. Extracting by manifest.
449 http cache @types/react@https://registry.npmjs.org/@types/react/-/react-18.3.28.tgz 1ms (cache hit)
450 http cache @types/node@https://registry.npmjs.org/@types/node/-/node-20.19.33.tgz 0ms (cache hit)
451 silly tarball no local data for has-flag@https://registry.npmjs.org/has-flag/-/has-flag-4.0.0.tgz. Extracting by manifest.
452 silly tarball no local data for queue-microtask@https://registry.npmjs.org/queue-microtask/-/queue-microtask-1.2.3.tgz. Extracting by manifest.
453 silly tarball no local data for once@https://registry.npmjs.org/once/-/once-1.4.0.tgz. Extracting by manifest.
454 silly tarball no local data for wrappy@https://registry.npmjs.org/wrappy/-/wrappy-1.0.2.tgz. Extracting by manifest.
455 silly tarball no local data for path-is-absolute@https://registry.npmjs.org/path-is-absolute/-/path-is-absolute-1.0.1.tgz. Extracting by manifest.
456 silly tarball no local data for inherits@https://registry.npmjs.org/inherits/-/inherits-2.0.4.tgz. Extracting by manifest.
457 silly tarball no local data for inflight@https://registry.npmjs.org/inflight/-/inflight-1.0.6.tgz. Extracting by manifest.
458 silly tarball no local data for fs.realpath@https://registry.npmjs.org/fs.realpath/-/fs.realpath-1.0.0.tgz. Extracting by manifest.
459 silly tarball no local data for concat-map@https://registry.npmjs.org/concat-map/-/concat-map-0.0.1.tgz. Extracting by manifest.
460 silly tarball no local data for argparse@https://registry.npmjs.org/argparse/-/argparse-2.0.1.tgz. Extracting by manifest.
461 silly tarball no local data for callsites@https://registry.npmjs.org/callsites/-/callsites-3.1.0.tgz. Extracting by manifest.
462 silly tarball no local data for rimraf@https://registry.npmjs.org/rimraf/-/rimraf-3.0.2.tgz. Extracting by manifest.
463 silly tarball no local data for type-fest@https://registry.npmjs.org/type-fest/-/type-fest-0.20.2.tgz. Extracting by manifest.
464 silly tarball no local data for reusify@https://registry.npmjs.org/reusify/-/reusify-1.1.0.tgz. Extracting by manifest.
465 silly tarball no local data for color-convert@https://registry.npmjs.org/color-convert/-/color-convert-2.0.1.tgz. Extracting by manifest.
466 silly tarball no local data for color-name@https://registry.npmjs.org/color-name/-/color-name-1.1.4.tgz. Extracting by manifest.
467 silly tarball no local data for supports-color@https://registry.npmjs.org/supports-color/-/supports-color-7.2.0.tgz. Extracting by manifest.
468 silly tarball no local data for @nodelib/fs.stat@https://registry.npmjs.org/@nodelib/fs.stat/-/fs.stat-2.0.5.tgz. Extracting by manifest.
469 silly tarball no local data for ansi-styles@https://registry.npmjs.org/ansi-styles/-/ansi-styles-4.3.0.tgz. Extracting by manifest.
470 silly tarball no local data for run-parallel@https://registry.npmjs.org/run-parallel/-/run-parallel-1.2.0.tgz. Extracting by manifest.
471 silly tarball no local data for fastq@https://registry.npmjs.org/fastq/-/fastq-1.20.1.tgz. Extracting by manifest.
472 silly tarball no local data for @nodelib/fs.scandir@https://registry.npmjs.org/@nodelib/fs.scandir/-/fs.scandir-2.1.5.tgz. Extracting by manifest.
473 silly tarball no local data for import-fresh@https://registry.npmjs.org/import-fresh/-/import-fresh-3.3.1.tgz. Extracting by manifest.
474 silly tarball no local data for @humanwhocodes/object-schema@https://registry.npmjs.org/@humanwhocodes/object-schema/-/object-schema-2.0.3.tgz. Extracting by manifest.
475 silly tarball no local data for text-table@https://registry.npmjs.org/text-table/-/text-table-0.2.0.tgz. Extracting by manifest.
476 silly tarball no local data for strip-json-comments@https://registry.npmjs.org/strip-json-comments/-/strip-json-comments-3.1.1.tgz. Extracting by manifest.
477 silly tarball no local data for lodash.merge@https://registry.npmjs.org/lodash.merge/-/lodash.merge-4.6.2.tgz. Extracting by manifest.
478 silly tarball no local data for js-yaml@https://registry.npmjs.org/js-yaml/-/js-yaml-4.1.1.tgz. Extracting by manifest.
479 silly tarball no local data for strip-ansi@https://registry.npmjs.org/strip-ansi/-/strip-ansi-6.0.1.tgz. Extracting by manifest.
480 silly tarball no local data for is-path-inside@https://registry.npmjs.org/is-path-inside/-/is-path-inside-3.0.3.tgz. Extracting by manifest.
481 silly tarball no local data for graphemer@https://registry.npmjs.org/graphemer/-/graphemer-1.4.0.tgz. Extracting by manifest.
482 silly tarball no local data for globals@https://registry.npmjs.org/globals/-/globals-13.24.0.tgz. Extracting by manifest.
483 silly tarball no local data for chalk@https://registry.npmjs.org/chalk/-/chalk-4.1.2.tgz. Extracting by manifest.
484 silly tarball no local data for doctrine@https://registry.npmjs.org/doctrine/-/doctrine-3.0.0.tgz. Extracting by manifest.
485 silly tarball no local data for @ungap/structured-clone@https://registry.npmjs.org/@ungap/structured-clone/-/structured-clone-1.3.0.tgz. Extracting by manifest.
486 silly tarball no local data for @humanwhocodes/config-array@https://registry.npmjs.org/@humanwhocodes/config-array/-/config-array-0.13.0.tgz. Extracting by manifest.
487 silly tarball no local data for @nodelib/fs.walk@https://registry.npmjs.org/@nodelib/fs.walk/-/fs.walk-1.2.8.tgz. Extracting by manifest.
488 silly tarball no local data for @eslint/js@https://registry.npmjs.org/@eslint/js/-/js-8.57.1.tgz. Extracting by manifest.
489 silly tarball no local data for @eslint/eslintrc@https://registry.npmjs.org/@eslint/eslintrc/-/eslintrc-2.1.4.tgz. Extracting by manifest.
490 silly tarball no local data for undici-types@https://registry.npmjs.org/undici-types/-/undici-types-6.21.0.tgz. Extracting by manifest.
491 silly tarball no local data for minimatch@https://registry.npmjs.org/minimatch/-/minimatch-3.1.2.tgz. Extracting by manifest.
492 silly tarball no local data for @types/prop-types@https://registry.npmjs.org/@types/prop-types/-/prop-types-15.7.15.tgz. Extracting by manifest.
493 silly tarball no local data for tailwind-merge@https://registry.npmjs.org/tailwind-merge/-/tailwind-merge-2.6.1.tgz. Extracting by manifest.
494 silly tarball no local data for lucide-react@https://registry.npmjs.org/lucide-react/-/lucide-react-0.330.0.tgz. Extracting by manifest.
495 silly tarball no local data for file-entry-cache@https://registry.npmjs.org/file-entry-cache/-/file-entry-cache-6.0.1.tgz. Extracting by manifest.
496 silly tarball no local data for flat-cache@https://registry.npmjs.org/flat-cache/-/flat-cache-3.2.0.tgz. Extracting by manifest.
497 silly tarball no local data for eslint@https://registry.npmjs.org/eslint/-/eslint-8.57.1.tgz. Extracting by manifest.
498 silly tarball no local data for brace-expansion@https://registry.npmjs.org/brace-expansion/-/brace-expansion-1.1.12.tgz. Extracting by manifest.
499 silly tarball no local data for espree@https://registry.npmjs.org/espree/-/espree-9.6.1.tgz. Extracting by manifest.
500 silly tarball no local data for eslint-scope@https://registry.npmjs.org/eslint-scope/-/eslint-scope-7.2.2.tgz. Extracting by manifest.
501 silly tarball no local data for balanced-match@https://registry.npmjs.org/balanced-match/-/balanced-match-1.0.2.tgz. Extracting by manifest.
502 silly tarball no local data for resolve-from@https://registry.npmjs.org/resolve-from/-/resolve-from-4.0.0.tgz. Extracting by manifest.
503 silly tarball no local data for parent-module@https://registry.npmjs.org/parent-module/-/parent-module-1.0.1.tgz. Extracting by manifest.
504 silly tarball no local data for glob@https://registry.npmjs.org/glob/-/glob-7.2.3.tgz. Extracting by manifest.
505 silly tarball no local data for @types/react-dom@https://registry.npmjs.org/@types/react-dom/-/react-dom-18.3.7.tgz. Extracting by manifest.
506 silly tarball no local data for @types/node@https://registry.npmjs.org/@types/node/-/node-20.19.33.tgz. Extracting by manifest.
507 silly tarball no local data for @types/react@https://registry.npmjs.org/@types/react/-/react-18.3.28.tgz. Extracting by manifest.
508 http fetch GET 200 https://registry.npmjs.org/path-is-absolute/-/path-is-absolute-1.0.1.tgz 64ms (cache miss)
509 http fetch GET 200 https://registry.npmjs.org/queue-microtask/-/queue-microtask-1.2.3.tgz 66ms (cache miss)
510 http fetch GET 200 https://registry.npmjs.org/ansi-regex/-/ansi-regex-5.0.1.tgz 67ms (cache miss)
511 http fetch GET 200 https://registry.npmjs.org/has-flag/-/has-flag-4.0.0.tgz 66ms (cache miss)
512 http fetch GET 200 https://registry.npmjs.org/wrappy/-/wrappy-1.0.2.tgz 86ms (cache miss)
513 http fetch GET 200 https://registry.npmjs.org/once/-/once-1.4.0.tgz 88ms (cache miss)
514 http fetch GET 200 https://registry.npmjs.org/reusify/-/reusify-1.1.0.tgz 103ms (cache miss)
515 http fetch GET 200 https://registry.npmjs.org/supports-color/-/supports-color-7.2.0.tgz 102ms (cache miss)
516 http fetch GET 200 https://registry.npmjs.org/color-convert/-/color-convert-2.0.1.tgz 102ms (cache miss)
517 http fetch GET 200 https://registry.npmjs.org/color-name/-/color-name-1.1.4.tgz 102ms (cache miss)
518 http fetch GET 200 https://registry.npmjs.org/ansi-styles/-/ansi-styles-4.3.0.tgz 131ms (cache miss)
519 http fetch GET 200 https://registry.npmjs.org/run-parallel/-/run-parallel-1.2.0.tgz 154ms (cache miss)
520 http fetch GET 200 https://registry.npmjs.org/import-fresh/-/import-fresh-3.3.1.tgz 155ms (cache miss)
521 http fetch GET 200 https://registry.npmjs.org/inflight/-/inflight-1.0.6.tgz 158ms (cache miss)
522 warn deprecated inflight@1.0.6: This module is not supported, and leaks memory. Do not use it. Check out lru-cache if you want a good and tested way to coalesce async requests by a key value, which is much more comprehensive and powerful.
523 http fetch GET 200 https://registry.npmjs.org/fs.realpath/-/fs.realpath-1.0.0.tgz 159ms (cache miss)
524 http fetch GET 200 https://registry.npmjs.org/fastq/-/fastq-1.20.1.tgz 159ms (cache miss)
525 http fetch GET 200 https://registry.npmjs.org/@nodelib/fs.stat/-/fs.stat-2.0.5.tgz 160ms (cache miss)
526 http fetch GET 200 https://registry.npmjs.org/callsites/-/callsites-3.1.0.tgz 180ms (cache miss)
527 http fetch GET 200 https://registry.npmjs.org/type-fest/-/type-fest-0.20.2.tgz 182ms (cache miss)
528 http fetch POST 200 https://registry.npmjs.org/-/npm/v1/security/advisories/bulk 310ms
529 silly audit report {}
530 http fetch GET 200 https://registry.npmjs.org/strip-ansi/-/strip-ansi-6.0.1.tgz 303ms (cache miss)
531 http fetch GET 200 https://registry.npmjs.org/text-table/-/text-table-0.2.0.tgz 305ms (cache miss)
532 http fetch GET 200 https://registry.npmjs.org/concat-map/-/concat-map-0.0.1.tgz 308ms (cache miss)
533 http fetch GET 200 https://registry.npmjs.org/inherits/-/inherits-2.0.4.tgz 310ms (cache miss)
534 http fetch GET 200 https://registry.npmjs.org/strip-json-comments/-/strip-json-comments-3.1.1.tgz 307ms (cache miss)
535 http fetch GET 200 https://registry.npmjs.org/is-path-inside/-/is-path-inside-3.0.3.tgz 306ms (cache miss)
536 http fetch GET 200 https://registry.npmjs.org/rimraf/-/rimraf-3.0.2.tgz 310ms (cache miss)
537 warn deprecated rimraf@3.0.2: Rimraf versions prior to v4 are no longer supported
538 http fetch GET 200 https://registry.npmjs.org/lodash.merge/-/lodash.merge-4.6.2.tgz 308ms (cache miss)
539 http fetch GET 200 https://registry.npmjs.org/@humanwhocodes/object-schema/-/object-schema-2.0.3.tgz 314ms (cache miss)
540 warn deprecated @humanwhocodes/object-schema@2.0.3: Use @eslint/object-schema instead
541 http fetch GET 200 https://registry.npmjs.org/argparse/-/argparse-2.0.1.tgz 318ms (cache miss)
542 http fetch GET 200 https://registry.npmjs.org/globals/-/globals-13.24.0.tgz 315ms (cache miss)
543 http fetch GET 200 https://registry.npmjs.org/@nodelib/fs.scandir/-/fs.scandir-2.1.5.tgz 321ms (cache miss)
544 http fetch GET 200 https://registry.npmjs.org/graphemer/-/graphemer-1.4.0.tgz 324ms (cache miss)
545 http fetch GET 200 https://registry.npmjs.org/js-yaml/-/js-yaml-4.1.1.tgz 328ms (cache miss)
546 http fetch GET 200 https://registry.npmjs.org/doctrine/-/doctrine-3.0.0.tgz 346ms (cache miss)
547 http fetch GET 200 https://registry.npmjs.org/chalk/-/chalk-4.1.2.tgz 349ms (cache miss)
548 http fetch GET 200 https://registry.npmjs.org/@eslint/js/-/js-8.57.1.tgz 363ms (cache miss)
549 http fetch GET 200 https://registry.npmjs.org/undici-types/-/undici-types-6.21.0.tgz 364ms (cache miss)
550 http fetch GET 200 https://registry.npmjs.org/minimatch/-/minimatch-3.1.2.tgz 365ms (cache miss)
551 http fetch GET 200 https://registry.npmjs.org/@humanwhocodes/config-array/-/config-array-0.13.0.tgz 393ms (cache miss)
552 warn deprecated @humanwhocodes/config-array@0.13.0: Use @eslint/config-array instead
553 http fetch GET 200 https://registry.npmjs.org/@types/prop-types/-/prop-types-15.7.15.tgz 393ms (cache miss)
554 http fetch GET 200 https://registry.npmjs.org/flat-cache/-/flat-cache-3.2.0.tgz 394ms (cache miss)
555 http fetch GET 200 https://registry.npmjs.org/@nodelib/fs.walk/-/fs.walk-1.2.8.tgz 405ms (cache miss)
556 http fetch GET 200 https://registry.npmjs.org/@eslint/eslintrc/-/eslintrc-2.1.4.tgz 407ms (cache miss)
557 http fetch GET 200 https://registry.npmjs.org/file-entry-cache/-/file-entry-cache-6.0.1.tgz 504ms (cache miss)
558 http fetch GET 200 https://registry.npmjs.org/balanced-match/-/balanced-match-1.0.2.tgz 511ms (cache miss)
559 http fetch GET 200 https://registry.npmjs.org/resolve-from/-/resolve-from-4.0.0.tgz 511ms (cache miss)
560 http fetch GET 200 https://registry.npmjs.org/brace-expansion/-/brace-expansion-1.1.12.tgz 512ms (cache miss)
561 http fetch GET 200 https://registry.npmjs.org/espree/-/espree-9.6.1.tgz 513ms (cache miss)
562 http fetch GET 200 https://registry.npmjs.org/eslint-scope/-/eslint-scope-7.2.2.tgz 518ms (cache miss)
563 http fetch GET 200 https://registry.npmjs.org/glob/-/glob-7.2.3.tgz 523ms (cache miss)
564 warn deprecated glob@7.2.3: Old versions of glob are not supported, and contain widely publicized security vulnerabilities, which have been fixed in the current version. Please update. Support for old versions may be purchased (at exorbitant rates) by contacting i@izs.me
565 http fetch GET 200 https://registry.npmjs.org/tailwind-merge/-/tailwind-merge-2.6.1.tgz 527ms (cache miss)
566 http fetch GET 200 https://registry.npmjs.org/parent-module/-/parent-module-1.0.1.tgz 549ms (cache miss)
567 http fetch GET 200 https://registry.npmjs.org/@ungap/structured-clone/-/structured-clone-1.3.0.tgz 554ms (cache miss)
568 http fetch GET 200 https://registry.npmjs.org/@types/react/-/react-18.3.28.tgz 585ms (cache miss)
569 http fetch GET 200 https://registry.npmjs.org/@types/node/-/node-20.19.33.tgz 693ms (cache miss)
570 http fetch GET 200 https://registry.npmjs.org/@types/react-dom/-/react-dom-18.3.7.tgz 715ms (cache miss)
571 http fetch GET 200 https://registry.npmjs.org/eslint/-/eslint-8.57.1.tgz 818ms (cache miss)
572 warn deprecated eslint@8.57.1: This version is no longer supported. Please see https://eslint.org/version-support for other options.
573 http fetch GET 200 https://registry.npmjs.org/lucide-react/-/lucide-react-0.330.0.tgz 1515ms (cache miss)
574 silly ADD node_modules/has-flag
575 silly ADD node_modules/ansi-regex
576 silly ADD node_modules/queue-microtask
577 silly ADD node_modules/wrappy
578 silly ADD node_modules/path-is-absolute
579 silly ADD node_modules/once
580 silly ADD node_modules/inherits
581 silly ADD node_modules/inflight
582 silly ADD node_modules/fs.realpath
583 silly ADD node_modules/glob
584 silly ADD node_modules/callsites
585 silly ADD node_modules/concat-map
586 silly ADD node_modules/argparse
587 silly ADD node_modules/resolve-from
588 silly ADD node_modules/parent-module
589 silly ADD node_modules/type-fest
590 silly ADD node_modules/rimraf
591 silly ADD node_modules/reusify
592 silly ADD node_modules/color-name
593 silly ADD node_modules/color-convert
594 silly ADD node_modules/supports-color
595 silly ADD node_modules/ansi-styles
596 silly ADD node_modules/run-parallel
597 silly ADD node_modules/@nodelib/fs.stat
598 silly ADD node_modules/fastq
599 silly ADD node_modules/@nodelib/fs.scandir
600 silly ADD node_modules/@humanwhocodes/object-schema
601 silly ADD node_modules/strip-json-comments
602 silly ADD node_modules/import-fresh
603 silly ADD node_modules/text-table
604 silly ADD node_modules/strip-ansi
605 silly ADD node_modules/lodash.merge
606 silly ADD node_modules/js-yaml
607 silly ADD node_modules/is-path-inside
608 silly ADD node_modules/graphemer
609 silly ADD node_modules/globals
610 silly ADD node_modules/doctrine
611 silly ADD node_modules/chalk
612 silly ADD node_modules/@ungap/structured-clone
613 silly ADD node_modules/@nodelib/fs.walk
614 silly ADD node_modules/@humanwhocodes/config-array
615 silly ADD node_modules/@eslint/js
616 silly ADD node_modules/@eslint/eslintrc
617 silly ADD node_modules/@types/prop-types
618 silly CHANGE node_modules/undici-types
619 silly REMOVE node_modules/tailwindcss
620 silly CHANGE node_modules/tailwind-merge
621 silly CHANGE node_modules/minimatch
622 silly CHANGE node_modules/lucide-react
623 silly REMOVE node_modules/jackspeak
624 silly CHANGE node_modules/flat-cache
625 silly CHANGE node_modules/file-entry-cache
626 silly CHANGE node_modules/espree
627 silly CHANGE node_modules/eslint-visitor-keys
628 silly CHANGE node_modules/eslint-scope
629 silly CHANGE node_modules/eslint
630 silly CHANGE node_modules/brace-expansion
631 silly CHANGE node_modules/balanced-match
632 silly CHANGE node_modules/@types/react-dom
633 silly CHANGE node_modules/@types/react
634 silly CHANGE node_modules/@types/node
635 silly REMOVE node_modules/@types/json-schema
636 silly REMOVE node_modules/@types/estree
637 silly REMOVE node_modules/@types/esrecurse
638 silly REMOVE node_modules/@isaacs/cliui
639 silly REMOVE node_modules/@humanwhocodes/retry
640 silly REMOVE node_modules/@humanfs/node
641 silly REMOVE node_modules/@humanfs/core
642 silly REMOVE node_modules/@eslint/plugin-kit
643 silly REMOVE node_modules/@eslint/object-schema
644 silly REMOVE node_modules/@eslint/core
645 silly REMOVE node_modules/@eslint/config-helpers
646 silly REMOVE node_modules/@eslint/config-array
647 silly REMOVE node_modules/@eslint-community/eslint-utils/node_modules/eslint-visitor-keys
648 verbose cwd /Users/juliusrannersberger/Desktop/Flatcontroll/wg-putzplan
649 verbose os Darwin 25.3.0
650 verbose node v25.6.1
651 verbose npm  v11.9.0
652 verbose exit 0
653 info ok
