0 verbose cli /opt/homebrew/Cellar/node/25.6.1/bin/node /opt/homebrew/bin/npm
1 info using npm@11.9.0
2 info using node@v25.6.1
3 silly config load:file:/opt/homebrew/lib/node_modules/npm/npmrc
4 silly config load:file:/Users/juliusrannersberger/Desktop/Flatcontroll/wg-putzplan/.npmrc
5 silly config load:file:/Users/juliusrannersberger/.npmrc
6 silly config load:file:/opt/homebrew/etc/npmrc
7 verbose title npm install typescript @types/node @types/react @types/react-dom postcss tailwindcss eslint autoprefixer
8 verbose argv "install" "--save-dev" "typescript" "@types/node" "@types/react" "@types/react-dom" "postcss" "tailwindcss" "eslint" "autoprefixer"
9 verbose logfile logs-max:10 dir:/Users/juliusrannersberger/Desktop/Flatcontroll/wg-putzplan/.npm-cache/_logs/2026-02-15T18_06_29_225Z-
10 verbose logfile /Users/juliusrannersberger/Desktop/Flatcontroll/wg-putzplan/.npm-cache/_logs/2026-02-15T18_06_29_225Z-debug-0.log
11 silly logfile done cleaning log files
12 silly packumentCache heap:2348810240 maxSize:587202560 maxEntrySize:293601280
13 silly idealTree buildDeps
14 silly fetch manifest typescript@*
15 silly packumentCache full:https://registry.npmjs.org/typescript cache-miss
16 http fetch GET 200 https://registry.npmjs.org/typescript 504ms (cache miss)
17 silly packumentCache full:https://registry.npmjs.org/typescript set size:undefined disposed:false
18 silly fetch manifest @types/node@*
19 silly packumentCache full:https://registry.npmjs.org/@types%2fnode cache-miss
20 http fetch GET 200 https://registry.npmjs.org/@types%2fnode 281ms (cache miss)
21 silly packumentCache full:https://registry.npmjs.org/@types%2fnode set size:undefined disposed:false
22 silly fetch manifest @types/react@*
23 silly packumentCache full:https://registry.npmjs.org/@types%2freact cache-miss
24 http fetch GET 200 https://registry.npmjs.org/@types%2freact 282ms (cache miss)
25 silly packumentCache full:https://registry.npmjs.org/@types%2freact set size:undefined disposed:false
26 silly fetch manifest @types/react-dom@*
27 silly packumentCache full:https://registry.npmjs.org/@types%2freact-dom cache-miss
28 http fetch GET 200 https://registry.npmjs.org/@types%2freact-dom 129ms (cache miss)
29 silly packumentCache full:https://registry.npmjs.org/@types%2freact-dom set size:undefined disposed:false
30 silly fetch manifest postcss@*
31 silly packumentCache full:https://registry.npmjs.org/postcss cache-miss
32 http cache https://registry.npmjs.org/postcss 6ms (cache hit)
33 silly packumentCache full:https://registry.npmjs.org/postcss set size:696248 disposed:false
34 silly fetch manifest tailwindcss@*
35 silly packumentCache full:https://registry.npmjs.org/tailwindcss cache-miss
36 http fetch GET 200 https://registry.npmjs.org/tailwindcss 262ms (cache miss)
37 silly packumentCache full:https://registry.npmjs.org/tailwindcss set size:undefined disposed:false
38 silly fetch manifest eslint@*
39 silly packumentCache full:https://registry.npmjs.org/eslint cache-miss
40 http fetch GET 200 https://registry.npmjs.org/eslint 68ms (cache miss)
41 silly packumentCache full:https://registry.npmjs.org/eslint set size:undefined disposed:false
42 silly fetch manifest jiti@*
43 silly packumentCache full:https://registry.npmjs.org/jiti cache-miss
44 http fetch GET 200 https://registry.npmjs.org/jiti 128ms (cache miss)
45 silly packumentCache full:https://registry.npmjs.org/jiti set size:undefined disposed:false
46 silly fetch manifest autoprefixer@*
47 silly packumentCache full:https://registry.npmjs.org/autoprefixer cache-miss
48 http fetch GET 200 https://registry.npmjs.org/autoprefixer 605ms (cache miss)
49 silly packumentCache full:https://registry.npmjs.org/autoprefixer set size:undefined disposed:false
50 silly placeDep ROOT @types/node@25.2.3 OK for: wg-putzplan@1.0.0 want: *
51 silly placeDep ROOT @types/react@19.2.14 OK for: wg-putzplan@1.0.0 want: *
52 silly placeDep ROOT @types/react-dom@19.2.3 OK for: wg-putzplan@1.0.0 want: *
53 silly placeDep ROOT autoprefixer@10.4.24 OK for: wg-putzplan@1.0.0 want: *
54 silly placeDep ROOT eslint@10.0.0 OK for: wg-putzplan@1.0.0 want: *
55 silly placeDep ROOT postcss@8.5.6 REPLACE for: wg-putzplan@1.0.0 want: *
56 silly placeDep ROOT tailwindcss@4.1.18 OK for: wg-putzplan@1.0.0 want: *
57 silly placeDep ROOT typescript@5.9.3 OK for: wg-putzplan@1.0.0 want: *
58 silly fetch manifest undici-types@~7.16.0
59 silly packumentCache full:https://registry.npmjs.org/undici-types cache-miss
60 silly fetch manifest csstype@^3.2.2
61 silly packumentCache full:https://registry.npmjs.org/csstype cache-miss
62 silly fetch manifest browserslist@^4.28.1
63 silly packumentCache full:https://registry.npmjs.org/browserslist cache-miss
64 silly fetch manifest fraction.js@^5.3.4
65 silly packumentCache full:https://registry.npmjs.org/fraction.js cache-miss
66 silly fetch manifest postcss-value-parser@^4.2.0
67 silly packumentCache full:https://registry.npmjs.org/postcss-value-parser cache-miss
68 silly fetch manifest @eslint-community/eslint-utils@^4.8.0
69 silly packumentCache full:https://registry.npmjs.org/@eslint-community%2feslint-utils cache-miss
70 silly fetch manifest @eslint-community/regexpp@^4.12.2
71 silly packumentCache full:https://registry.npmjs.org/@eslint-community%2fregexpp cache-miss
72 http fetch GET 200 https://registry.npmjs.org/undici-types 57ms (cache miss)
73 silly packumentCache full:https://registry.npmjs.org/undici-types set size:undefined disposed:false
74 silly fetch manifest @eslint/config-array@^0.23.0
75 silly packumentCache full:https://registry.npmjs.org/@eslint%2fconfig-array cache-miss
76 http fetch GET 200 https://registry.npmjs.org/@eslint%2fconfig-array 87ms (cache miss)
77 silly packumentCache full:https://registry.npmjs.org/@eslint%2fconfig-array set size:undefined disposed:false
78 silly fetch manifest @eslint/config-helpers@^0.5.2
79 silly packumentCache full:https://registry.npmjs.org/@eslint%2fconfig-helpers cache-miss
80 http fetch GET 200 https://registry.npmjs.org/csstype 173ms (cache miss)
81 silly packumentCache full:https://registry.npmjs.org/csstype set size:undefined disposed:false
82 silly fetch manifest @eslint/core@^1.1.0
83 silly packumentCache full:https://registry.npmjs.org/@eslint%2fcore cache-miss
84 http fetch GET 200 https://registry.npmjs.org/postcss-value-parser 176ms (cache miss)
85 silly packumentCache full:https://registry.npmjs.org/postcss-value-parser set size:undefined disposed:false
86 silly fetch manifest @eslint/plugin-kit@^0.6.0
87 silly packumentCache full:https://registry.npmjs.org/@eslint%2fplugin-kit cache-miss
88 http fetch GET 200 https://registry.npmjs.org/@eslint-community%2fregexpp 182ms (cache miss)
89 silly packumentCache full:https://registry.npmjs.org/@eslint-community%2fregexpp set size:undefined disposed:false
90 silly fetch manifest @humanfs/node@^0.16.6
91 silly packumentCache full:https://registry.npmjs.org/@humanfs%2fnode cache-miss
92 http fetch GET 200 https://registry.npmjs.org/@eslint%2fconfig-helpers 77ms (cache miss)
93 silly packumentCache full:https://registry.npmjs.org/@eslint%2fconfig-helpers set size:undefined disposed:false
94 silly fetch manifest @humanwhocodes/module-importer@^1.0.1
95 silly packumentCache full:https://registry.npmjs.org/@humanwhocodes%2fmodule-importer cache-miss
96 http fetch GET 200 https://registry.npmjs.org/@eslint%2fplugin-kit 98ms (cache miss)
97 silly packumentCache full:https://registry.npmjs.org/@eslint%2fplugin-kit set size:undefined disposed:false
98 silly fetch manifest @humanwhocodes/retry@^0.4.2
99 silly packumentCache full:https://registry.npmjs.org/@humanwhocodes%2fretry cache-miss
100 http fetch GET 200 https://registry.npmjs.org/@eslint%2fcore 104ms (cache miss)
101 silly packumentCache full:https://registry.npmjs.org/@eslint%2fcore set size:undefined disposed:false
102 silly fetch manifest @types/estree@^1.0.6
103 silly packumentCache full:https://registry.npmjs.org/@types%2festree cache-miss
104 http fetch GET 200 https://registry.npmjs.org/@humanfs%2fnode 97ms (cache miss)
105 silly packumentCache full:https://registry.npmjs.org/@humanfs%2fnode set size:undefined disposed:false
106 silly fetch manifest ajv@^6.12.4
107 silly packumentCache full:https://registry.npmjs.org/ajv cache-miss
108 http fetch GET 200 https://registry.npmjs.org/@eslint-community%2feslint-utils 416ms (cache miss)
109 silly packumentCache full:https://registry.npmjs.org/@eslint-community%2feslint-utils set size:undefined disposed:false
110 silly fetch manifest cross-spawn@^7.0.6
111 silly packumentCache full:https://registry.npmjs.org/cross-spawn cache-miss
112 http fetch GET 200 https://registry.npmjs.org/fraction.js 422ms (cache miss)
113 silly packumentCache full:https://registry.npmjs.org/fraction.js set size:undefined disposed:false
114 silly fetch manifest debug@^4.3.2
115 silly packumentCache full:https://registry.npmjs.org/debug cache-miss
116 http fetch GET 200 https://registry.npmjs.org/@types%2festree 147ms (cache miss)
117 silly packumentCache full:https://registry.npmjs.org/@types%2festree set size:undefined disposed:false
118 silly fetch manifest escape-string-regexp@^4.0.0
119 silly packumentCache full:https://registry.npmjs.org/escape-string-regexp cache-miss
120 http fetch GET 200 https://registry.npmjs.org/@humanwhocodes%2fretry 152ms (cache miss)
121 silly packumentCache full:https://registry.npmjs.org/@humanwhocodes%2fretry set size:undefined disposed:false
122 silly fetch manifest eslint-scope@^9.1.0
123 silly packumentCache full:https://registry.npmjs.org/eslint-scope cache-miss
124 http fetch GET 200 https://registry.npmjs.org/browserslist 434ms (cache miss)
125 silly packumentCache full:https://registry.npmjs.org/browserslist set size:undefined disposed:false
126 silly fetch manifest eslint-visitor-keys@^5.0.0
127 silly packumentCache full:https://registry.npmjs.org/eslint-visitor-keys cache-miss
128 http fetch GET 200 https://registry.npmjs.org/ajv 170ms (cache miss)
129 silly packumentCache full:https://registry.npmjs.org/ajv set size:undefined disposed:false
130 silly fetch manifest espree@^11.1.0
131 silly packumentCache full:https://registry.npmjs.org/espree cache-miss
132 http fetch GET 200 https://registry.npmjs.org/cross-spawn 69ms (cache miss)
133 silly packumentCache full:https://registry.npmjs.org/cross-spawn set size:undefined disposed:false
134 silly fetch manifest esquery@^1.7.0
135 silly packumentCache full:https://registry.npmjs.org/esquery cache-miss
136 http fetch GET 200 https://registry.npmjs.org/escape-string-regexp 59ms (cache miss)
137 silly packumentCache full:https://registry.npmjs.org/escape-string-regexp set size:undefined disposed:false
138 silly fetch manifest esutils@^2.0.2
139 silly packumentCache full:https://registry.npmjs.org/esutils cache-miss
140 http fetch GET 200 https://registry.npmjs.org/eslint-scope 60ms (cache miss)
141 silly packumentCache full:https://registry.npmjs.org/eslint-scope set size:undefined disposed:false
142 silly fetch manifest fast-deep-equal@^3.1.3
143 silly packumentCache full:https://registry.npmjs.org/fast-deep-equal cache-miss
144 http fetch GET 200 https://registry.npmjs.org/eslint-visitor-keys 59ms (cache miss)
145 silly packumentCache full:https://registry.npmjs.org/eslint-visitor-keys set size:undefined disposed:false
146 silly fetch manifest file-entry-cache@^8.0.0
147 silly packumentCache full:https://registry.npmjs.org/file-entry-cache cache-miss
148 http fetch GET 200 https://registry.npmjs.org/debug 78ms (cache miss)
149 silly packumentCache full:https://registry.npmjs.org/debug set size:undefined disposed:false
150 silly fetch manifest find-up@^5.0.0
151 silly packumentCache full:https://registry.npmjs.org/find-up cache-miss
152 http fetch GET 200 https://registry.npmjs.org/@humanwhocodes%2fmodule-importer 237ms (cache miss)
153 silly packumentCache full:https://registry.npmjs.org/@humanwhocodes%2fmodule-importer set size:undefined disposed:false
154 silly fetch manifest glob-parent@^6.0.2
155 silly packumentCache full:https://registry.npmjs.org/glob-parent cache-miss
156 http fetch GET 200 https://registry.npmjs.org/espree 56ms (cache miss)
157 silly packumentCache full:https://registry.npmjs.org/espree set size:undefined disposed:false
158 silly fetch manifest ignore@^5.2.0
159 silly packumentCache full:https://registry.npmjs.org/ignore cache-miss
160 http fetch GET 200 https://registry.npmjs.org/file-entry-cache 40ms (cache miss)
161 silly packumentCache full:https://registry.npmjs.org/file-entry-cache set size:undefined disposed:false
162 silly fetch manifest imurmurhash@^0.1.4
163 silly packumentCache full:https://registry.npmjs.org/imurmurhash cache-miss
164 http fetch GET 200 https://registry.npmjs.org/glob-parent 34ms (cache miss)
165 silly packumentCache full:https://registry.npmjs.org/glob-parent set size:undefined disposed:false
166 silly fetch manifest is-glob@^4.0.0
167 silly packumentCache full:https://registry.npmjs.org/is-glob cache-miss
168 http fetch GET 200 https://registry.npmjs.org/fast-deep-equal 56ms (cache miss)
169 silly packumentCache full:https://registry.npmjs.org/fast-deep-equal set size:undefined disposed:false
170 silly fetch manifest json-stable-stringify-without-jsonify@^1.0.1
171 silly packumentCache full:https://registry.npmjs.org/json-stable-stringify-without-jsonify cache-miss
172 http fetch GET 200 https://registry.npmjs.org/esquery 61ms (cache miss)
173 silly packumentCache full:https://registry.npmjs.org/esquery set size:undefined disposed:false
174 silly fetch manifest minimatch@^10.1.1
175 silly packumentCache full:https://registry.npmjs.org/minimatch cache-miss
176 http fetch GET 200 https://registry.npmjs.org/esutils 61ms (cache miss)
177 silly packumentCache full:https://registry.npmjs.org/esutils set size:undefined disposed:false
178 silly fetch manifest natural-compare@^1.4.0
179 silly packumentCache full:https://registry.npmjs.org/natural-compare cache-miss
180 http fetch GET 200 https://registry.npmjs.org/find-up 65ms (cache miss)
181 silly packumentCache full:https://registry.npmjs.org/find-up set size:undefined disposed:false
182 silly fetch manifest optionator@^0.9.3
183 silly packumentCache full:https://registry.npmjs.org/optionator cache-miss
184 http fetch GET 200 https://registry.npmjs.org/ignore 53ms (cache miss)
185 silly packumentCache full:https://registry.npmjs.org/ignore set size:undefined disposed:false
186 http fetch GET 200 https://registry.npmjs.org/is-glob 36ms (cache miss)
187 silly packumentCache full:https://registry.npmjs.org/is-glob set size:undefined disposed:false
188 http fetch GET 200 https://registry.npmjs.org/imurmurhash 59ms (cache miss)
189 silly packumentCache full:https://registry.npmjs.org/imurmurhash set size:undefined disposed:false
190 http fetch GET 200 https://registry.npmjs.org/json-stable-stringify-without-jsonify 59ms (cache miss)
191 silly packumentCache full:https://registry.npmjs.org/json-stable-stringify-without-jsonify set size:undefined disposed:false
192 http fetch GET 200 https://registry.npmjs.org/natural-compare 69ms (cache miss)
193 silly packumentCache full:https://registry.npmjs.org/natural-compare set size:undefined disposed:false
194 http fetch GET 200 https://registry.npmjs.org/optionator 52ms (cache miss)
195 silly packumentCache full:https://registry.npmjs.org/optionator set size:undefined disposed:false
196 http fetch GET 200 https://registry.npmjs.org/minimatch 90ms (cache miss)
197 silly packumentCache full:https://registry.npmjs.org/minimatch set size:undefined disposed:false
198 silly placeDep ROOT undici-types@7.16.0 OK for: @types/node@25.2.3 want: ~7.16.0
199 silly placeDep ROOT csstype@3.2.3 OK for: @types/react@19.2.14 want: ^3.2.2
200 silly placeDep ROOT browserslist@4.28.1 OK for: autoprefixer@10.4.24 want: ^4.28.1
201 silly placeDep ROOT fraction.js@5.3.4 OK for: autoprefixer@10.4.24 want: ^5.3.4
202 silly placeDep ROOT postcss-value-parser@4.2.0 OK for: autoprefixer@10.4.24 want: ^4.2.0
203 silly fetch manifest electron-to-chromium@^1.5.263
204 silly packumentCache full:https://registry.npmjs.org/electron-to-chromium cache-miss
205 silly fetch manifest node-releases@^2.0.27
206 silly packumentCache full:https://registry.npmjs.org/node-releases cache-miss
207 silly fetch manifest update-browserslist-db@^1.2.0
208 silly packumentCache full:https://registry.npmjs.org/update-browserslist-db cache-miss
209 http fetch GET 200 https://registry.npmjs.org/node-releases 56ms (cache miss)
210 silly packumentCache full:https://registry.npmjs.org/node-releases set size:undefined disposed:false
211 http fetch GET 200 https://registry.npmjs.org/update-browserslist-db 66ms (cache miss)
212 silly packumentCache full:https://registry.npmjs.org/update-browserslist-db set size:undefined disposed:false
213 http fetch GET 200 https://registry.npmjs.org/electron-to-chromium 317ms (cache miss)
214 silly packumentCache full:https://registry.npmjs.org/electron-to-chromium set size:undefined disposed:false
215 silly fetch manifest browserslist@>= 4.21.0
216 silly packumentCache full:https://registry.npmjs.org/browserslist cache-miss
217 http cache https://registry.npmjs.org/browserslist 3ms (cache hit)
218 silly packumentCache full:https://registry.npmjs.org/browserslist set size:502989 disposed:false
219 silly placeDep ROOT electron-to-chromium@1.5.286 OK for: browserslist@4.28.1 want: ^1.5.263
220 silly placeDep ROOT node-releases@2.0.27 OK for: browserslist@4.28.1 want: ^2.0.27
221 silly placeDep ROOT update-browserslist-db@1.2.3 OK for: browserslist@4.28.1 want: ^1.2.0
222 silly fetch manifest escalade@^3.2.0
223 silly packumentCache full:https://registry.npmjs.org/escalade cache-miss
224 http fetch GET 200 https://registry.npmjs.org/escalade 60ms (cache miss)
225 silly packumentCache full:https://registry.npmjs.org/escalade set size:undefined disposed:false
226 silly fetch manifest eslint@^6.0.0 || ^7.0.0 || >=8.0.0
227 silly packumentCache full:https://registry.npmjs.org/eslint cache-miss
228 http cache https://registry.npmjs.org/eslint 4ms (cache hit)
229 silly packumentCache full:https://registry.npmjs.org/eslint set size:1929113 disposed:false
230 silly placeDep ROOT @eslint-community/eslint-utils@4.9.1 OK for: eslint@10.0.0 want: ^4.8.0
231 silly placeDep ROOT @eslint-community/regexpp@4.12.2 OK for: eslint@10.0.0 want: ^4.12.2
232 silly placeDep ROOT @eslint/config-array@0.23.1 OK for: eslint@10.0.0 want: ^0.23.0
233 silly placeDep ROOT @eslint/config-helpers@0.5.2 OK for: eslint@10.0.0 want: ^0.5.2
234 silly placeDep ROOT @eslint/core@1.1.0 OK for: eslint@10.0.0 want: ^1.1.0
235 silly placeDep ROOT @eslint/plugin-kit@0.6.0 OK for: eslint@10.0.0 want: ^0.6.0
236 silly placeDep ROOT @humanfs/node@0.16.7 OK for: eslint@10.0.0 want: ^0.16.6
237 silly placeDep ROOT @humanwhocodes/module-importer@1.0.1 OK for: eslint@10.0.0 want: ^1.0.1
238 silly placeDep ROOT @humanwhocodes/retry@0.4.3 OK for: eslint@10.0.0 want: ^0.4.2
239 silly placeDep ROOT @types/estree@1.0.8 OK for: eslint@10.0.0 want: ^1.0.6
240 silly placeDep ROOT ajv@6.12.6 OK for: eslint@10.0.0 want: ^6.12.4
241 silly placeDep ROOT cross-spawn@7.0.6 OK for: eslint@10.0.0 want: ^7.0.6
242 silly placeDep ROOT debug@4.4.3 OK for: eslint@10.0.0 want: ^4.3.2
243 silly placeDep ROOT escape-string-regexp@4.0.0 OK for: eslint@10.0.0 want: ^4.0.0
244 silly placeDep ROOT eslint-scope@9.1.0 OK for: eslint@10.0.0 want: ^9.1.0
245 silly placeDep ROOT eslint-visitor-keys@5.0.0 OK for: eslint@10.0.0 want: ^5.0.0
246 silly placeDep ROOT espree@11.1.0 OK for: eslint@10.0.0 want: ^11.1.0
247 silly placeDep ROOT esquery@1.7.0 OK for: eslint@10.0.0 want: ^1.7.0
248 silly placeDep ROOT esutils@2.0.3 OK for: eslint@10.0.0 want: ^2.0.2
249 silly placeDep ROOT fast-deep-equal@3.1.3 OK for: eslint@10.0.0 want: ^3.1.3
250 silly placeDep ROOT file-entry-cache@8.0.0 OK for: eslint@10.0.0 want: ^8.0.0
251 silly placeDep ROOT find-up@5.0.0 OK for: eslint@10.0.0 want: ^5.0.0
252 silly placeDep ROOT glob-parent@6.0.2 OK for: eslint@10.0.0 want: ^6.0.2
253 silly placeDep ROOT ignore@5.3.2 OK for: eslint@10.0.0 want: ^5.2.0
254 silly placeDep ROOT imurmurhash@0.1.4 OK for: eslint@10.0.0 want: ^0.1.4
255 silly placeDep ROOT is-glob@4.0.3 OK for: eslint@10.0.0 want: ^4.0.0
256 silly placeDep ROOT json-stable-stringify-without-jsonify@1.0.1 OK for: eslint@10.0.0 want: ^1.0.1
257 silly placeDep ROOT minimatch@10.2.0 OK for: eslint@10.0.0 want: ^10.1.1
258 silly placeDep ROOT natural-compare@1.4.0 OK for: eslint@10.0.0 want: ^1.4.0
259 silly placeDep ROOT optionator@0.9.4 OK for: eslint@10.0.0 want: ^0.9.3
260 silly fetch manifest eslint-visitor-keys@^3.4.3
261 silly packumentCache full:https://registry.npmjs.org/eslint-visitor-keys cache-miss
262 silly fetch manifest @eslint/object-schema@^3.0.1
263 silly packumentCache full:https://registry.npmjs.org/@eslint%2fobject-schema cache-miss
264 silly fetch manifest debug@^4.3.1
265 silly packumentCache full:https://registry.npmjs.org/debug cache-miss
266 silly fetch manifest @types/json-schema@^7.0.15
267 silly packumentCache full:https://registry.npmjs.org/@types%2fjson-schema cache-miss
268 silly fetch manifest levn@^0.4.1
269 silly packumentCache full:https://registry.npmjs.org/levn cache-miss
270 silly fetch manifest @humanwhocodes/retry@^0.4.0
271 silly packumentCache full:https://registry.npmjs.org/@humanwhocodes%2fretry cache-miss
272 silly fetch manifest @humanfs/core@^0.19.1
273 silly packumentCache full:https://registry.npmjs.org/@humanfs%2fcore cache-miss
274 http cache https://registry.npmjs.org/@humanwhocodes%2fretry 7ms (cache hit)
275 silly packumentCache full:https://registry.npmjs.org/@humanwhocodes%2fretry set size:42348 disposed:false
276 silly fetch manifest uri-js@^4.2.2
277 silly packumentCache full:https://registry.npmjs.org/uri-js cache-miss
278 http cache https://registry.npmjs.org/debug 8ms (cache hit)
279 silly packumentCache full:https://registry.npmjs.org/debug set size:195840 disposed:false
280 silly fetch manifest fast-deep-equal@^3.1.1
281 silly packumentCache full:https://registry.npmjs.org/fast-deep-equal cache-miss
282 http cache https://registry.npmjs.org/eslint-visitor-keys 10ms (cache hit)
283 silly packumentCache full:https://registry.npmjs.org/eslint-visitor-keys set size:67352 disposed:false
284 silly fetch manifest json-schema-traverse@^0.4.1
285 silly packumentCache full:https://registry.npmjs.org/json-schema-traverse cache-miss
286 http cache https://registry.npmjs.org/fast-deep-equal 2ms (cache hit)
287 silly packumentCache full:https://registry.npmjs.org/fast-deep-equal set size:48634 disposed:false
288 silly fetch manifest fast-json-stable-stringify@^2.0.0
289 silly packumentCache full:https://registry.npmjs.org/fast-json-stable-stringify cache-miss
290 http fetch GET 200 https://registry.npmjs.org/json-schema-traverse 44ms (cache miss)
291 silly packumentCache full:https://registry.npmjs.org/json-schema-traverse set size:undefined disposed:false
292 silly fetch manifest which@^2.0.1
293 silly packumentCache full:https://registry.npmjs.org/which cache-miss
294 http fetch GET 200 https://registry.npmjs.org/levn 55ms (cache miss)
295 silly packumentCache full:https://registry.npmjs.org/levn set size:undefined disposed:false
296 silly fetch manifest path-key@^3.1.0
297 silly packumentCache full:https://registry.npmjs.org/path-key cache-miss
298 http fetch GET 200 https://registry.npmjs.org/@humanfs%2fcore 56ms (cache miss)
299 silly packumentCache full:https://registry.npmjs.org/@humanfs%2fcore set size:undefined disposed:false
300 silly fetch manifest shebang-command@^2.0.0
301 silly packumentCache full:https://registry.npmjs.org/shebang-command cache-miss
302 http fetch GET 200 https://registry.npmjs.org/uri-js 59ms (cache miss)
303 silly packumentCache full:https://registry.npmjs.org/uri-js set size:undefined disposed:false
304 silly fetch manifest ms@^2.1.3
305 silly packumentCache full:https://registry.npmjs.org/ms cache-miss
306 http fetch GET 200 https://registry.npmjs.org/fast-json-stable-stringify 52ms (cache miss)
307 silly packumentCache full:https://registry.npmjs.org/fast-json-stable-stringify set size:undefined disposed:false
308 silly fetch manifest @types/esrecurse@^4.3.1
309 silly packumentCache full:https://registry.npmjs.org/@types%2fesrecurse cache-miss
310 http fetch GET 200 https://registry.npmjs.org/@types%2fjson-schema 82ms (cache miss)
311 silly packumentCache full:https://registry.npmjs.org/@types%2fjson-schema set size:undefined disposed:false
312 silly fetch manifest esrecurse@^4.3.0
313 silly packumentCache full:https://registry.npmjs.org/esrecurse cache-miss
314 http fetch GET 200 https://registry.npmjs.org/which 42ms (cache miss)
315 silly packumentCache full:https://registry.npmjs.org/which set size:undefined disposed:false
316 silly fetch manifest estraverse@^5.2.0
317 silly packumentCache full:https://registry.npmjs.org/estraverse cache-miss
318 http fetch GET 200 https://registry.npmjs.org/shebang-command 52ms (cache miss)
319 silly packumentCache full:https://registry.npmjs.org/shebang-command set size:undefined disposed:false
320 silly fetch manifest acorn@^8.15.0
321 silly packumentCache full:https://registry.npmjs.org/acorn cache-miss
322 http fetch GET 200 https://registry.npmjs.org/ms 50ms (cache miss)
323 silly packumentCache full:https://registry.npmjs.org/ms set size:undefined disposed:false
324 silly fetch manifest acorn-jsx@^5.3.2
325 silly packumentCache full:https://registry.npmjs.org/acorn-jsx cache-miss
326 http fetch GET 200 https://registry.npmjs.org/esrecurse 50ms (cache miss)
327 silly packumentCache full:https://registry.npmjs.org/esrecurse set size:undefined disposed:false
328 silly fetch manifest estraverse@^5.1.0
329 silly packumentCache full:https://registry.npmjs.org/estraverse cache-miss
330 http fetch GET 200 https://registry.npmjs.org/estraverse 38ms (cache miss)
331 silly packumentCache full:https://registry.npmjs.org/estraverse set size:undefined disposed:false
332 silly fetch manifest flat-cache@^4.0.0
333 silly packumentCache full:https://registry.npmjs.org/flat-cache cache-miss
334 http fetch GET 200 https://registry.npmjs.org/@types%2fesrecurse 69ms (cache miss)
335 silly packumentCache full:https://registry.npmjs.org/@types%2fesrecurse set size:undefined disposed:false
336 silly fetch manifest locate-path@^6.0.0
337 silly packumentCache full:https://registry.npmjs.org/locate-path cache-miss
338 http fetch GET 200 https://registry.npmjs.org/acorn-jsx 51ms (cache miss)
339 silly packumentCache full:https://registry.npmjs.org/acorn-jsx set size:undefined disposed:false
340 silly fetch manifest path-exists@^4.0.0
341 silly packumentCache full:https://registry.npmjs.org/path-exists cache-miss
342 http fetch GET 200 https://registry.npmjs.org/acorn 62ms (cache miss)
343 silly packumentCache full:https://registry.npmjs.org/acorn set size:undefined disposed:false
344 silly fetch manifest is-glob@^4.0.3
345 silly packumentCache full:https://registry.npmjs.org/is-glob cache-miss
346 http cache https://registry.npmjs.org/is-glob 1ms (cache hit)
347 silly packumentCache full:https://registry.npmjs.org/is-glob set size:40530 disposed:false
348 silly fetch manifest is-extglob@^2.1.1
349 silly packumentCache full:https://registry.npmjs.org/is-extglob cache-miss
350 http fetch GET 200 https://registry.npmjs.org/estraverse 55ms (cache miss)
351 silly packumentCache full:https://registry.npmjs.org/estraverse set size:undefined disposed:false
352 silly fetch manifest brace-expansion@^5.0.2
353 silly packumentCache full:https://registry.npmjs.org/brace-expansion cache-miss
354 http fetch GET 200 https://registry.npmjs.org/locate-path 54ms (cache miss)
355 silly packumentCache full:https://registry.npmjs.org/locate-path set size:undefined disposed:false
356 silly fetch manifest prelude-ls@^1.2.1
357 silly packumentCache full:https://registry.npmjs.org/prelude-ls cache-miss
358 http fetch GET 200 https://registry.npmjs.org/flat-cache 56ms (cache miss)
359 silly packumentCache full:https://registry.npmjs.org/flat-cache set size:undefined disposed:false
360 silly fetch manifest deep-is@^0.1.3
361 silly packumentCache full:https://registry.npmjs.org/deep-is cache-miss
362 http fetch GET 200 https://registry.npmjs.org/path-exists 37ms (cache miss)
363 silly packumentCache full:https://registry.npmjs.org/path-exists set size:undefined disposed:false
364 silly fetch manifest word-wrap@^1.2.5
365 silly packumentCache full:https://registry.npmjs.org/word-wrap cache-miss
366 http fetch GET 200 https://registry.npmjs.org/is-extglob 43ms (cache miss)
367 silly packumentCache full:https://registry.npmjs.org/is-extglob set size:undefined disposed:false
368 silly fetch manifest type-check@^0.4.0
369 silly packumentCache full:https://registry.npmjs.org/type-check cache-miss
370 http fetch GET 200 https://registry.npmjs.org/@eslint%2fobject-schema 220ms (cache miss)
371 silly packumentCache full:https://registry.npmjs.org/@eslint%2fobject-schema set size:undefined disposed:false
372 silly fetch manifest fast-levenshtein@^2.0.6
373 silly packumentCache full:https://registry.npmjs.org/fast-levenshtein cache-miss
374 http fetch GET 200 https://registry.npmjs.org/deep-is 35ms (cache miss)
375 silly packumentCache full:https://registry.npmjs.org/deep-is set size:undefined disposed:false
376 http fetch GET 200 https://registry.npmjs.org/brace-expansion 39ms (cache miss)
377 silly packumentCache full:https://registry.npmjs.org/brace-expansion set size:undefined disposed:false
378 http fetch GET 200 https://registry.npmjs.org/prelude-ls 50ms (cache miss)
379 silly packumentCache full:https://registry.npmjs.org/prelude-ls set size:undefined disposed:false
380 http fetch GET 200 https://registry.npmjs.org/word-wrap 37ms (cache miss)
381 silly packumentCache full:https://registry.npmjs.org/word-wrap set size:undefined disposed:false
382 http fetch GET 200 https://registry.npmjs.org/path-key 205ms (cache miss)
383 silly packumentCache full:https://registry.npmjs.org/path-key set size:undefined disposed:false
384 http fetch GET 200 https://registry.npmjs.org/fast-levenshtein 43ms (cache miss)
385 silly packumentCache full:https://registry.npmjs.org/fast-levenshtein set size:undefined disposed:false
386 http fetch GET 200 https://registry.npmjs.org/type-check 217ms (cache miss)
387 silly packumentCache full:https://registry.npmjs.org/type-check set size:undefined disposed:false
388 silly placeDep node_modules/@eslint-community/eslint-utils eslint-visitor-keys@3.4.3 OK for: @eslint-community/eslint-utils@4.9.1 want: ^3.4.3
389 silly placeDep ROOT @eslint/object-schema@3.0.1 OK for: @eslint/config-array@0.23.1 want: ^3.0.1
390 silly placeDep ROOT @types/json-schema@7.0.15 OK for: @eslint/core@1.1.0 want: ^7.0.15
391 silly placeDep ROOT levn@0.4.1 OK for: @eslint/plugin-kit@0.6.0 want: ^0.4.1
392 silly fetch manifest type-check@~0.4.0
393 silly packumentCache full:https://registry.npmjs.org/type-check cache-miss
394 http cache https://registry.npmjs.org/type-check 2ms (cache hit)
395 silly packumentCache full:https://registry.npmjs.org/type-check set size:21221 disposed:false
396 silly placeDep ROOT @humanfs/core@0.19.1 OK for: @humanfs/node@0.16.7 want: ^0.19.1
397 silly placeDep ROOT fast-json-stable-stringify@2.1.0 OK for: ajv@6.12.6 want: ^2.0.0
398 silly placeDep ROOT json-schema-traverse@0.4.1 OK for: ajv@6.12.6 want: ^0.4.1
399 silly placeDep ROOT uri-js@4.4.1 OK for: ajv@6.12.6 want: ^4.2.2
400 silly fetch manifest punycode@^2.1.0
401 silly packumentCache full:https://registry.npmjs.org/punycode cache-miss
402 http fetch GET 200 https://registry.npmjs.org/punycode 42ms (cache miss)
403 silly packumentCache full:https://registry.npmjs.org/punycode set size:undefined disposed:false
404 silly placeDep ROOT path-key@3.1.1 OK for: cross-spawn@7.0.6 want: ^3.1.0
405 silly placeDep ROOT shebang-command@2.0.0 OK for: cross-spawn@7.0.6 want: ^2.0.0
406 silly placeDep ROOT which@2.0.2 OK for: cross-spawn@7.0.6 want: ^2.0.1
407 silly fetch manifest shebang-regex@^3.0.0
408 silly packumentCache full:https://registry.npmjs.org/shebang-regex cache-miss
409 silly fetch manifest isexe@^2.0.0
410 silly packumentCache full:https://registry.npmjs.org/isexe cache-miss
411 http fetch GET 200 https://registry.npmjs.org/shebang-regex 35ms (cache miss)
412 silly packumentCache full:https://registry.npmjs.org/shebang-regex set size:undefined disposed:false
413 http fetch GET 200 https://registry.npmjs.org/isexe 59ms (cache miss)
414 silly packumentCache full:https://registry.npmjs.org/isexe set size:undefined disposed:false
415 silly placeDep ROOT ms@2.1.3 OK for: debug@4.4.3 want: ^2.1.3
416 silly placeDep ROOT @types/esrecurse@4.3.1 OK for: eslint-scope@9.1.0 want: ^4.3.1
417 silly placeDep ROOT esrecurse@4.3.0 OK for: eslint-scope@9.1.0 want: ^4.3.0
418 silly placeDep ROOT estraverse@5.3.0 OK for: eslint-scope@9.1.0 want: ^5.2.0
419 silly placeDep ROOT acorn@8.15.0 OK for: espree@11.1.0 want: ^8.15.0
420 silly placeDep ROOT acorn-jsx@5.3.2 OK for: espree@11.1.0 want: ^5.3.2
421 silly placeDep ROOT flat-cache@4.0.1 OK for: file-entry-cache@8.0.0 want: ^4.0.0
422 silly fetch manifest keyv@^4.5.4
423 silly packumentCache full:https://registry.npmjs.org/keyv cache-miss
424 silly fetch manifest flatted@^3.2.9
425 silly packumentCache full:https://registry.npmjs.org/flatted cache-miss
426 http fetch GET 200 https://registry.npmjs.org/flatted 60ms (cache miss)
427 silly packumentCache full:https://registry.npmjs.org/flatted set size:undefined disposed:false
428 http fetch GET 200 https://registry.npmjs.org/keyv 63ms (cache miss)
429 silly packumentCache full:https://registry.npmjs.org/keyv set size:undefined disposed:false
430 silly placeDep ROOT locate-path@6.0.0 OK for: find-up@5.0.0 want: ^6.0.0
431 silly placeDep ROOT path-exists@4.0.0 OK for: find-up@5.0.0 want: ^4.0.0
432 silly fetch manifest p-locate@^5.0.0
433 silly packumentCache full:https://registry.npmjs.org/p-locate cache-miss
434 http fetch GET 200 https://registry.npmjs.org/p-locate 42ms (cache miss)
435 silly packumentCache full:https://registry.npmjs.org/p-locate set size:undefined disposed:false
436 silly placeDep ROOT flatted@3.3.3 OK for: flat-cache@4.0.1 want: ^3.2.9
437 silly placeDep ROOT keyv@4.5.4 OK for: flat-cache@4.0.1 want: ^4.5.4
438 silly fetch manifest json-buffer@3.0.1
439 silly packumentCache full:https://registry.npmjs.org/json-buffer cache-miss
440 http fetch GET 200 https://registry.npmjs.org/json-buffer 66ms (cache miss)
441 silly packumentCache full:https://registry.npmjs.org/json-buffer set size:undefined disposed:false
442 silly placeDep ROOT is-extglob@2.1.1 OK for: is-glob@4.0.3 want: ^2.1.1
443 silly placeDep ROOT json-buffer@3.0.1 OK for: keyv@4.5.4 want: 3.0.1
444 silly placeDep ROOT prelude-ls@1.2.1 OK for: levn@0.4.1 want: ^1.2.1
445 silly placeDep ROOT type-check@0.4.0 OK for: levn@0.4.1 want: ~0.4.0
446 silly placeDep ROOT p-locate@5.0.0 OK for: locate-path@6.0.0 want: ^5.0.0
447 silly fetch manifest p-limit@^3.0.2
448 silly packumentCache full:https://registry.npmjs.org/p-limit cache-miss
449 http fetch GET 200 https://registry.npmjs.org/p-limit 45ms (cache miss)
450 silly packumentCache full:https://registry.npmjs.org/p-limit set size:undefined disposed:false
451 silly placeDep ROOT brace-expansion@5.0.2 OK for: minimatch@10.2.0 want: ^5.0.2
452 silly fetch manifest balanced-match@^4.0.2
453 silly packumentCache full:https://registry.npmjs.org/balanced-match cache-miss
454 http fetch GET 200 https://registry.npmjs.org/balanced-match 109ms (cache miss)
455 silly packumentCache full:https://registry.npmjs.org/balanced-match set size:undefined disposed:false
456 silly placeDep ROOT balanced-match@4.0.2 OK for: brace-expansion@5.0.2 want: ^4.0.2
457 silly fetch manifest jackspeak@^4.2.3
458 silly packumentCache full:https://registry.npmjs.org/jackspeak cache-miss
459 http fetch GET 200 https://registry.npmjs.org/jackspeak 80ms (cache miss)
460 silly packumentCache full:https://registry.npmjs.org/jackspeak set size:undefined disposed:false
461 silly placeDep ROOT jackspeak@4.2.3 OK for: balanced-match@4.0.2 want: ^4.2.3
462 silly fetch manifest @isaacs/cliui@^9.0.0
463 silly packumentCache full:https://registry.npmjs.org/@isaacs%2fcliui cache-miss
464 http fetch GET 200 https://registry.npmjs.org/@isaacs%2fcliui 72ms (cache miss)
465 silly packumentCache full:https://registry.npmjs.org/@isaacs%2fcliui set size:undefined disposed:false
466 silly placeDep ROOT @isaacs/cliui@9.0.0 OK for: jackspeak@4.2.3 want: ^9.0.0
467 silly fetch manifest postcss@8.4.31
468 silly packumentCache full:https://registry.npmjs.org/postcss cache-hit
469 silly placeDep node_modules/next postcss@8.4.31 OK for: next@16.1.6 want: 8.4.31
470 silly placeDep ROOT deep-is@0.1.4 OK for: optionator@0.9.4 want: ^0.1.3
471 silly placeDep ROOT fast-levenshtein@2.0.6 OK for: optionator@0.9.4 want: ^2.0.6
472 silly placeDep ROOT word-wrap@1.2.5 OK for: optionator@0.9.4 want: ^1.2.5
473 silly placeDep ROOT p-limit@3.1.0 OK for: p-locate@5.0.0 want: ^3.0.2
474 silly fetch manifest yocto-queue@^0.1.0
475 silly packumentCache full:https://registry.npmjs.org/yocto-queue cache-miss
476 http fetch GET 200 https://registry.npmjs.org/yocto-queue 59ms (cache miss)
477 silly packumentCache full:https://registry.npmjs.org/yocto-queue set size:undefined disposed:false
478 silly placeDep ROOT yocto-queue@0.1.0 OK for: p-limit@3.1.0 want: ^0.1.0
479 silly placeDep ROOT shebang-regex@3.0.0 OK for: shebang-command@2.0.0 want: ^3.0.0
480 silly placeDep ROOT escalade@3.2.0 OK for: update-browserslist-db@1.2.3 want: ^3.2.0
481 silly placeDep ROOT punycode@2.3.1 OK for: uri-js@4.4.1 want: ^2.1.0
482 silly placeDep ROOT isexe@2.0.0 OK for: which@2.0.2 want: ^2.0.0
483 silly reify mark retired [
483 silly reify   '/Users/juliusrannersberger/Desktop/Flatcontroll/wg-putzplan/node_modules/postcss'
483 silly reify ]
484 silly reify moves {
484 silly reify   '/Users/juliusrannersberger/Desktop/Flatcontroll/wg-putzplan/node_modules/postcss': '/Users/juliusrannersberger/Desktop/Flatcontroll/wg-putzplan/node_modules/.postcss-jbWCl01T'
484 silly reify }
485 silly audit bulk request {
485 silly audit   '@emnapi/runtime': [ '1.8.1' ],
485 silly audit   '@img/colour': [ '1.0.0' ],
485 silly audit   '@img/sharp-darwin-arm64': [ '0.34.5' ],
485 silly audit   '@img/sharp-darwin-x64': [ '0.34.5' ],
485 silly audit   '@img/sharp-libvips-darwin-arm64': [ '1.2.4' ],
485 silly audit   '@img/sharp-libvips-darwin-x64': [ '1.2.4' ],
485 silly audit   '@img/sharp-libvips-linux-arm': [ '1.2.4' ],
485 silly audit   '@img/sharp-libvips-linux-arm64': [ '1.2.4' ],
485 silly audit   '@img/sharp-libvips-linux-ppc64': [ '1.2.4' ],
485 silly audit   '@img/sharp-libvips-linux-riscv64': [ '1.2.4' ],
485 silly audit   '@img/sharp-libvips-linux-s390x': [ '1.2.4' ],
485 silly audit   '@img/sharp-libvips-linux-x64': [ '1.2.4' ],
485 silly audit   '@img/sharp-libvips-linuxmusl-arm64': [ '1.2.4' ],
485 silly audit   '@img/sharp-libvips-linuxmusl-x64': [ '1.2.4' ],
485 silly audit   '@img/sharp-linux-arm': [ '0.34.5' ],
485 silly audit   '@img/sharp-linux-arm64': [ '0.34.5' ],
485 silly audit   '@img/sharp-linux-ppc64': [ '0.34.5' ],
485 silly audit   '@img/sharp-linux-riscv64': [ '0.34.5' ],
485 silly audit   '@img/sharp-linux-s390x': [ '0.34.5' ],
485 silly audit   '@img/sharp-linux-x64': [ '0.34.5' ],
485 silly audit   '@img/sharp-linuxmusl-arm64': [ '0.34.5' ],
485 silly audit   '@img/sharp-linuxmusl-x64': [ '0.34.5' ],
485 silly audit   '@img/sharp-wasm32': [ '0.34.5' ],
485 silly audit   '@img/sharp-win32-arm64': [ '0.34.5' ],
485 silly audit   '@img/sharp-win32-ia32': [ '0.34.5' ],
485 silly audit   '@img/sharp-win32-x64': [ '0.34.5' ],
485 silly audit   '@next/env': [ '16.1.6' ],
485 silly audit   '@next/swc-darwin-arm64': [ '16.1.6' ],
485 silly audit   '@next/swc-darwin-x64': [ '16.1.6' ],
485 silly audit   '@next/swc-linux-arm64-gnu': [ '16.1.6' ],
485 silly audit   '@next/swc-linux-arm64-musl': [ '16.1.6' ],
485 silly audit   '@next/swc-linux-x64-gnu': [ '16.1.6' ],
485 silly audit   '@next/swc-linux-x64-musl': [ '16.1.6' ],
485 silly audit   '@next/swc-win32-arm64-msvc': [ '16.1.6' ],
485 silly audit   '@next/swc-win32-x64-msvc': [ '16.1.6' ],
485 silly audit   '@swc/helpers': [ '0.5.15' ],
485 silly audit   'baseline-browser-mapping': [ '2.9.19' ],
485 silly audit   'caniuse-lite': [ '1.0.30001770' ],
485 silly audit   'client-only': [ '0.0.1' ],
485 silly audit   clsx: [ '2.1.1' ],
485 silly audit   'detect-libc': [ '2.1.2' ],
485 silly audit   'lucide-react': [ '0.564.0' ],
485 silly audit   nanoid: [ '3.3.11' ],
485 silly audit   next: [ '16.1.6' ],
485 silly audit   picocolors: [ '1.1.1' ],
485 silly audit   react: [ '19.2.4' ],
485 silly audit   'react-dom': [ '19.2.4' ],
485 silly audit   scheduler: [ '0.27.0' ],
485 silly audit   semver: [ '7.7.4' ],
485 silly audit   sharp: [ '0.34.5' ],
485 silly audit   'source-map-js': [ '1.2.1' ],
485 silly audit   'styled-jsx': [ '5.1.6' ],
485 silly audit   'tailwind-merge': [ '3.4.1' ],
485 silly audit   tslib: [ '2.8.1' ],
485 silly audit   '@types/node': [ '25.2.3' ],
485 silly audit   '@types/react': [ '19.2.14' ],
485 silly audit   '@types/react-dom': [ '19.2.3' ],
485 silly audit   autoprefixer: [ '10.4.24' ],
485 silly audit   eslint: [ '10.0.0' ],
485 silly audit   postcss: [ '8.5.6', '8.4.31' ],
485 silly audit   tailwindcss: [ '4.1.18' ],
485 silly audit   typescript: [ '5.9.3' ],
485 silly audit   'undici-types': [ '7.16.0' ],
485 silly audit   csstype: [ '3.2.3' ],
485 silly audit   browserslist: [ '4.28.1' ],
485 silly audit   'fraction.js': [ '5.3.4' ],
485 silly audit   'postcss-value-parser': [ '4.2.0' ],
485 silly audit   'electron-to-chromium': [ '1.5.286' ],
485 silly audit   'node-releases': [ '2.0.27' ],
485 silly audit   'update-browserslist-db': [ '1.2.3' ],
485 silly audit   '@eslint-community/eslint-utils': [ '4.9.1' ],
485 silly audit   '@eslint-community/regexpp': [ '4.12.2' ],
485 silly audit   '@eslint/config-array': [ '0.23.1' ],
485 silly audit   '@eslint/config-helpers': [ '0.5.2' ],
485 silly audit   '@eslint/core': [ '1.1.0' ],
485 silly audit   '@eslint/plugin-kit': [ '0.6.0' ],
485 silly audit   '@humanfs/node': [ '0.16.7' ],
485 silly audit   '@humanwhocodes/module-importer': [ '1.0.1' ],
485 silly audit   '@humanwhocodes/retry': [ '0.4.3' ],
485 silly audit   '@types/estree': [ '1.0.8' ],
485 silly audit   ajv: [ '6.12.6' ],
485 silly audit   'cross-spawn': [ '7.0.6' ],
485 silly audit   debug: [ '4.4.3' ],
485 silly audit   'escape-string-regexp': [ '4.0.0' ],
485 silly audit   'eslint-scope': [ '9.1.0' ],
485 silly audit   'eslint-visitor-keys': [ '5.0.0', '3.4.3' ],
485 silly audit   espree: [ '11.1.0' ],
485 silly audit   esquery: [ '1.7.0' ],
485 silly audit   esutils: [ '2.0.3' ],
485 silly audit   'fast-deep-equal': [ '3.1.3' ],
485 silly audit   'file-entry-cache': [ '8.0.0' ],
485 silly audit   'find-up': [ '5.0.0' ],
485 silly audit   'glob-parent': [ '6.0.2' ],
485 silly audit   ignore: [ '5.3.2' ],
485 silly audit   imurmurhash: [ '0.1.4' ],
485 silly audit   'is-glob': [ '4.0.3' ],
485 silly audit   'json-stable-stringify-without-jsonify': [ '1.0.1' ],
485 silly audit   minimatch: [ '10.2.0' ],
485 silly audit   'natural-compare': [ '1.4.0' ],
485 silly audit   optionator: [ '0.9.4' ],
485 silly audit   '@eslint/object-schema': [ '3.0.1' ],
485 silly audit   '@types/json-schema': [ '7.0.15' ],
485 silly audit   levn: [ '0.4.1' ],
485 silly audit   '@humanfs/core': [ '0.19.1' ],
485 silly audit   'fast-json-stable-stringify': [ '2.1.0' ],
485 silly audit   'json-schema-traverse': [ '0.4.1' ],
485 silly audit   'uri-js': [ '4.4.1' ],
485 silly audit   'path-key': [ '3.1.1' ],
485 silly audit   'shebang-command': [ '2.0.0' ],
485 silly audit   which: [ '2.0.2' ],
485 silly audit   ms: [ '2.1.3' ],
485 silly audit   '@types/esrecurse': [ '4.3.1' ],
485 silly audit   esrecurse: [ '4.3.0' ],
485 silly audit   estraverse: [ '5.3.0' ],
485 silly audit   acorn: [ '8.15.0' ],
485 silly audit   'acorn-jsx': [ '5.3.2' ],
485 silly audit   'flat-cache': [ '4.0.1' ],
485 silly audit   'locate-path': [ '6.0.0' ],
485 silly audit   'path-exists': [ '4.0.0' ],
485 silly audit   flatted: [ '3.3.3' ],
485 silly audit   keyv: [ '4.5.4' ],
485 silly audit   'is-extglob': [ '2.1.1' ],
485 silly audit   'json-buffer': [ '3.0.1' ],
485 silly audit   'prelude-ls': [ '1.2.1' ],
485 silly audit   'type-check': [ '0.4.0' ],
485 silly audit   'p-locate': [ '5.0.0' ],
485 silly audit   'brace-expansion': [ '5.0.2' ],
485 silly audit   'balanced-match': [ '4.0.2' ],
485 silly audit   jackspeak: [ '4.2.3' ],
485 silly audit   '@isaacs/cliui': [ '9.0.0' ],
485 silly audit   'deep-is': [ '0.1.4' ],
485 silly audit   'fast-levenshtein': [ '2.0.6' ],
485 silly audit   'word-wrap': [ '1.2.5' ],
485 silly audit   'p-limit': [ '3.1.0' ],
485 silly audit   'yocto-queue': [ '0.1.0' ],
485 silly audit   'shebang-regex': [ '3.0.0' ],
485 silly audit   escalade: [ '3.2.0' ],
485 silly audit   punycode: [ '2.3.1' ],
485 silly audit   isexe: [ '2.0.0' ]
485 silly audit }
486 http cache punycode@https://registry.npmjs.org/punycode/-/punycode-2.3.1.tgz 0ms (cache hit)
487 http cache escalade@https://registry.npmjs.org/escalade/-/escalade-3.2.0.tgz 0ms (cache hit)
488 http cache yocto-queue@https://registry.npmjs.org/yocto-queue/-/yocto-queue-0.1.0.tgz 0ms (cache hit)
489 http cache isexe@https://registry.npmjs.org/isexe/-/isexe-2.0.0.tgz 0ms (cache hit)
490 http cache p-limit@https://registry.npmjs.org/p-limit/-/p-limit-3.1.0.tgz 0ms (cache hit)
491 http cache word-wrap@https://registry.npmjs.org/word-wrap/-/word-wrap-1.2.5.tgz 0ms (cache hit)
492 http cache shebang-regex@https://registry.npmjs.org/shebang-regex/-/shebang-regex-3.0.0.tgz 0ms (cache hit)
493 http cache fast-levenshtein@https://registry.npmjs.org/fast-levenshtein/-/fast-levenshtein-2.0.6.tgz 0ms (cache hit)
494 http cache deep-is@https://registry.npmjs.org/deep-is/-/deep-is-0.1.4.tgz 0ms (cache hit)
495 http cache @isaacs/cliui@https://registry.npmjs.org/@isaacs/cliui/-/cliui-9.0.0.tgz 0ms (cache hit)
496 http cache jackspeak@https://registry.npmjs.org/jackspeak/-/jackspeak-4.2.3.tgz 0ms (cache hit)
497 http cache brace-expansion@https://registry.npmjs.org/brace-expansion/-/brace-expansion-5.0.2.tgz 0ms (cache hit)
498 http cache balanced-match@https://registry.npmjs.org/balanced-match/-/balanced-match-4.0.2.tgz 0ms (cache hit)
499 http cache p-locate@https://registry.npmjs.org/p-locate/-/p-locate-5.0.0.tgz 0ms (cache hit)
500 http cache type-check@https://registry.npmjs.org/type-check/-/type-check-0.4.0.tgz 0ms (cache hit)
501 http cache prelude-ls@https://registry.npmjs.org/prelude-ls/-/prelude-ls-1.2.1.tgz 0ms (cache hit)
502 http cache is-extglob@https://registry.npmjs.org/is-extglob/-/is-extglob-2.1.1.tgz 0ms (cache hit)
503 http cache json-buffer@https://registry.npmjs.org/json-buffer/-/json-buffer-3.0.1.tgz 0ms (cache hit)
504 http cache keyv@https://registry.npmjs.org/keyv/-/keyv-4.5.4.tgz 0ms (cache hit)
505 http cache locate-path@https://registry.npmjs.org/locate-path/-/locate-path-6.0.0.tgz 0ms (cache hit)
506 http cache path-exists@https://registry.npmjs.org/path-exists/-/path-exists-4.0.0.tgz 0ms (cache hit)
507 http cache flat-cache@https://registry.npmjs.org/flat-cache/-/flat-cache-4.0.1.tgz 0ms (cache hit)
508 http cache acorn-jsx@https://registry.npmjs.org/acorn-jsx/-/acorn-jsx-5.3.2.tgz 0ms (cache hit)
509 http cache flatted@https://registry.npmjs.org/flatted/-/flatted-3.3.3.tgz 0ms (cache hit)
510 http cache acorn@https://registry.npmjs.org/acorn/-/acorn-8.15.0.tgz 0ms (cache hit)
511 http cache estraverse@https://registry.npmjs.org/estraverse/-/estraverse-5.3.0.tgz 0ms (cache hit)
512 http cache esrecurse@https://registry.npmjs.org/esrecurse/-/esrecurse-4.3.0.tgz 0ms (cache hit)
513 http cache @types/esrecurse@https://registry.npmjs.org/@types/esrecurse/-/esrecurse-4.3.1.tgz 0ms (cache hit)
514 http cache ms@https://registry.npmjs.org/ms/-/ms-2.1.3.tgz 0ms (cache hit)
515 http cache which@https://registry.npmjs.org/which/-/which-2.0.2.tgz 0ms (cache hit)
516 http cache path-key@https://registry.npmjs.org/path-key/-/path-key-3.1.1.tgz 0ms (cache hit)
517 http cache shebang-command@https://registry.npmjs.org/shebang-command/-/shebang-command-2.0.0.tgz 0ms (cache hit)
518 http cache uri-js@https://registry.npmjs.org/uri-js/-/uri-js-4.4.1.tgz 0ms (cache hit)
519 http cache json-schema-traverse@https://registry.npmjs.org/json-schema-traverse/-/json-schema-traverse-0.4.1.tgz 0ms (cache hit)
520 http cache fast-json-stable-stringify@https://registry.npmjs.org/fast-json-stable-stringify/-/fast-json-stable-stringify-2.1.0.tgz 0ms (cache hit)
521 http cache @types/json-schema@https://registry.npmjs.org/@types/json-schema/-/json-schema-7.0.15.tgz 0ms (cache hit)
522 http cache @humanfs/core@https://registry.npmjs.org/@humanfs/core/-/core-0.19.1.tgz 0ms (cache hit)
523 http cache @eslint/object-schema@https://registry.npmjs.org/@eslint/object-schema/-/object-schema-3.0.1.tgz 0ms (cache hit)
524 http cache optionator@https://registry.npmjs.org/optionator/-/optionator-0.9.4.tgz 0ms (cache hit)
525 http cache natural-compare@https://registry.npmjs.org/natural-compare/-/natural-compare-1.4.0.tgz 0ms (cache hit)
526 http cache levn@https://registry.npmjs.org/levn/-/levn-0.4.1.tgz 0ms (cache hit)
527 http cache minimatch@https://registry.npmjs.org/minimatch/-/minimatch-10.2.0.tgz 0ms (cache hit)
528 http cache json-stable-stringify-without-jsonify@https://registry.npmjs.org/json-stable-stringify-without-jsonify/-/json-stable-stringify-without-jsonify-1.0.1.tgz 0ms (cache hit)
529 http cache is-glob@https://registry.npmjs.org/is-glob/-/is-glob-4.0.3.tgz 0ms (cache hit)
530 http cache imurmurhash@https://registry.npmjs.org/imurmurhash/-/imurmurhash-0.1.4.tgz 0ms (cache hit)
531 http cache ignore@https://registry.npmjs.org/ignore/-/ignore-5.3.2.tgz 0ms (cache hit)
532 http cache glob-parent@https://registry.npmjs.org/glob-parent/-/glob-parent-6.0.2.tgz 0ms (cache hit)
533 http cache find-up@https://registry.npmjs.org/find-up/-/find-up-5.0.0.tgz 0ms (cache hit)
534 http cache file-entry-cache@https://registry.npmjs.org/file-entry-cache/-/file-entry-cache-8.0.0.tgz 0ms (cache hit)
535 http cache fast-deep-equal@https://registry.npmjs.org/fast-deep-equal/-/fast-deep-equal-3.1.3.tgz 0ms (cache hit)
536 http cache esutils@https://registry.npmjs.org/esutils/-/esutils-2.0.3.tgz 0ms (cache hit)
537 http cache esquery@https://registry.npmjs.org/esquery/-/esquery-1.7.0.tgz 0ms (cache hit)
538 http cache espree@https://registry.npmjs.org/espree/-/espree-11.1.0.tgz 0ms (cache hit)
539 http cache eslint-visitor-keys@https://registry.npmjs.org/eslint-visitor-keys/-/eslint-visitor-keys-5.0.0.tgz 0ms (cache hit)
540 http cache eslint-scope@https://registry.npmjs.org/eslint-scope/-/eslint-scope-9.1.0.tgz 0ms (cache hit)
541 http cache escape-string-regexp@https://registry.npmjs.org/escape-string-regexp/-/escape-string-regexp-4.0.0.tgz 0ms (cache hit)
542 http cache debug@https://registry.npmjs.org/debug/-/debug-4.4.3.tgz 0ms (cache hit)
543 http cache ajv@https://registry.npmjs.org/ajv/-/ajv-6.12.6.tgz 0ms (cache hit)
544 http cache cross-spawn@https://registry.npmjs.org/cross-spawn/-/cross-spawn-7.0.6.tgz 0ms (cache hit)
545 http cache @humanwhocodes/retry@https://registry.npmjs.org/@humanwhocodes/retry/-/retry-0.4.3.tgz 0ms (cache hit)
546 http cache @types/estree@https://registry.npmjs.org/@types/estree/-/estree-1.0.8.tgz 0ms (cache hit)
547 http cache @humanwhocodes/module-importer@https://registry.npmjs.org/@humanwhocodes/module-importer/-/module-importer-1.0.1.tgz 0ms (cache hit)
548 http cache @humanfs/node@https://registry.npmjs.org/@humanfs/node/-/node-0.16.7.tgz 0ms (cache hit)
549 http cache @eslint/core@https://registry.npmjs.org/@eslint/core/-/core-1.1.0.tgz 0ms (cache hit)
550 http cache @eslint/plugin-kit@https://registry.npmjs.org/@eslint/plugin-kit/-/plugin-kit-0.6.0.tgz 0ms (cache hit)
551 http cache @eslint/config-helpers@https://registry.npmjs.org/@eslint/config-helpers/-/config-helpers-0.5.2.tgz 0ms (cache hit)
552 http cache @eslint/config-array@https://registry.npmjs.org/@eslint/config-array/-/config-array-0.23.1.tgz 0ms (cache hit)
553 http cache @eslint-community/regexpp@https://registry.npmjs.org/@eslint-community/regexpp/-/regexpp-4.12.2.tgz 0ms (cache hit)
554 http cache @eslint-community/eslint-utils@https://registry.npmjs.org/@eslint-community/eslint-utils/-/eslint-utils-4.9.1.tgz 0ms (cache hit)
555 http cache update-browserslist-db@https://registry.npmjs.org/update-browserslist-db/-/update-browserslist-db-1.2.3.tgz 0ms (cache hit)
556 http cache electron-to-chromium@https://registry.npmjs.org/electron-to-chromium/-/electron-to-chromium-1.5.286.tgz 0ms (cache hit)
557 http cache postcss-value-parser@https://registry.npmjs.org/postcss-value-parser/-/postcss-value-parser-4.2.0.tgz 0ms (cache hit)
558 http cache fraction.js@https://registry.npmjs.org/fraction.js/-/fraction.js-5.3.4.tgz 0ms (cache hit)
559 http cache browserslist@https://registry.npmjs.org/browserslist/-/browserslist-4.28.1.tgz 0ms (cache hit)
560 http cache csstype@https://registry.npmjs.org/csstype/-/csstype-3.2.3.tgz 0ms (cache hit)
561 http cache typescript@https://registry.npmjs.org/typescript/-/typescript-5.9.3.tgz 0ms (cache hit)
562 http cache tailwindcss@https://registry.npmjs.org/tailwindcss/-/tailwindcss-4.1.18.tgz 0ms (cache hit)
563 http cache node-releases@https://registry.npmjs.org/node-releases/-/node-releases-2.0.27.tgz 0ms (cache hit)
564 http cache eslint@https://registry.npmjs.org/eslint/-/eslint-10.0.0.tgz 0ms (cache hit)
565 http cache autoprefixer@https://registry.npmjs.org/autoprefixer/-/autoprefixer-10.4.24.tgz 0ms (cache hit)
566 http cache @types/react-dom@https://registry.npmjs.org/@types/react-dom/-/react-dom-19.2.3.tgz 0ms (cache hit)
567 http cache @types/react@https://registry.npmjs.org/@types/react/-/react-19.2.14.tgz 0ms (cache hit)
568 http cache @types/node@https://registry.npmjs.org/@types/node/-/node-25.2.3.tgz 0ms (cache hit)
569 http cache postcss@https://registry.npmjs.org/postcss/-/postcss-8.5.6.tgz 0ms (cache hit)
570 http cache eslint-visitor-keys@https://registry.npmjs.org/eslint-visitor-keys/-/eslint-visitor-keys-3.4.3.tgz 0ms (cache hit)
571 http cache postcss@https://registry.npmjs.org/postcss/-/postcss-8.4.31.tgz 0ms (cache hit)
572 http cache undici-types@https://registry.npmjs.org/undici-types/-/undici-types-7.16.0.tgz 0ms (cache hit)
573 silly tarball no local data for punycode@https://registry.npmjs.org/punycode/-/punycode-2.3.1.tgz. Extracting by manifest.
574 silly tarball no local data for escalade@https://registry.npmjs.org/escalade/-/escalade-3.2.0.tgz. Extracting by manifest.
575 silly tarball no local data for yocto-queue@https://registry.npmjs.org/yocto-queue/-/yocto-queue-0.1.0.tgz. Extracting by manifest.
576 silly tarball no local data for isexe@https://registry.npmjs.org/isexe/-/isexe-2.0.0.tgz. Extracting by manifest.
577 silly tarball no local data for p-limit@https://registry.npmjs.org/p-limit/-/p-limit-3.1.0.tgz. Extracting by manifest.
578 silly tarball no local data for word-wrap@https://registry.npmjs.org/word-wrap/-/word-wrap-1.2.5.tgz. Extracting by manifest.
579 silly tarball no local data for shebang-regex@https://registry.npmjs.org/shebang-regex/-/shebang-regex-3.0.0.tgz. Extracting by manifest.
580 silly tarball no local data for fast-levenshtein@https://registry.npmjs.org/fast-levenshtein/-/fast-levenshtein-2.0.6.tgz. Extracting by manifest.
581 silly tarball no local data for deep-is@https://registry.npmjs.org/deep-is/-/deep-is-0.1.4.tgz. Extracting by manifest.
582 silly tarball no local data for @isaacs/cliui@https://registry.npmjs.org/@isaacs/cliui/-/cliui-9.0.0.tgz. Extracting by manifest.
583 silly tarball no local data for jackspeak@https://registry.npmjs.org/jackspeak/-/jackspeak-4.2.3.tgz. Extracting by manifest.
584 silly tarball no local data for brace-expansion@https://registry.npmjs.org/brace-expansion/-/brace-expansion-5.0.2.tgz. Extracting by manifest.
585 silly tarball no local data for balanced-match@https://registry.npmjs.org/balanced-match/-/balanced-match-4.0.2.tgz. Extracting by manifest.
586 silly tarball no local data for p-locate@https://registry.npmjs.org/p-locate/-/p-locate-5.0.0.tgz. Extracting by manifest.
587 silly tarball no local data for type-check@https://registry.npmjs.org/type-check/-/type-check-0.4.0.tgz. Extracting by manifest.
588 silly tarball no local data for prelude-ls@https://registry.npmjs.org/prelude-ls/-/prelude-ls-1.2.1.tgz. Extracting by manifest.
589 silly tarball no local data for is-extglob@https://registry.npmjs.org/is-extglob/-/is-extglob-2.1.1.tgz. Extracting by manifest.
590 silly tarball no local data for json-buffer@https://registry.npmjs.org/json-buffer/-/json-buffer-3.0.1.tgz. Extracting by manifest.
591 silly tarball no local data for keyv@https://registry.npmjs.org/keyv/-/keyv-4.5.4.tgz. Extracting by manifest.
592 silly tarball no local data for locate-path@https://registry.npmjs.org/locate-path/-/locate-path-6.0.0.tgz. Extracting by manifest.
593 silly tarball no local data for path-exists@https://registry.npmjs.org/path-exists/-/path-exists-4.0.0.tgz. Extracting by manifest.
594 silly tarball no local data for flat-cache@https://registry.npmjs.org/flat-cache/-/flat-cache-4.0.1.tgz. Extracting by manifest.
595 silly tarball no local data for acorn-jsx@https://registry.npmjs.org/acorn-jsx/-/acorn-jsx-5.3.2.tgz. Extracting by manifest.
596 silly tarball no local data for flatted@https://registry.npmjs.org/flatted/-/flatted-3.3.3.tgz. Extracting by manifest.
597 silly tarball no local data for acorn@https://registry.npmjs.org/acorn/-/acorn-8.15.0.tgz. Extracting by manifest.
598 silly tarball no local data for estraverse@https://registry.npmjs.org/estraverse/-/estraverse-5.3.0.tgz. Extracting by manifest.
599 silly tarball no local data for esrecurse@https://registry.npmjs.org/esrecurse/-/esrecurse-4.3.0.tgz. Extracting by manifest.
600 silly tarball no local data for @types/esrecurse@https://registry.npmjs.org/@types/esrecurse/-/esrecurse-4.3.1.tgz. Extracting by manifest.
601 silly tarball no local data for ms@https://registry.npmjs.org/ms/-/ms-2.1.3.tgz. Extracting by manifest.
602 silly tarball no local data for which@https://registry.npmjs.org/which/-/which-2.0.2.tgz. Extracting by manifest.
603 silly tarball no local data for path-key@https://registry.npmjs.org/path-key/-/path-key-3.1.1.tgz. Extracting by manifest.
604 silly tarball no local data for shebang-command@https://registry.npmjs.org/shebang-command/-/shebang-command-2.0.0.tgz. Extracting by manifest.
605 silly tarball no local data for uri-js@https://registry.npmjs.org/uri-js/-/uri-js-4.4.1.tgz. Extracting by manifest.
606 silly tarball no local data for json-schema-traverse@https://registry.npmjs.org/json-schema-traverse/-/json-schema-traverse-0.4.1.tgz. Extracting by manifest.
607 silly tarball no local data for fast-json-stable-stringify@https://registry.npmjs.org/fast-json-stable-stringify/-/fast-json-stable-stringify-2.1.0.tgz. Extracting by manifest.
608 silly tarball no local data for @types/json-schema@https://registry.npmjs.org/@types/json-schema/-/json-schema-7.0.15.tgz. Extracting by manifest.
609 silly tarball no local data for @humanfs/core@https://registry.npmjs.org/@humanfs/core/-/core-0.19.1.tgz. Extracting by manifest.
610 silly tarball no local data for @eslint/object-schema@https://registry.npmjs.org/@eslint/object-schema/-/object-schema-3.0.1.tgz. Extracting by manifest.
611 silly tarball no local data for optionator@https://registry.npmjs.org/optionator/-/optionator-0.9.4.tgz. Extracting by manifest.
612 silly tarball no local data for natural-compare@https://registry.npmjs.org/natural-compare/-/natural-compare-1.4.0.tgz. Extracting by manifest.
613 silly tarball no local data for levn@https://registry.npmjs.org/levn/-/levn-0.4.1.tgz. Extracting by manifest.
614 silly tarball no local data for minimatch@https://registry.npmjs.org/minimatch/-/minimatch-10.2.0.tgz. Extracting by manifest.
615 silly tarball no local data for json-stable-stringify-without-jsonify@https://registry.npmjs.org/json-stable-stringify-without-jsonify/-/json-stable-stringify-without-jsonify-1.0.1.tgz. Extracting by manifest.
616 silly tarball no local data for is-glob@https://registry.npmjs.org/is-glob/-/is-glob-4.0.3.tgz. Extracting by manifest.
617 silly tarball no local data for imurmurhash@https://registry.npmjs.org/imurmurhash/-/imurmurhash-0.1.4.tgz. Extracting by manifest.
618 silly tarball no local data for ignore@https://registry.npmjs.org/ignore/-/ignore-5.3.2.tgz. Extracting by manifest.
619 silly tarball no local data for glob-parent@https://registry.npmjs.org/glob-parent/-/glob-parent-6.0.2.tgz. Extracting by manifest.
620 silly tarball no local data for find-up@https://registry.npmjs.org/find-up/-/find-up-5.0.0.tgz. Extracting by manifest.
621 silly tarball no local data for file-entry-cache@https://registry.npmjs.org/file-entry-cache/-/file-entry-cache-8.0.0.tgz. Extracting by manifest.
622 silly tarball no local data for fast-deep-equal@https://registry.npmjs.org/fast-deep-equal/-/fast-deep-equal-3.1.3.tgz. Extracting by manifest.
623 silly tarball no local data for esutils@https://registry.npmjs.org/esutils/-/esutils-2.0.3.tgz. Extracting by manifest.
624 silly tarball no local data for esquery@https://registry.npmjs.org/esquery/-/esquery-1.7.0.tgz. Extracting by manifest.
625 silly tarball no local data for espree@https://registry.npmjs.org/espree/-/espree-11.1.0.tgz. Extracting by manifest.
626 silly tarball no local data for eslint-visitor-keys@https://registry.npmjs.org/eslint-visitor-keys/-/eslint-visitor-keys-5.0.0.tgz. Extracting by manifest.
627 silly tarball no local data for eslint-scope@https://registry.npmjs.org/eslint-scope/-/eslint-scope-9.1.0.tgz. Extracting by manifest.
628 silly tarball no local data for escape-string-regexp@https://registry.npmjs.org/escape-string-regexp/-/escape-string-regexp-4.0.0.tgz. Extracting by manifest.
629 silly tarball no local data for debug@https://registry.npmjs.org/debug/-/debug-4.4.3.tgz. Extracting by manifest.
630 silly tarball no local data for ajv@https://registry.npmjs.org/ajv/-/ajv-6.12.6.tgz. Extracting by manifest.
631 silly tarball no local data for cross-spawn@https://registry.npmjs.org/cross-spawn/-/cross-spawn-7.0.6.tgz. Extracting by manifest.
632 silly tarball no local data for @humanwhocodes/retry@https://registry.npmjs.org/@humanwhocodes/retry/-/retry-0.4.3.tgz. Extracting by manifest.
633 silly tarball no local data for @types/estree@https://registry.npmjs.org/@types/estree/-/estree-1.0.8.tgz. Extracting by manifest.
634 silly tarball no local data for @humanwhocodes/module-importer@https://registry.npmjs.org/@humanwhocodes/module-importer/-/module-importer-1.0.1.tgz. Extracting by manifest.
635 silly tarball no local data for @humanfs/node@https://registry.npmjs.org/@humanfs/node/-/node-0.16.7.tgz. Extracting by manifest.
636 silly tarball no local data for @eslint/core@https://registry.npmjs.org/@eslint/core/-/core-1.1.0.tgz. Extracting by manifest.
637 silly tarball no local data for @eslint/plugin-kit@https://registry.npmjs.org/@eslint/plugin-kit/-/plugin-kit-0.6.0.tgz. Extracting by manifest.
638 silly tarball no local data for @eslint/config-helpers@https://registry.npmjs.org/@eslint/config-helpers/-/config-helpers-0.5.2.tgz. Extracting by manifest.
639 silly tarball no local data for @eslint/config-array@https://registry.npmjs.org/@eslint/config-array/-/config-array-0.23.1.tgz. Extracting by manifest.
640 silly tarball no local data for @eslint-community/regexpp@https://registry.npmjs.org/@eslint-community/regexpp/-/regexpp-4.12.2.tgz. Extracting by manifest.
641 silly tarball no local data for @eslint-community/eslint-utils@https://registry.npmjs.org/@eslint-community/eslint-utils/-/eslint-utils-4.9.1.tgz. Extracting by manifest.
642 silly tarball no local data for update-browserslist-db@https://registry.npmjs.org/update-browserslist-db/-/update-browserslist-db-1.2.3.tgz. Extracting by manifest.
643 silly tarball no local data for electron-to-chromium@https://registry.npmjs.org/electron-to-chromium/-/electron-to-chromium-1.5.286.tgz. Extracting by manifest.
644 silly tarball no local data for postcss-value-parser@https://registry.npmjs.org/postcss-value-parser/-/postcss-value-parser-4.2.0.tgz. Extracting by manifest.
645 silly tarball no local data for fraction.js@https://registry.npmjs.org/fraction.js/-/fraction.js-5.3.4.tgz. Extracting by manifest.
646 silly tarball no local data for browserslist@https://registry.npmjs.org/browserslist/-/browserslist-4.28.1.tgz. Extracting by manifest.
647 silly tarball no local data for csstype@https://registry.npmjs.org/csstype/-/csstype-3.2.3.tgz. Extracting by manifest.
648 silly tarball no local data for typescript@https://registry.npmjs.org/typescript/-/typescript-5.9.3.tgz. Extracting by manifest.
649 silly tarball no local data for tailwindcss@https://registry.npmjs.org/tailwindcss/-/tailwindcss-4.1.18.tgz. Extracting by manifest.
650 silly tarball no local data for node-releases@https://registry.npmjs.org/node-releases/-/node-releases-2.0.27.tgz. Extracting by manifest.
651 silly tarball no local data for eslint@https://registry.npmjs.org/eslint/-/eslint-10.0.0.tgz. Extracting by manifest.
652 silly tarball no local data for autoprefixer@https://registry.npmjs.org/autoprefixer/-/autoprefixer-10.4.24.tgz. Extracting by manifest.
653 silly tarball no local data for @types/react-dom@https://registry.npmjs.org/@types/react-dom/-/react-dom-19.2.3.tgz. Extracting by manifest.
654 silly tarball no local data for @types/react@https://registry.npmjs.org/@types/react/-/react-19.2.14.tgz. Extracting by manifest.
655 silly tarball no local data for @types/node@https://registry.npmjs.org/@types/node/-/node-25.2.3.tgz. Extracting by manifest.
656 silly tarball no local data for postcss@https://registry.npmjs.org/postcss/-/postcss-8.5.6.tgz. Extracting by manifest.
657 silly tarball no local data for eslint-visitor-keys@https://registry.npmjs.org/eslint-visitor-keys/-/eslint-visitor-keys-3.4.3.tgz. Extracting by manifest.
658 silly tarball no local data for undici-types@https://registry.npmjs.org/undici-types/-/undici-types-7.16.0.tgz. Extracting by manifest.
659 http fetch GET 200 https://registry.npmjs.org/yocto-queue/-/yocto-queue-0.1.0.tgz 71ms (cache miss)
660 http fetch GET 200 https://registry.npmjs.org/isexe/-/isexe-2.0.0.tgz 71ms (cache miss)
661 http fetch GET 200 https://registry.npmjs.org/escalade/-/escalade-3.2.0.tgz 71ms (cache miss)
662 http fetch GET 200 https://registry.npmjs.org/word-wrap/-/word-wrap-1.2.5.tgz 71ms (cache miss)
663 http fetch GET 200 https://registry.npmjs.org/p-limit/-/p-limit-3.1.0.tgz 89ms (cache miss)
664 http fetch GET 200 https://registry.npmjs.org/punycode/-/punycode-2.3.1.tgz 90ms (cache miss)
665 http fetch GET 200 https://registry.npmjs.org/type-check/-/type-check-0.4.0.tgz 121ms (cache miss)
666 http fetch GET 200 https://registry.npmjs.org/is-extglob/-/is-extglob-2.1.1.tgz 120ms (cache miss)
667 http fetch GET 200 https://registry.npmjs.org/json-buffer/-/json-buffer-3.0.1.tgz 130ms (cache miss)
668 http fetch GET 200 https://registry.npmjs.org/locate-path/-/locate-path-6.0.0.tgz 131ms (cache miss)
669 http fetch GET 200 https://registry.npmjs.org/keyv/-/keyv-4.5.4.tgz 139ms (cache miss)
670 http fetch GET 200 https://registry.npmjs.org/prelude-ls/-/prelude-ls-1.2.1.tgz 141ms (cache miss)
671 http fetch GET 200 https://registry.npmjs.org/path-exists/-/path-exists-4.0.0.tgz 183ms (cache miss)
672 http fetch GET 200 https://registry.npmjs.org/fast-levenshtein/-/fast-levenshtein-2.0.6.tgz 186ms (cache miss)
673 http fetch GET 200 https://registry.npmjs.org/flat-cache/-/flat-cache-4.0.1.tgz 193ms (cache miss)
674 http fetch GET 200 https://registry.npmjs.org/acorn-jsx/-/acorn-jsx-5.3.2.tgz 194ms (cache miss)
675 http fetch GET 200 https://registry.npmjs.org/shebang-regex/-/shebang-regex-3.0.0.tgz 199ms (cache miss)
676 http fetch POST 200 https://registry.npmjs.org/-/npm/v1/security/advisories/bulk 223ms
677 silly audit report {}
678 http fetch GET 200 https://registry.npmjs.org/flatted/-/flatted-3.3.3.tgz 204ms (cache miss)
679 http fetch GET 200 https://registry.npmjs.org/balanced-match/-/balanced-match-4.0.2.tgz 207ms (cache miss)
680 http fetch GET 200 https://registry.npmjs.org/deep-is/-/deep-is-0.1.4.tgz 208ms (cache miss)
681 http fetch GET 200 https://registry.npmjs.org/estraverse/-/estraverse-5.3.0.tgz 205ms (cache miss)
682 http fetch GET 200 https://registry.npmjs.org/p-locate/-/p-locate-5.0.0.tgz 208ms (cache miss)
683 http fetch GET 200 https://registry.npmjs.org/brace-expansion/-/brace-expansion-5.0.2.tgz 209ms (cache miss)
684 http fetch GET 200 https://registry.npmjs.org/acorn/-/acorn-8.15.0.tgz 283ms (cache miss)
685 http fetch GET 200 https://registry.npmjs.org/shebang-command/-/shebang-command-2.0.0.tgz 290ms (cache miss)
686 http fetch GET 200 https://registry.npmjs.org/esrecurse/-/esrecurse-4.3.0.tgz 291ms (cache miss)
687 http fetch GET 200 https://registry.npmjs.org/json-schema-traverse/-/json-schema-traverse-0.4.1.tgz 294ms (cache miss)
688 http fetch GET 200 https://registry.npmjs.org/path-key/-/path-key-3.1.1.tgz 294ms (cache miss)
689 http fetch GET 200 https://registry.npmjs.org/ms/-/ms-2.1.3.tgz 295ms (cache miss)
690 http fetch GET 200 https://registry.npmjs.org/@isaacs/cliui/-/cliui-9.0.0.tgz 300ms (cache miss)
691 http fetch GET 200 https://registry.npmjs.org/fast-json-stable-stringify/-/fast-json-stable-stringify-2.1.0.tgz 297ms (cache miss)
692 http fetch GET 200 https://registry.npmjs.org/@types/json-schema/-/json-schema-7.0.15.tgz 306ms (cache miss)
693 http fetch GET 200 https://registry.npmjs.org/which/-/which-2.0.2.tgz 309ms (cache miss)
694 http fetch GET 200 https://registry.npmjs.org/@types/esrecurse/-/esrecurse-4.3.1.tgz 312ms (cache miss)
695 http fetch GET 200 https://registry.npmjs.org/@eslint/object-schema/-/object-schema-3.0.1.tgz 312ms (cache miss)
696 http fetch GET 200 https://registry.npmjs.org/@humanfs/core/-/core-0.19.1.tgz 312ms (cache miss)
697 http fetch GET 200 https://registry.npmjs.org/uri-js/-/uri-js-4.4.1.tgz 316ms (cache miss)
698 http fetch GET 200 https://registry.npmjs.org/levn/-/levn-0.4.1.tgz 340ms (cache miss)
699 http fetch GET 200 https://registry.npmjs.org/optionator/-/optionator-0.9.4.tgz 341ms (cache miss)
700 http fetch GET 200 https://registry.npmjs.org/natural-compare/-/natural-compare-1.4.0.tgz 341ms (cache miss)
701 http fetch GET 200 https://registry.npmjs.org/json-stable-stringify-without-jsonify/-/json-stable-stringify-without-jsonify-1.0.1.tgz 343ms (cache miss)
702 http fetch GET 200 https://registry.npmjs.org/glob-parent/-/glob-parent-6.0.2.tgz 343ms (cache miss)
703 http fetch GET 200 https://registry.npmjs.org/file-entry-cache/-/file-entry-cache-8.0.0.tgz 356ms (cache miss)
704 http fetch GET 200 https://registry.npmjs.org/jackspeak/-/jackspeak-4.2.3.tgz 362ms (cache miss)
705 http fetch GET 200 https://registry.npmjs.org/is-glob/-/is-glob-4.0.3.tgz 362ms (cache miss)
706 http fetch GET 200 https://registry.npmjs.org/ignore/-/ignore-5.3.2.tgz 361ms (cache miss)
707 http fetch GET 200 https://registry.npmjs.org/find-up/-/find-up-5.0.0.tgz 362ms (cache miss)
708 http fetch GET 200 https://registry.npmjs.org/imurmurhash/-/imurmurhash-0.1.4.tgz 362ms (cache miss)
709 http fetch GET 200 https://registry.npmjs.org/minimatch/-/minimatch-10.2.0.tgz 364ms (cache miss)
710 http fetch GET 200 https://registry.npmjs.org/esutils/-/esutils-2.0.3.tgz 363ms (cache miss)
711 http fetch GET 200 https://registry.npmjs.org/fast-deep-equal/-/fast-deep-equal-3.1.3.tgz 373ms (cache miss)
712 http fetch GET 200 https://registry.npmjs.org/escape-string-regexp/-/escape-string-regexp-4.0.0.tgz 388ms (cache miss)
713 http fetch GET 200 https://registry.npmjs.org/eslint-visitor-keys/-/eslint-visitor-keys-5.0.0.tgz 430ms (cache miss)
714 http fetch GET 200 https://registry.npmjs.org/debug/-/debug-4.4.3.tgz 431ms (cache miss)
715 http fetch GET 200 https://registry.npmjs.org/@humanwhocodes/module-importer/-/module-importer-1.0.1.tgz 440ms (cache miss)
716 http fetch GET 200 https://registry.npmjs.org/@humanfs/node/-/node-0.16.7.tgz 441ms (cache miss)
717 http fetch GET 200 https://registry.npmjs.org/@types/estree/-/estree-1.0.8.tgz 444ms (cache miss)
718 http fetch GET 200 https://registry.npmjs.org/@humanwhocodes/retry/-/retry-0.4.3.tgz 444ms (cache miss)
719 http fetch GET 200 https://registry.npmjs.org/cross-spawn/-/cross-spawn-7.0.6.tgz 446ms (cache miss)
720 http fetch GET 200 https://registry.npmjs.org/@eslint/core/-/core-1.1.0.tgz 443ms (cache miss)
721 http fetch GET 200 https://registry.npmjs.org/espree/-/espree-11.1.0.tgz 448ms (cache miss)
722 http fetch GET 200 https://registry.npmjs.org/eslint-scope/-/eslint-scope-9.1.0.tgz 449ms (cache miss)
723 http fetch GET 200 https://registry.npmjs.org/@eslint/config-helpers/-/config-helpers-0.5.2.tgz 451ms (cache miss)
724 http fetch GET 200 https://registry.npmjs.org/ajv/-/ajv-6.12.6.tgz 458ms (cache miss)
725 http fetch GET 200 https://registry.npmjs.org/esquery/-/esquery-1.7.0.tgz 489ms (cache miss)
726 http fetch GET 200 https://registry.npmjs.org/postcss-value-parser/-/postcss-value-parser-4.2.0.tgz 485ms (cache miss)
727 http fetch GET 200 https://registry.npmjs.org/update-browserslist-db/-/update-browserslist-db-1.2.3.tgz 485ms (cache miss)
728 http fetch GET 200 https://registry.npmjs.org/electron-to-chromium/-/electron-to-chromium-1.5.286.tgz 486ms (cache miss)
729 http fetch GET 200 https://registry.npmjs.org/fraction.js/-/fraction.js-5.3.4.tgz 489ms (cache miss)
730 http fetch GET 200 https://registry.npmjs.org/@eslint/config-array/-/config-array-0.23.1.tgz 493ms (cache miss)
731 http fetch GET 200 https://registry.npmjs.org/@eslint-community/regexpp/-/regexpp-4.12.2.tgz 533ms (cache miss)
732 http fetch GET 200 https://registry.npmjs.org/@eslint-community/eslint-utils/-/eslint-utils-4.9.1.tgz 539ms (cache miss)
733 http fetch GET 200 https://registry.npmjs.org/node-releases/-/node-releases-2.0.27.tgz 563ms (cache miss)
734 http fetch GET 200 https://registry.npmjs.org/tailwindcss/-/tailwindcss-4.1.18.tgz 568ms (cache miss)
735 http fetch GET 200 https://registry.npmjs.org/browserslist/-/browserslist-4.28.1.tgz 569ms (cache miss)
736 http fetch GET 200 https://registry.npmjs.org/@types/react-dom/-/react-dom-19.2.3.tgz 640ms (cache miss)
737 http fetch GET 200 https://registry.npmjs.org/@eslint/plugin-kit/-/plugin-kit-0.6.0.tgz 647ms (cache miss)
738 http fetch GET 200 https://registry.npmjs.org/postcss/-/postcss-8.5.6.tgz 648ms (cache miss)
739 http fetch GET 200 https://registry.npmjs.org/eslint-visitor-keys/-/eslint-visitor-keys-3.4.3.tgz 655ms (cache miss)
740 http fetch GET 200 https://registry.npmjs.org/undici-types/-/undici-types-7.16.0.tgz 661ms (cache miss)
741 http fetch GET 200 https://registry.npmjs.org/csstype/-/csstype-3.2.3.tgz 663ms (cache miss)
742 http fetch GET 200 https://registry.npmjs.org/autoprefixer/-/autoprefixer-10.4.24.tgz 672ms (cache miss)
743 http fetch GET 200 https://registry.npmjs.org/@types/node/-/node-25.2.3.tgz 847ms (cache miss)
744 http fetch GET 200 https://registry.npmjs.org/eslint/-/eslint-10.0.0.tgz 941ms (cache miss)
745 http fetch GET 200 https://registry.npmjs.org/@types/react/-/react-19.2.14.tgz 1201ms (cache miss)
746 http fetch GET 200 https://registry.npmjs.org/typescript/-/typescript-5.9.3.tgz 1482ms (cache miss)
747 silly ADD node_modules/isexe
748 silly ADD node_modules/punycode
749 silly ADD node_modules/escalade
750 silly ADD node_modules/shebang-regex
751 silly ADD node_modules/yocto-queue
752 silly ADD node_modules/p-limit
753 silly ADD node_modules/word-wrap
754 silly ADD node_modules/fast-levenshtein
755 silly ADD node_modules/deep-is
756 silly ADD node_modules/@isaacs/cliui
757 silly ADD node_modules/jackspeak
758 silly ADD node_modules/balanced-match
759 silly ADD node_modules/brace-expansion
760 silly ADD node_modules/p-locate
761 silly ADD node_modules/type-check
762 silly ADD node_modules/prelude-ls
763 silly ADD node_modules/json-buffer
764 silly ADD node_modules/is-extglob
765 silly ADD node_modules/keyv
766 silly ADD node_modules/flatted
767 silly ADD node_modules/path-exists
768 silly ADD node_modules/locate-path
769 silly ADD node_modules/flat-cache
770 silly ADD node_modules/acorn-jsx
771 silly ADD node_modules/acorn
772 silly ADD node_modules/estraverse
773 silly ADD node_modules/esrecurse
774 silly ADD node_modules/@types/esrecurse
775 silly ADD node_modules/ms
776 silly ADD node_modules/which
777 silly ADD node_modules/shebang-command
778 silly ADD node_modules/path-key
779 silly ADD node_modules/uri-js
780 silly ADD node_modules/json-schema-traverse
781 silly ADD node_modules/fast-json-stable-stringify
782 silly ADD node_modules/@humanfs/core
783 silly ADD node_modules/levn
784 silly ADD node_modules/@types/json-schema
785 silly ADD node_modules/@eslint/object-schema
786 silly ADD node_modules/optionator
787 silly ADD node_modules/natural-compare
788 silly ADD node_modules/minimatch
789 silly ADD node_modules/json-stable-stringify-without-jsonify
790 silly ADD node_modules/is-glob
791 silly ADD node_modules/imurmurhash
792 silly ADD node_modules/ignore
793 silly ADD node_modules/glob-parent
794 silly ADD node_modules/find-up
795 silly ADD node_modules/file-entry-cache
796 silly ADD node_modules/fast-deep-equal
797 silly ADD node_modules/esutils
798 silly ADD node_modules/esquery
799 silly ADD node_modules/espree
800 silly ADD node_modules/eslint-visitor-keys
801 silly ADD node_modules/eslint-scope
802 silly ADD node_modules/escape-string-regexp
803 silly ADD node_modules/debug
804 silly ADD node_modules/cross-spawn
805 silly ADD node_modules/ajv
806 silly ADD node_modules/@types/estree
807 silly ADD node_modules/@humanwhocodes/retry
808 silly ADD node_modules/@humanwhocodes/module-importer
809 silly ADD node_modules/@humanfs/node
810 silly ADD node_modules/@eslint/plugin-kit
811 silly ADD node_modules/@eslint/core
812 silly ADD node_modules/@eslint/config-helpers
813 silly ADD node_modules/@eslint/config-array
814 silly ADD node_modules/@eslint-community/regexpp
815 silly ADD node_modules/@eslint-community/eslint-utils
816 silly ADD node_modules/@eslint-community/eslint-utils/node_modules/eslint-visitor-keys
817 silly ADD node_modules/update-browserslist-db
818 silly ADD node_modules/node-releases
819 silly ADD node_modules/electron-to-chromium
820 silly ADD node_modules/postcss-value-parser
821 silly ADD node_modules/fraction.js
822 silly ADD node_modules/browserslist
823 silly ADD node_modules/csstype
824 silly ADD node_modules/undici-types
825 silly ADD node_modules/typescript
826 silly ADD node_modules/tailwindcss
827 silly ADD node_modules/eslint
828 silly ADD node_modules/autoprefixer
829 silly ADD node_modules/@types/react-dom
830 silly ADD node_modules/@types/react
831 silly ADD node_modules/@types/node
832 silly CHANGE node_modules/postcss
833 silly ADD node_modules/next/node_modules/postcss
834 verbose cwd /Users/juliusrannersberger/Desktop/Flatcontroll/wg-putzplan
835 verbose os Darwin 25.3.0
836 verbose node v25.6.1
837 verbose npm  v11.9.0
838 verbose exit 0
839 info ok
