0 verbose cli /opt/homebrew/Cellar/node/25.6.1/bin/node /opt/homebrew/bin/npm
1 info using npm@11.9.0
2 info using node@v25.6.1
3 silly config load:file:/opt/homebrew/lib/node_modules/npm/npmrc
4 silly config load:file:/Users/juliusrannersberger/Desktop/Flatcontroll/wg-putzplan/.npmrc
5 silly config load:file:/Users/juliusrannersberger/.npmrc
6 silly config load:file:/opt/homebrew/etc/npmrc
7 verbose title npm install tailwindcss@3.4.1 postcss@8.4.35 autoprefixer@10.4.17
8 verbose argv "install" "--save-dev" "tailwindcss@3.4.1" "postcss@8.4.35" "autoprefixer@10.4.17" "--legacy-peer-deps"
9 verbose logfile logs-max:10 dir:/Users/juliusrannersberger/Desktop/Flatcontroll/wg-putzplan/.npm-cache/_logs/2026-02-15T18_08_55_396Z-
10 verbose logfile /Users/juliusrannersberger/Desktop/Flatcontroll/wg-putzplan/.npm-cache/_logs/2026-02-15T18_08_55_396Z-debug-0.log
11 silly logfile done cleaning log files
12 silly packumentCache heap:2348810240 maxSize:587202560 maxEntrySize:293601280
13 silly idealTree buildDeps
14 silly fetch manifest autoprefixer@10.4.17
15 silly packumentCache full:https://registry.npmjs.org/autoprefixer cache-miss
16 http cache https://registry.npmjs.org/autoprefixer 20ms (cache hit)
17 silly packumentCache full:https://registry.npmjs.org/autoprefixer set size:1273128 disposed:false
18 silly fetch manifest postcss@8.4.35
19 silly packumentCache full:https://registry.npmjs.org/postcss cache-miss
20 http cache https://registry.npmjs.org/postcss 5ms (cache hit)
21 silly packumentCache full:https://registry.npmjs.org/postcss set size:696248 disposed:false
22 silly fetch manifest tailwindcss@3.4.1
23 silly packumentCache full:https://registry.npmjs.org/tailwindcss cache-miss
24 http cache https://registry.npmjs.org/tailwindcss 14ms (cache hit)
25 silly packumentCache full:https://registry.npmjs.org/tailwindcss set size:10163990 disposed:false
26 silly placeDep ROOT autoprefixer@10.4.17 REPLACE for: wg-putzplan@1.0.0 want: 10.4.17
27 silly placeDep ROOT postcss@8.4.35 REPLACE for: wg-putzplan@1.0.0 want: 8.4.35
28 silly placeDep ROOT tailwindcss@3.4.1 OK for: wg-putzplan@1.0.0 want: 3.4.1
29 silly fetch manifest fraction.js@^4.3.7
30 silly packumentCache full:https://registry.npmjs.org/fraction.js cache-miss
31 silly fetch manifest normalize-range@^0.1.2
32 silly packumentCache full:https://registry.npmjs.org/normalize-range cache-miss
33 silly fetch manifest arg@^5.0.2
34 silly packumentCache full:https://registry.npmjs.org/arg cache-miss
35 silly fetch manifest dlv@^1.1.3
36 silly packumentCache full:https://registry.npmjs.org/dlv cache-miss
37 silly fetch manifest jiti@^1.19.1
38 silly packumentCache full:https://registry.npmjs.org/jiti cache-miss
39 silly fetch manifest resolve@^1.22.2
40 silly packumentCache full:https://registry.npmjs.org/resolve cache-miss
41 silly fetch manifest sucrase@^3.32.0
42 silly packumentCache full:https://registry.npmjs.org/sucrase cache-miss
43 http cache https://registry.npmjs.org/fraction.js 25ms (cache hit)
44 silly packumentCache full:https://registry.npmjs.org/fraction.js set size:149386 disposed:false
45 silly fetch manifest chokidar@^3.5.3
46 silly packumentCache full:https://registry.npmjs.org/chokidar cache-miss
47 http cache https://registry.npmjs.org/jiti 28ms (cache hit)
48 silly packumentCache full:https://registry.npmjs.org/jiti set size:382310 disposed:false
49 silly fetch manifest fast-glob@^3.3.0
50 silly packumentCache full:https://registry.npmjs.org/fast-glob cache-miss
51 http fetch GET 200 https://registry.npmjs.org/dlv 226ms (cache miss)
52 silly packumentCache full:https://registry.npmjs.org/dlv set size:undefined disposed:false
53 silly fetch manifest lilconfig@^2.1.0
54 silly packumentCache full:https://registry.npmjs.org/lilconfig cache-miss
55 http fetch GET 200 https://registry.npmjs.org/arg 229ms (cache miss)
56 silly packumentCache full:https://registry.npmjs.org/arg set size:undefined disposed:false
57 silly fetch manifest didyoumean@^1.2.2
58 silly packumentCache full:https://registry.npmjs.org/didyoumean cache-miss
59 http fetch GET 200 https://registry.npmjs.org/fast-glob 200ms (cache miss)
60 silly packumentCache full:https://registry.npmjs.org/fast-glob set size:undefined disposed:false
61 silly fetch manifest micromatch@^4.0.5
62 silly packumentCache full:https://registry.npmjs.org/micromatch cache-miss
63 http fetch GET 200 https://registry.npmjs.org/resolve 233ms (cache miss)
64 silly packumentCache full:https://registry.npmjs.org/resolve set size:undefined disposed:false
65 silly fetch manifest postcss-js@^4.0.1
66 silly packumentCache full:https://registry.npmjs.org/postcss-js cache-miss
67 http fetch GET 200 https://registry.npmjs.org/chokidar 300ms (cache miss)
68 silly packumentCache full:https://registry.npmjs.org/chokidar set size:undefined disposed:false
69 silly fetch manifest object-hash@^3.0.0
70 silly packumentCache full:https://registry.npmjs.org/object-hash cache-miss
71 http fetch GET 200 https://registry.npmjs.org/sucrase 330ms (cache miss)
72 silly packumentCache full:https://registry.npmjs.org/sucrase set size:undefined disposed:false
73 silly fetch manifest normalize-path@^3.0.0
74 silly packumentCache full:https://registry.npmjs.org/normalize-path cache-miss
75 http fetch GET 200 https://registry.npmjs.org/didyoumean 105ms (cache miss)
76 silly packumentCache full:https://registry.npmjs.org/didyoumean set size:undefined disposed:false
77 silly fetch manifest postcss-import@^15.1.0
78 silly packumentCache full:https://registry.npmjs.org/postcss-import cache-miss
79 http fetch GET 200 https://registry.npmjs.org/lilconfig 109ms (cache miss)
80 silly packumentCache full:https://registry.npmjs.org/lilconfig set size:undefined disposed:false
81 silly fetch manifest postcss-nested@^6.0.1
82 silly packumentCache full:https://registry.npmjs.org/postcss-nested cache-miss
83 http fetch GET 200 https://registry.npmjs.org/postcss-js 101ms (cache miss)
84 silly packumentCache full:https://registry.npmjs.org/postcss-js set size:undefined disposed:false
85 silly fetch manifest @alloc/quick-lru@^5.2.0
86 silly packumentCache full:https://registry.npmjs.org/@alloc%2fquick-lru cache-miss
87 http fetch GET 200 https://registry.npmjs.org/micromatch 107ms (cache miss)
88 silly packumentCache full:https://registry.npmjs.org/micromatch set size:undefined disposed:false
89 silly fetch manifest postcss-load-config@^4.0.1
90 silly packumentCache full:https://registry.npmjs.org/postcss-load-config cache-miss
91 http fetch GET 200 https://registry.npmjs.org/normalize-range 377ms (cache miss)
92 silly packumentCache full:https://registry.npmjs.org/normalize-range set size:undefined disposed:false
93 silly fetch manifest postcss-selector-parser@^6.0.11
94 silly packumentCache full:https://registry.npmjs.org/postcss-selector-parser cache-miss
95 http fetch GET 200 https://registry.npmjs.org/object-hash 51ms (cache miss)
96 silly packumentCache full:https://registry.npmjs.org/object-hash set size:undefined disposed:false
97 http fetch GET 200 https://registry.npmjs.org/normalize-path 48ms (cache miss)
98 silly packumentCache full:https://registry.npmjs.org/normalize-path set size:undefined disposed:false
99 http fetch GET 200 https://registry.npmjs.org/postcss-load-config 53ms (cache miss)
100 silly packumentCache full:https://registry.npmjs.org/postcss-load-config set size:undefined disposed:false
101 http fetch GET 200 https://registry.npmjs.org/@alloc%2fquick-lru 60ms (cache miss)
102 silly packumentCache full:https://registry.npmjs.org/@alloc%2fquick-lru set size:undefined disposed:false
103 http fetch GET 200 https://registry.npmjs.org/postcss-selector-parser 54ms (cache miss)
104 silly packumentCache full:https://registry.npmjs.org/postcss-selector-parser set size:undefined disposed:false
105 http fetch GET 200 https://registry.npmjs.org/postcss-nested 281ms (cache miss)
106 silly packumentCache full:https://registry.npmjs.org/postcss-nested set size:undefined disposed:false
107 http fetch GET 200 https://registry.npmjs.org/postcss-import 576ms (cache miss)
108 silly packumentCache full:https://registry.npmjs.org/postcss-import set size:undefined disposed:false
109 silly placeDep ROOT fraction.js@4.3.7 OK for: autoprefixer@10.4.17 want: ^4.3.7
110 silly placeDep ROOT normalize-range@0.1.2 OK for: autoprefixer@10.4.17 want: ^0.1.2
111 silly placeDep ROOT @alloc/quick-lru@5.2.0 OK for: tailwindcss@3.4.1 want: ^5.2.0
112 silly placeDep ROOT arg@5.0.2 OK for: tailwindcss@3.4.1 want: ^5.0.2
113 silly placeDep ROOT chokidar@3.6.0 OK for: tailwindcss@3.4.1 want: ^3.5.3
114 silly placeDep ROOT didyoumean@1.2.2 OK for: tailwindcss@3.4.1 want: ^1.2.2
115 silly placeDep ROOT dlv@1.1.3 OK for: tailwindcss@3.4.1 want: ^1.1.3
116 silly placeDep ROOT fast-glob@3.3.3 OK for: tailwindcss@3.4.1 want: ^3.3.0
117 silly placeDep ROOT jiti@1.21.7 OK for: tailwindcss@3.4.1 want: ^1.19.1
118 silly placeDep ROOT lilconfig@2.1.0 OK for: tailwindcss@3.4.1 want: ^2.1.0
119 silly placeDep ROOT micromatch@4.0.8 OK for: tailwindcss@3.4.1 want: ^4.0.5
120 silly placeDep ROOT normalize-path@3.0.0 OK for: tailwindcss@3.4.1 want: ^3.0.0
121 silly placeDep ROOT object-hash@3.0.0 OK for: tailwindcss@3.4.1 want: ^3.0.0
122 silly placeDep ROOT postcss-import@15.1.0 OK for: tailwindcss@3.4.1 want: ^15.1.0
123 silly placeDep ROOT postcss-js@4.1.0 OK for: tailwindcss@3.4.1 want: ^4.0.1
124 silly placeDep ROOT postcss-load-config@4.0.2 OK for: tailwindcss@3.4.1 want: ^4.0.1
125 silly placeDep ROOT postcss-nested@6.2.0 OK for: tailwindcss@3.4.1 want: ^6.0.1
126 silly placeDep ROOT postcss-selector-parser@6.1.2 OK for: tailwindcss@3.4.1 want: ^6.0.11
127 silly placeDep ROOT resolve@1.22.11 OK for: tailwindcss@3.4.1 want: ^1.22.2
128 silly placeDep ROOT sucrase@3.35.1 OK for: tailwindcss@3.4.1 want: ^3.32.0
129 silly fetch manifest braces@~3.0.2
130 silly packumentCache full:https://registry.npmjs.org/braces cache-miss
131 silly fetch manifest anymatch@~3.1.2
132 silly packumentCache full:https://registry.npmjs.org/anymatch cache-miss
133 silly fetch manifest readdirp@~3.6.0
134 silly packumentCache full:https://registry.npmjs.org/readdirp cache-miss
135 silly fetch manifest glob-parent@~5.1.2
136 silly packumentCache full:https://registry.npmjs.org/glob-parent cache-miss
137 silly fetch manifest is-binary-path@~2.1.0
138 silly packumentCache full:https://registry.npmjs.org/is-binary-path cache-miss
139 silly fetch manifest normalize-path@~3.0.0
140 silly packumentCache full:https://registry.npmjs.org/normalize-path cache-miss
141 silly fetch manifest fsevents@~2.3.2
142 silly packumentCache full:https://registry.npmjs.org/fsevents cache-miss
143 http cache https://registry.npmjs.org/normalize-path 12ms (cache hit)
144 silly packumentCache full:https://registry.npmjs.org/normalize-path set size:28713 disposed:false
145 silly fetch manifest glob-parent@^5.1.2
146 silly packumentCache full:https://registry.npmjs.org/glob-parent cache-miss
147 http cache https://registry.npmjs.org/glob-parent 13ms (cache hit)
148 silly packumentCache full:https://registry.npmjs.org/glob-parent set size:42445 disposed:false
149 silly fetch manifest merge2@^1.3.0
150 silly packumentCache full:https://registry.npmjs.org/merge2 cache-miss
151 http cache https://registry.npmjs.org/glob-parent 5ms (cache hit)
152 silly packumentCache full:https://registry.npmjs.org/glob-parent set size:42445 disposed:false
153 silly packumentCache full:https://registry.npmjs.org/glob-parent dispose
154 silly fetch manifest micromatch@^4.0.8
155 silly packumentCache full:https://registry.npmjs.org/micromatch cache-miss
156 http cache https://registry.npmjs.org/micromatch 6ms (cache hit)
157 silly packumentCache full:https://registry.npmjs.org/micromatch set size:240630 disposed:false
158 silly fetch manifest braces@^3.0.3
159 silly packumentCache full:https://registry.npmjs.org/braces cache-miss
160 http fetch GET 200 https://registry.npmjs.org/is-binary-path 55ms (cache miss)
161 silly packumentCache full:https://registry.npmjs.org/is-binary-path set size:undefined disposed:false
162 silly fetch manifest picomatch@^2.3.1
163 silly packumentCache full:https://registry.npmjs.org/picomatch cache-miss
164 http fetch GET 200 https://registry.npmjs.org/braces 58ms (cache miss)
165 silly packumentCache full:https://registry.npmjs.org/braces set size:undefined disposed:false
166 silly fetch manifest resolve@^1.1.7
167 silly packumentCache full:https://registry.npmjs.org/resolve cache-miss
168 http fetch GET 200 https://registry.npmjs.org/readdirp 60ms (cache miss)
169 silly packumentCache full:https://registry.npmjs.org/readdirp set size:undefined disposed:false
170 silly fetch manifest read-cache@^1.0.0
171 silly packumentCache full:https://registry.npmjs.org/read-cache cache-miss
172 http fetch GET 200 https://registry.npmjs.org/anymatch 63ms (cache miss)
173 silly packumentCache full:https://registry.npmjs.org/anymatch set size:undefined disposed:false
174 silly fetch manifest camelcase-css@^2.0.1
175 silly packumentCache full:https://registry.npmjs.org/camelcase-css cache-miss
176 http cache https://registry.npmjs.org/resolve 5ms (cache hit)
177 silly packumentCache full:https://registry.npmjs.org/resolve set size:246681 disposed:false
178 silly fetch manifest yaml@^2.3.4
179 silly packumentCache full:https://registry.npmjs.org/yaml cache-miss
180 http fetch GET 200 https://registry.npmjs.org/fsevents 66ms (cache miss)
181 silly packumentCache full:https://registry.npmjs.org/fsevents set size:undefined disposed:false
182 silly fetch manifest lilconfig@^3.0.0
183 silly packumentCache full:https://registry.npmjs.org/lilconfig cache-miss
184 http fetch GET 200 https://registry.npmjs.org/merge2 54ms (cache miss)
185 silly packumentCache full:https://registry.npmjs.org/merge2 set size:undefined disposed:false
186 silly fetch manifest postcss-selector-parser@^6.1.1
187 silly packumentCache full:https://registry.npmjs.org/postcss-selector-parser cache-miss
188 http cache https://registry.npmjs.org/lilconfig 5ms (cache hit)
189 silly packumentCache full:https://registry.npmjs.org/lilconfig set size:45636 disposed:false
190 silly fetch manifest cssesc@^3.0.0
191 silly packumentCache full:https://registry.npmjs.org/cssesc cache-miss
192 http cache https://registry.npmjs.org/postcss-selector-parser 6ms (cache hit)
193 silly packumentCache full:https://registry.npmjs.org/postcss-selector-parser set size:177140 disposed:false
194 silly fetch manifest util-deprecate@^1.0.2
195 silly packumentCache full:https://registry.npmjs.org/util-deprecate cache-miss
196 http fetch GET 200 https://registry.npmjs.org/braces 66ms (cache miss)
197 silly packumentCache full:https://registry.npmjs.org/braces set size:undefined disposed:false
198 silly fetch manifest is-core-module@^2.16.1
199 silly packumentCache full:https://registry.npmjs.org/is-core-module cache-miss
200 http fetch GET 200 https://registry.npmjs.org/camelcase-css 45ms (cache miss)
201 silly packumentCache full:https://registry.npmjs.org/camelcase-css set size:undefined disposed:false
202 silly fetch manifest path-parse@^1.0.7
203 silly packumentCache full:https://registry.npmjs.org/path-parse cache-miss
204 http fetch GET 200 https://registry.npmjs.org/picomatch 52ms (cache miss)
205 silly packumentCache full:https://registry.npmjs.org/picomatch set size:undefined disposed:false
206 silly fetch manifest supports-preserve-symlinks-flag@^1.0.0
207 silly packumentCache full:https://registry.npmjs.org/supports-preserve-symlinks-flag cache-miss
208 http fetch GET 200 https://registry.npmjs.org/read-cache 49ms (cache miss)
209 silly packumentCache full:https://registry.npmjs.org/read-cache set size:undefined disposed:false
210 silly fetch manifest @jridgewell/gen-mapping@^0.3.2
211 silly packumentCache full:https://registry.npmjs.org/@jridgewell%2fgen-mapping cache-miss
212 http fetch GET 200 https://registry.npmjs.org/util-deprecate 150ms (cache miss)
213 silly packumentCache full:https://registry.npmjs.org/util-deprecate set size:undefined disposed:false
214 silly fetch manifest commander@^4.0.0
215 silly packumentCache full:https://registry.npmjs.org/commander cache-miss
216 http fetch GET 200 https://registry.npmjs.org/supports-preserve-symlinks-flag 117ms (cache miss)
217 silly packumentCache full:https://registry.npmjs.org/supports-preserve-symlinks-flag set size:undefined disposed:false
218 silly fetch manifest lines-and-columns@^1.1.6
219 silly packumentCache full:https://registry.npmjs.org/lines-and-columns cache-miss
220 http fetch GET 200 https://registry.npmjs.org/path-parse 119ms (cache miss)
221 silly packumentCache full:https://registry.npmjs.org/path-parse set size:undefined disposed:false
222 silly fetch manifest mz@^2.7.0
223 silly packumentCache full:https://registry.npmjs.org/mz cache-miss
224 http fetch GET 200 https://registry.npmjs.org/is-core-module 135ms (cache miss)
225 silly packumentCache full:https://registry.npmjs.org/is-core-module set size:undefined disposed:false
226 silly fetch manifest pirates@^4.0.1
227 silly packumentCache full:https://registry.npmjs.org/pirates cache-miss
228 http fetch GET 200 https://registry.npmjs.org/@jridgewell%2fgen-mapping 119ms (cache miss)
229 silly packumentCache full:https://registry.npmjs.org/@jridgewell%2fgen-mapping set size:undefined disposed:false
230 silly fetch manifest tinyglobby@^0.2.11
231 silly packumentCache full:https://registry.npmjs.org/tinyglobby cache-miss
232 http fetch GET 200 https://registry.npmjs.org/yaml 166ms (cache miss)
233 silly packumentCache full:https://registry.npmjs.org/yaml set size:undefined disposed:false
234 silly fetch manifest ts-interface-checker@^0.1.9
235 silly packumentCache full:https://registry.npmjs.org/ts-interface-checker cache-miss
236 http fetch GET 200 https://registry.npmjs.org/mz 38ms (cache miss)
237 silly packumentCache full:https://registry.npmjs.org/mz set size:undefined disposed:false
238 http fetch GET 200 https://registry.npmjs.org/tinyglobby 55ms (cache miss)
239 silly packumentCache full:https://registry.npmjs.org/tinyglobby set size:undefined disposed:false
240 http fetch GET 200 https://registry.npmjs.org/lines-and-columns 59ms (cache miss)
241 silly packumentCache full:https://registry.npmjs.org/lines-and-columns set size:undefined disposed:false
242 http fetch GET 200 https://registry.npmjs.org/pirates 58ms (cache miss)
243 silly packumentCache full:https://registry.npmjs.org/pirates set size:undefined disposed:false
244 http fetch GET 200 https://registry.npmjs.org/ts-interface-checker 67ms (cache miss)
245 silly packumentCache full:https://registry.npmjs.org/ts-interface-checker set size:undefined disposed:false
246 http fetch GET 200 https://registry.npmjs.org/commander 176ms (cache miss)
247 silly packumentCache full:https://registry.npmjs.org/commander set size:undefined disposed:false
248 http fetch GET 200 https://registry.npmjs.org/cssesc 663ms (cache miss)
249 silly packumentCache full:https://registry.npmjs.org/cssesc set size:undefined disposed:false
250 silly placeDep ROOT anymatch@3.1.3 OK for: chokidar@3.6.0 want: ~3.1.2
251 silly placeDep ROOT braces@3.0.3 OK for: chokidar@3.6.0 want: ~3.0.2
252 silly placeDep ROOT fsevents@2.3.3 OK for: chokidar@3.6.0 want: ~2.3.2
253 silly placeDep node_modules/chokidar glob-parent@5.1.2 OK for: chokidar@3.6.0 want: ~5.1.2
254 silly placeDep ROOT is-binary-path@2.1.0 OK for: chokidar@3.6.0 want: ~2.1.0
255 silly placeDep ROOT readdirp@3.6.0 OK for: chokidar@3.6.0 want: ~3.6.0
256 silly fetch manifest picomatch@^2.0.4
257 silly packumentCache full:https://registry.npmjs.org/picomatch cache-miss
258 silly fetch manifest fill-range@^7.1.1
259 silly packumentCache full:https://registry.npmjs.org/fill-range cache-miss
260 silly fetch manifest binary-extensions@^2.0.0
261 silly packumentCache full:https://registry.npmjs.org/binary-extensions cache-miss
262 silly fetch manifest picomatch@^2.2.1
263 silly packumentCache full:https://registry.npmjs.org/picomatch cache-miss
264 http cache https://registry.npmjs.org/picomatch 3ms (cache hit)
265 silly packumentCache full:https://registry.npmjs.org/picomatch set size:118818 disposed:false
266 http cache https://registry.npmjs.org/picomatch 3ms (cache hit)
267 silly packumentCache full:https://registry.npmjs.org/picomatch set size:118818 disposed:false
268 silly packumentCache full:https://registry.npmjs.org/picomatch dispose
269 http fetch GET 200 https://registry.npmjs.org/binary-extensions 67ms (cache miss)
270 silly packumentCache full:https://registry.npmjs.org/binary-extensions set size:undefined disposed:false
271 http fetch GET 200 https://registry.npmjs.org/fill-range 68ms (cache miss)
272 silly packumentCache full:https://registry.npmjs.org/fill-range set size:undefined disposed:false
273 silly placeDep ROOT picomatch@2.3.1 OK for: anymatch@3.1.3 want: ^2.0.4
274 silly placeDep ROOT fill-range@7.1.1 OK for: braces@3.0.3 want: ^7.1.1
275 silly fetch manifest to-regex-range@^5.0.1
276 silly packumentCache full:https://registry.npmjs.org/to-regex-range cache-miss
277 http fetch GET 200 https://registry.npmjs.org/to-regex-range 118ms (cache miss)
278 silly packumentCache full:https://registry.npmjs.org/to-regex-range set size:undefined disposed:false
279 silly placeDep node_modules/fast-glob glob-parent@5.1.2 OK for: fast-glob@3.3.3 want: ^5.1.2
280 silly placeDep ROOT merge2@1.4.1 OK for: fast-glob@3.3.3 want: ^1.3.0
281 silly placeDep ROOT to-regex-range@5.0.1 OK for: fill-range@7.1.1 want: ^5.0.1
282 silly fetch manifest is-number@^7.0.0
283 silly packumentCache full:https://registry.npmjs.org/is-number cache-miss
284 http fetch GET 200 https://registry.npmjs.org/is-number 71ms (cache miss)
285 silly packumentCache full:https://registry.npmjs.org/is-number set size:undefined disposed:false
286 silly placeDep ROOT binary-extensions@2.3.0 OK for: is-binary-path@2.1.0 want: ^2.0.0
287 silly placeDep ROOT read-cache@1.0.0 OK for: postcss-import@15.1.0 want: ^1.0.0
288 silly fetch manifest pify@^2.3.0
289 silly packumentCache full:https://registry.npmjs.org/pify cache-miss
290 http fetch GET 200 https://registry.npmjs.org/pify 49ms (cache miss)
291 silly packumentCache full:https://registry.npmjs.org/pify set size:undefined disposed:false
292 silly placeDep ROOT camelcase-css@2.0.1 OK for: postcss-js@4.1.0 want: ^2.0.1
293 silly placeDep node_modules/postcss-load-config lilconfig@3.1.3 OK for: postcss-load-config@4.0.2 want: ^3.0.0
294 silly placeDep ROOT yaml@2.8.2 OK for: postcss-load-config@4.0.2 want: ^2.3.4
295 silly placeDep ROOT cssesc@3.0.0 OK for: postcss-selector-parser@6.1.2 want: ^3.0.0
296 silly placeDep ROOT util-deprecate@1.0.2 OK for: postcss-selector-parser@6.1.2 want: ^1.0.2
297 silly placeDep ROOT pify@2.3.0 OK for: read-cache@1.0.0 want: ^2.3.0
298 silly placeDep ROOT is-core-module@2.16.1 OK for: resolve@1.22.11 want: ^2.16.1
299 silly placeDep ROOT path-parse@1.0.7 OK for: resolve@1.22.11 want: ^1.0.7
300 silly placeDep ROOT supports-preserve-symlinks-flag@1.0.0 OK for: resolve@1.22.11 want: ^1.0.0
301 silly fetch manifest hasown@^2.0.2
302 silly packumentCache full:https://registry.npmjs.org/hasown cache-miss
303 http fetch GET 200 https://registry.npmjs.org/hasown 55ms (cache miss)
304 silly packumentCache full:https://registry.npmjs.org/hasown set size:undefined disposed:false
305 silly placeDep ROOT hasown@2.0.2 OK for: is-core-module@2.16.1 want: ^2.0.2
306 silly fetch manifest function-bind@^1.1.2
307 silly packumentCache full:https://registry.npmjs.org/function-bind cache-miss
308 http fetch GET 200 https://registry.npmjs.org/function-bind 33ms (cache miss)
309 silly packumentCache full:https://registry.npmjs.org/function-bind set size:undefined disposed:false
310 silly placeDep ROOT function-bind@1.1.2 OK for: hasown@2.0.2 want: ^1.1.2
311 silly placeDep ROOT @jridgewell/gen-mapping@0.3.13 OK for: sucrase@3.35.1 want: ^0.3.2
312 silly placeDep ROOT commander@4.1.1 OK for: sucrase@3.35.1 want: ^4.0.0
313 silly placeDep ROOT lines-and-columns@1.2.4 OK for: sucrase@3.35.1 want: ^1.1.6
314 silly placeDep ROOT mz@2.7.0 OK for: sucrase@3.35.1 want: ^2.7.0
315 silly placeDep ROOT pirates@4.0.7 OK for: sucrase@3.35.1 want: ^4.0.1
316 silly placeDep ROOT tinyglobby@0.2.15 OK for: sucrase@3.35.1 want: ^0.2.11
317 silly placeDep ROOT ts-interface-checker@0.1.13 OK for: sucrase@3.35.1 want: ^0.1.9
318 silly fetch manifest @jridgewell/sourcemap-codec@^1.5.0
319 silly packumentCache full:https://registry.npmjs.org/@jridgewell%2fsourcemap-codec cache-miss
320 silly fetch manifest @jridgewell/trace-mapping@^0.3.24
321 silly packumentCache full:https://registry.npmjs.org/@jridgewell%2ftrace-mapping cache-miss
322 silly fetch manifest any-promise@^1.0.0
323 silly packumentCache full:https://registry.npmjs.org/any-promise cache-miss
324 silly fetch manifest object-assign@^4.0.1
325 silly packumentCache full:https://registry.npmjs.org/object-assign cache-miss
326 silly fetch manifest thenify-all@^1.0.0
327 silly packumentCache full:https://registry.npmjs.org/thenify-all cache-miss
328 silly fetch manifest fdir@^6.5.0
329 silly packumentCache full:https://registry.npmjs.org/fdir cache-miss
330 silly fetch manifest picomatch@^4.0.3
331 silly packumentCache full:https://registry.npmjs.org/picomatch cache-hit
332 http fetch GET 200 https://registry.npmjs.org/object-assign 125ms (cache miss)
333 silly packumentCache full:https://registry.npmjs.org/object-assign set size:undefined disposed:false
334 http fetch GET 200 https://registry.npmjs.org/thenify-all 125ms (cache miss)
335 silly packumentCache full:https://registry.npmjs.org/thenify-all set size:undefined disposed:false
336 http fetch GET 200 https://registry.npmjs.org/any-promise 127ms (cache miss)
337 silly packumentCache full:https://registry.npmjs.org/any-promise set size:undefined disposed:false
338 http fetch GET 200 https://registry.npmjs.org/@jridgewell%2fsourcemap-codec 128ms (cache miss)
339 silly packumentCache full:https://registry.npmjs.org/@jridgewell%2fsourcemap-codec set size:undefined disposed:false
340 http fetch GET 200 https://registry.npmjs.org/fdir 127ms (cache miss)
341 silly packumentCache full:https://registry.npmjs.org/fdir set size:undefined disposed:false
342 http fetch GET 200 https://registry.npmjs.org/@jridgewell%2ftrace-mapping 130ms (cache miss)
343 silly packumentCache full:https://registry.npmjs.org/@jridgewell%2ftrace-mapping set size:undefined disposed:false
344 silly placeDep ROOT @jridgewell/sourcemap-codec@1.5.5 OK for: @jridgewell/gen-mapping@0.3.13 want: ^1.5.0
345 silly placeDep ROOT @jridgewell/trace-mapping@0.3.31 OK for: @jridgewell/gen-mapping@0.3.13 want: ^0.3.24
346 silly fetch manifest @jridgewell/resolve-uri@^3.1.0
347 silly packumentCache full:https://registry.npmjs.org/@jridgewell%2fresolve-uri cache-miss
348 http fetch GET 200 https://registry.npmjs.org/@jridgewell%2fresolve-uri 171ms (cache miss)
349 silly packumentCache full:https://registry.npmjs.org/@jridgewell%2fresolve-uri set size:undefined disposed:false
350 silly placeDep ROOT @jridgewell/resolve-uri@3.1.2 OK for: @jridgewell/trace-mapping@0.3.31 want: ^3.1.0
351 silly placeDep ROOT any-promise@1.3.0 OK for: mz@2.7.0 want: ^1.0.0
352 silly placeDep ROOT object-assign@4.1.1 OK for: mz@2.7.0 want: ^4.0.1
353 silly placeDep ROOT thenify-all@1.6.0 OK for: mz@2.7.0 want: ^1.0.0
354 silly fetch manifest thenify@>= 3.1.0 < 4
355 silly packumentCache full:https://registry.npmjs.org/thenify cache-miss
356 http fetch GET 200 https://registry.npmjs.org/thenify 57ms (cache miss)
357 silly packumentCache full:https://registry.npmjs.org/thenify set size:undefined disposed:false
358 silly placeDep ROOT thenify@3.3.1 OK for: thenify-all@1.6.0 want: >= 3.1.0 < 4
359 silly placeDep ROOT fdir@6.5.0 OK for: tinyglobby@0.2.15 want: ^6.5.0
360 silly placeDep node_modules/tinyglobby picomatch@4.0.3 OK for: tinyglobby@0.2.15 want: ^4.0.3
361 silly placeDep ROOT is-number@7.0.0 OK for: to-regex-range@5.0.1 want: ^7.0.0
362 silly reify mark retired [
362 silly reify   '/Users/juliusrannersberger/Desktop/Flatcontroll/wg-putzplan/node_modules/autoprefixer',
362 silly reify   '/Users/juliusrannersberger/Desktop/Flatcontroll/wg-putzplan/node_modules/.bin/autoprefixer'
362 silly reify ]
363 silly reify mark retired [
363 silly reify   '/Users/juliusrannersberger/Desktop/Flatcontroll/wg-putzplan/node_modules/fraction.js'
363 silly reify ]
364 silly reify mark retired [
364 silly reify   '/Users/juliusrannersberger/Desktop/Flatcontroll/wg-putzplan/node_modules/postcss'
364 silly reify ]
365 silly reify moves {
365 silly reify   '/Users/juliusrannersberger/Desktop/Flatcontroll/wg-putzplan/node_modules/autoprefixer': '/Users/juliusrannersberger/Desktop/Flatcontroll/wg-putzplan/node_modules/.autoprefixer-Kyknn8dO',
365 silly reify   '/Users/juliusrannersberger/Desktop/Flatcontroll/wg-putzplan/node_modules/.bin/autoprefixer': '/Users/juliusrannersberger/Desktop/Flatcontroll/wg-putzplan/node_modules/.bin/.autoprefixer-KTPiSlF3',
365 silly reify   '/Users/juliusrannersberger/Desktop/Flatcontroll/wg-putzplan/node_modules/fraction.js': '/Users/juliusrannersberger/Desktop/Flatcontroll/wg-putzplan/node_modules/.fraction.js-yGFO2Yyo',
365 silly reify   '/Users/juliusrannersberger/Desktop/Flatcontroll/wg-putzplan/node_modules/postcss': '/Users/juliusrannersberger/Desktop/Flatcontroll/wg-putzplan/node_modules/.postcss-jbWCl01T'
365 silly reify }
366 silly audit bulk request {
366 silly audit   '@emnapi/runtime': [ '1.8.1' ],
366 silly audit   '@eslint-community/eslint-utils': [ '4.9.1' ],
366 silly audit   '@eslint-community/regexpp': [ '4.12.2' ],
366 silly audit   '@eslint/eslintrc': [ '2.1.4' ],
366 silly audit   '@eslint/js': [ '8.57.1' ],
366 silly audit   '@humanwhocodes/config-array': [ '0.13.0' ],
366 silly audit   '@humanwhocodes/module-importer': [ '1.0.1' ],
366 silly audit   '@humanwhocodes/object-schema': [ '2.0.3' ],
366 silly audit   '@img/colour': [ '1.0.0' ],
366 silly audit   '@img/sharp-darwin-arm64': [ '0.34.5' ],
366 silly audit   '@img/sharp-darwin-x64': [ '0.34.5' ],
366 silly audit   '@img/sharp-libvips-darwin-arm64': [ '1.2.4' ],
366 silly audit   '@img/sharp-libvips-darwin-x64': [ '1.2.4' ],
366 silly audit   '@img/sharp-libvips-linux-arm': [ '1.2.4' ],
366 silly audit   '@img/sharp-libvips-linux-arm64': [ '1.2.4' ],
366 silly audit   '@img/sharp-libvips-linux-ppc64': [ '1.2.4' ],
366 silly audit   '@img/sharp-libvips-linux-riscv64': [ '1.2.4' ],
366 silly audit   '@img/sharp-libvips-linux-s390x': [ '1.2.4' ],
366 silly audit   '@img/sharp-libvips-linux-x64': [ '1.2.4' ],
366 silly audit   '@img/sharp-libvips-linuxmusl-arm64': [ '1.2.4' ],
366 silly audit   '@img/sharp-libvips-linuxmusl-x64': [ '1.2.4' ],
366 silly audit   '@img/sharp-linux-arm': [ '0.34.5' ],
366 silly audit   '@img/sharp-linux-arm64': [ '0.34.5' ],
366 silly audit   '@img/sharp-linux-ppc64': [ '0.34.5' ],
366 silly audit   '@img/sharp-linux-riscv64': [ '0.34.5' ],
366 silly audit   '@img/sharp-linux-s390x': [ '0.34.5' ],
366 silly audit   '@img/sharp-linux-x64': [ '0.34.5' ],
366 silly audit   '@img/sharp-linuxmusl-arm64': [ '0.34.5' ],
366 silly audit   '@img/sharp-linuxmusl-x64': [ '0.34.5' ],
366 silly audit   '@img/sharp-wasm32': [ '0.34.5' ],
366 silly audit   '@img/sharp-win32-arm64': [ '0.34.5' ],
366 silly audit   '@img/sharp-win32-ia32': [ '0.34.5' ],
366 silly audit   '@img/sharp-win32-x64': [ '0.34.5' ],
366 silly audit   '@next/env': [ '16.1.6' ],
366 silly audit   '@next/swc-darwin-arm64': [ '16.1.6' ],
366 silly audit   '@next/swc-darwin-x64': [ '16.1.6' ],
366 silly audit   '@next/swc-linux-arm64-gnu': [ '16.1.6' ],
366 silly audit   '@next/swc-linux-arm64-musl': [ '16.1.6' ],
366 silly audit   '@next/swc-linux-x64-gnu': [ '16.1.6' ],
366 silly audit   '@next/swc-linux-x64-musl': [ '16.1.6' ],
366 silly audit   '@next/swc-win32-arm64-msvc': [ '16.1.6' ],
366 silly audit   '@next/swc-win32-x64-msvc': [ '16.1.6' ],
366 silly audit   '@nodelib/fs.scandir': [ '2.1.5' ],
366 silly audit   '@nodelib/fs.stat': [ '2.0.5' ],
366 silly audit   '@nodelib/fs.walk': [ '1.2.8' ],
366 silly audit   '@swc/helpers': [ '0.5.15' ],
366 silly audit   '@types/node': [ '20.19.33' ],
366 silly audit   '@types/prop-types': [ '15.7.15' ],
366 silly audit   '@types/react': [ '18.3.28' ],
366 silly audit   '@types/react-dom': [ '18.3.7' ],
366 silly audit   '@ungap/structured-clone': [ '1.3.0' ],
366 silly audit   acorn: [ '8.15.0' ],
366 silly audit   'acorn-jsx': [ '5.3.2' ],
366 silly audit   ajv: [ '6.12.6' ],
366 silly audit   'ansi-regex': [ '5.0.1' ],
366 silly audit   'ansi-styles': [ '4.3.0' ],
366 silly audit   argparse: [ '2.0.1' ],
366 silly audit   'balanced-match': [ '1.0.2' ],
366 silly audit   'baseline-browser-mapping': [ '2.9.19' ],
366 silly audit   'brace-expansion': [ '1.1.12' ],
366 silly audit   browserslist: [ '4.28.1' ],
366 silly audit   callsites: [ '3.1.0' ],
366 silly audit   'caniuse-lite': [ '1.0.30001770' ],
366 silly audit   chalk: [ '4.1.2' ],
366 silly audit   'client-only': [ '0.0.1' ],
366 silly audit   clsx: [ '2.1.1' ],
366 silly audit   'color-convert': [ '2.0.1' ],
366 silly audit   'color-name': [ '1.1.4' ],
366 silly audit   'concat-map': [ '0.0.1' ],
366 silly audit   'cross-spawn': [ '7.0.6' ],
366 silly audit   csstype: [ '3.2.3' ],
366 silly audit   debug: [ '4.4.3' ],
366 silly audit   'deep-is': [ '0.1.4' ],
366 silly audit   'detect-libc': [ '2.1.2' ],
366 silly audit   doctrine: [ '3.0.0' ],
366 silly audit   'electron-to-chromium': [ '1.5.286' ],
366 silly audit   escalade: [ '3.2.0' ],
366 silly audit   'escape-string-regexp': [ '4.0.0' ],
366 silly audit   eslint: [ '8.57.1' ],
366 silly audit   'eslint-scope': [ '7.2.2' ],
366 silly audit   'eslint-visitor-keys': [ '3.4.3' ],
366 silly audit   espree: [ '9.6.1' ],
366 silly audit   esquery: [ '1.7.0' ],
366 silly audit   esrecurse: [ '4.3.0' ],
366 silly audit   estraverse: [ '5.3.0' ],
366 silly audit   esutils: [ '2.0.3' ],
366 silly audit   'fast-deep-equal': [ '3.1.3' ],
366 silly audit   'fast-json-stable-stringify': [ '2.1.0' ],
366 silly audit   'fast-levenshtein': [ '2.0.6' ],
366 silly audit   fastq: [ '1.20.1' ],
366 silly audit   'file-entry-cache': [ '6.0.1' ],
366 silly audit   'find-up': [ '5.0.0' ],
366 silly audit   'flat-cache': [ '3.2.0' ],
366 silly audit   flatted: [ '3.3.3' ],
366 silly audit   'fs.realpath': [ '1.0.0' ],
366 silly audit   glob: [ '7.2.3' ],
366 silly audit   'glob-parent': [ '6.0.2', '5.1.2' ],
366 silly audit   globals: [ '13.24.0' ],
366 silly audit   graphemer: [ '1.4.0' ],
366 silly audit   'has-flag': [ '4.0.0' ],
366 silly audit   ignore: [ '5.3.2' ],
366 silly audit   'import-fresh': [ '3.3.1' ],
366 silly audit   imurmurhash: [ '0.1.4' ],
366 silly audit   inflight: [ '1.0.6' ],
366 silly audit   inherits: [ '2.0.4' ],
366 silly audit   'is-extglob': [ '2.1.1' ],
366 silly audit   'is-glob': [ '4.0.3' ],
366 silly audit   'is-path-inside': [ '3.0.3' ],
366 silly audit   isexe: [ '2.0.0' ],
366 silly audit   'js-yaml': [ '4.1.1' ],
366 silly audit   'json-buffer': [ '3.0.1' ],
366 silly audit   'json-schema-traverse': [ '0.4.1' ],
366 silly audit   'json-stable-stringify-without-jsonify': [ '1.0.1' ],
366 silly audit   keyv: [ '4.5.4' ],
366 silly audit   levn: [ '0.4.1' ],
366 silly audit   'locate-path': [ '6.0.0' ],
366 silly audit   'lodash.merge': [ '4.6.2' ],
366 silly audit   'lucide-react': [ '0.330.0' ],
366 silly audit   minimatch: [ '3.1.2' ],
366 silly audit   ms: [ '2.1.3' ],
366 silly audit   nanoid: [ '3.3.11' ],
366 silly audit   'natural-compare': [ '1.4.0' ],
366 silly audit   next: [ '16.1.6' ],
366 silly audit   postcss: [ '8.4.31', '8.4.35' ],
366 silly audit   'node-releases': [ '2.0.27' ],
366 silly audit   once: [ '1.4.0' ],
366 silly audit   optionator: [ '0.9.4' ],
366 silly audit   'p-limit': [ '3.1.0' ],
366 silly audit   'p-locate': [ '5.0.0' ],
366 silly audit   'parent-module': [ '1.0.1' ],
366 silly audit   'path-exists': [ '4.0.0' ],
366 silly audit   'path-is-absolute': [ '1.0.1' ],
366 silly audit   'path-key': [ '3.1.1' ],
366 silly audit   picocolors: [ '1.1.1' ],
366 silly audit   'postcss-value-parser': [ '4.2.0' ],
366 silly audit   'prelude-ls': [ '1.2.1' ],
366 silly audit   punycode: [ '2.3.1' ],
366 silly audit   'queue-microtask': [ '1.2.3' ],
366 silly audit   react: [ '19.2.4' ],
366 silly audit   'react-dom': [ '19.2.4' ],
366 silly audit   'resolve-from': [ '4.0.0' ],
366 silly audit   reusify: [ '1.1.0' ],
366 silly audit   rimraf: [ '3.0.2' ],
366 silly audit   'run-parallel': [ '1.2.0' ],
366 silly audit   scheduler: [ '0.27.0' ],
366 silly audit   semver: [ '7.7.4' ],
366 silly audit   sharp: [ '0.34.5' ],
366 silly audit   'shebang-command': [ '2.0.0' ],
366 silly audit   'shebang-regex': [ '3.0.0' ],
366 silly audit   'source-map-js': [ '1.2.1' ],
366 silly audit   'strip-ansi': [ '6.0.1' ],
366 silly audit   'strip-json-comments': [ '3.1.1' ],
366 silly audit   'styled-jsx': [ '5.1.6' ],
366 silly audit   'supports-color': [ '7.2.0' ],
366 silly audit   'tailwind-merge': [ '2.6.1' ],
366 silly audit   'text-table': [ '0.2.0' ],
366 silly audit   tslib: [ '2.8.1' ],
366 silly audit   'type-check': [ '0.4.0' ],
366 silly audit   'type-fest': [ '0.20.2' ],
366 silly audit   typescript: [ '5.9.3' ],
366 silly audit   'undici-types': [ '6.21.0' ],
366 silly audit   'update-browserslist-db': [ '1.2.3' ],
366 silly audit   'uri-js': [ '4.4.1' ],
366 silly audit   which: [ '2.0.2' ],
366 silly audit   'word-wrap': [ '1.2.5' ],
366 silly audit   wrappy: [ '1.0.2' ],
366 silly audit   'yocto-queue': [ '0.1.0' ],
366 silly audit   autoprefixer: [ '10.4.17' ],
366 silly audit   tailwindcss: [ '3.4.1' ],
366 silly audit   'fraction.js': [ '4.3.7' ],
366 silly audit   'normalize-range': [ '0.1.2' ],
366 silly audit   '@alloc/quick-lru': [ '5.2.0' ],
366 silly audit   arg: [ '5.0.2' ],
366 silly audit   chokidar: [ '3.6.0' ],
366 silly audit   didyoumean: [ '1.2.2' ],
366 silly audit   dlv: [ '1.1.3' ],
366 silly audit   'fast-glob': [ '3.3.3' ],
366 silly audit   jiti: [ '1.21.7' ],
366 silly audit   lilconfig: [ '2.1.0', '3.1.3' ],
366 silly audit   micromatch: [ '4.0.8' ],
366 silly audit   'normalize-path': [ '3.0.0' ],
366 silly audit   'object-hash': [ '3.0.0' ],
366 silly audit   'postcss-import': [ '15.1.0' ],
366 silly audit   'postcss-js': [ '4.1.0' ],
366 silly audit   'postcss-load-config': [ '4.0.2' ],
366 silly audit   'postcss-nested': [ '6.2.0' ],
366 silly audit   'postcss-selector-parser': [ '6.1.2' ],
366 silly audit   resolve: [ '1.22.11' ],
366 silly audit   sucrase: [ '3.35.1' ],
366 silly audit   anymatch: [ '3.1.3' ],
366 silly audit   braces: [ '3.0.3' ],
366 silly audit   fsevents: [ '2.3.3' ],
366 silly audit   'is-binary-path': [ '2.1.0' ],
366 silly audit   readdirp: [ '3.6.0' ],
366 silly audit   picomatch: [ '2.3.1', '4.0.3' ],
366 silly audit   'fill-range': [ '7.1.1' ],
366 silly audit   merge2: [ '1.4.1' ],
366 silly audit   'to-regex-range': [ '5.0.1' ],
366 silly audit   'binary-extensions': [ '2.3.0' ],
366 silly audit   'read-cache': [ '1.0.0' ],
366 silly audit   'camelcase-css': [ '2.0.1' ],
366 silly audit   yaml: [ '2.8.2' ],
366 silly audit   cssesc: [ '3.0.0' ],
366 silly audit   'util-deprecate': [ '1.0.2' ],
366 silly audit   pify: [ '2.3.0' ],
366 silly audit   'is-core-module': [ '2.16.1' ],
366 silly audit   'path-parse': [ '1.0.7' ],
366 silly audit   'supports-preserve-symlinks-flag': [ '1.0.0' ],
366 silly audit   hasown: [ '2.0.2' ],
366 silly audit   'function-bind': [ '1.1.2' ],
366 silly audit   '@jridgewell/gen-mapping': [ '0.3.13' ],
366 silly audit   commander: [ '4.1.1' ],
366 silly audit   'lines-and-columns': [ '1.2.4' ],
366 silly audit   mz: [ '2.7.0' ],
366 silly audit   pirates: [ '4.0.7' ],
366 silly audit   tinyglobby: [ '0.2.15' ],
366 silly audit   'ts-interface-checker': [ '0.1.13' ],
366 silly audit   '@jridgewell/sourcemap-codec': [ '1.5.5' ],
366 silly audit   '@jridgewell/trace-mapping': [ '0.3.31' ],
366 silly audit   '@jridgewell/resolve-uri': [ '3.1.2' ],
366 silly audit   'any-promise': [ '1.3.0' ],
366 silly audit   'object-assign': [ '4.1.1' ],
366 silly audit   'thenify-all': [ '1.6.0' ],
366 silly audit   thenify: [ '3.3.1' ],
366 silly audit   fdir: [ '6.5.0' ],
366 silly audit   'is-number': [ '7.0.0' ]
366 silly audit }
367 http cache thenify@https://registry.npmjs.org/thenify/-/thenify-3.3.1.tgz 0ms (cache hit)
368 http cache fdir@https://registry.npmjs.org/fdir/-/fdir-6.5.0.tgz 0ms (cache hit)
369 http cache is-number@https://registry.npmjs.org/is-number/-/is-number-7.0.0.tgz 0ms (cache hit)
370 http cache thenify-all@https://registry.npmjs.org/thenify-all/-/thenify-all-1.6.0.tgz 0ms (cache hit)
371 http cache object-assign@https://registry.npmjs.org/object-assign/-/object-assign-4.1.1.tgz 0ms (cache hit)
372 http cache any-promise@https://registry.npmjs.org/any-promise/-/any-promise-1.3.0.tgz 0ms (cache hit)
373 http cache @jridgewell/resolve-uri@https://registry.npmjs.org/@jridgewell/resolve-uri/-/resolve-uri-3.1.2.tgz 0ms (cache hit)
374 http cache @jridgewell/trace-mapping@https://registry.npmjs.org/@jridgewell/trace-mapping/-/trace-mapping-0.3.31.tgz 0ms (cache hit)
375 http cache @jridgewell/sourcemap-codec@https://registry.npmjs.org/@jridgewell/sourcemap-codec/-/sourcemap-codec-1.5.5.tgz 0ms (cache hit)
376 http cache ts-interface-checker@https://registry.npmjs.org/ts-interface-checker/-/ts-interface-checker-0.1.13.tgz 0ms (cache hit)
377 http cache tinyglobby@https://registry.npmjs.org/tinyglobby/-/tinyglobby-0.2.15.tgz 0ms (cache hit)
378 http cache mz@https://registry.npmjs.org/mz/-/mz-2.7.0.tgz 0ms (cache hit)
379 http cache lines-and-columns@https://registry.npmjs.org/lines-and-columns/-/lines-and-columns-1.2.4.tgz 0ms (cache hit)
380 http cache pirates@https://registry.npmjs.org/pirates/-/pirates-4.0.7.tgz 0ms (cache hit)
381 http cache @jridgewell/gen-mapping@https://registry.npmjs.org/@jridgewell/gen-mapping/-/gen-mapping-0.3.13.tgz 0ms (cache hit)
382 http cache hasown@https://registry.npmjs.org/hasown/-/hasown-2.0.2.tgz 0ms (cache hit)
383 http cache function-bind@https://registry.npmjs.org/function-bind/-/function-bind-1.1.2.tgz 0ms (cache hit)
384 http cache supports-preserve-symlinks-flag@https://registry.npmjs.org/supports-preserve-symlinks-flag/-/supports-preserve-symlinks-flag-1.0.0.tgz 0ms (cache hit)
385 http cache commander@https://registry.npmjs.org/commander/-/commander-4.1.1.tgz 0ms (cache hit)
386 http cache is-core-module@https://registry.npmjs.org/is-core-module/-/is-core-module-2.16.1.tgz 0ms (cache hit)
387 http cache pify@https://registry.npmjs.org/pify/-/pify-2.3.0.tgz 0ms (cache hit)
388 http cache path-parse@https://registry.npmjs.org/path-parse/-/path-parse-1.0.7.tgz 0ms (cache hit)
389 http cache cssesc@https://registry.npmjs.org/cssesc/-/cssesc-3.0.0.tgz 0ms (cache hit)
390 http cache util-deprecate@https://registry.npmjs.org/util-deprecate/-/util-deprecate-1.0.2.tgz 0ms (cache hit)
391 http cache yaml@https://registry.npmjs.org/yaml/-/yaml-2.8.2.tgz 0ms (cache hit)
392 http cache read-cache@https://registry.npmjs.org/read-cache/-/read-cache-1.0.0.tgz 0ms (cache hit)
393 http cache camelcase-css@https://registry.npmjs.org/camelcase-css/-/camelcase-css-2.0.1.tgz 0ms (cache hit)
394 http cache to-regex-range@https://registry.npmjs.org/to-regex-range/-/to-regex-range-5.0.1.tgz 0ms (cache hit)
395 http cache picomatch@https://registry.npmjs.org/picomatch/-/picomatch-2.3.1.tgz 0ms (cache hit)
396 http cache readdirp@https://registry.npmjs.org/readdirp/-/readdirp-3.6.0.tgz 0ms (cache hit)
397 http cache fill-range@https://registry.npmjs.org/fill-range/-/fill-range-7.1.1.tgz 0ms (cache hit)
398 http cache is-binary-path@https://registry.npmjs.org/is-binary-path/-/is-binary-path-2.1.0.tgz 0ms (cache hit)
399 http cache braces@https://registry.npmjs.org/braces/-/braces-3.0.3.tgz 0ms (cache hit)
400 http cache resolve@https://registry.npmjs.org/resolve/-/resolve-1.22.11.tgz 0ms (cache hit)
401 http cache anymatch@https://registry.npmjs.org/anymatch/-/anymatch-3.1.3.tgz 0ms (cache hit)
402 http cache fsevents@https://registry.npmjs.org/fsevents/-/fsevents-2.3.3.tgz 0ms (cache hit)
403 http cache sucrase@https://registry.npmjs.org/sucrase/-/sucrase-3.35.1.tgz 0ms (cache hit)
404 http cache postcss-nested@https://registry.npmjs.org/postcss-nested/-/postcss-nested-6.2.0.tgz 0ms (cache hit)
405 http cache postcss-selector-parser@https://registry.npmjs.org/postcss-selector-parser/-/postcss-selector-parser-6.1.2.tgz 0ms (cache hit)
406 http cache postcss-load-config@https://registry.npmjs.org/postcss-load-config/-/postcss-load-config-4.0.2.tgz 0ms (cache hit)
407 http cache postcss-js@https://registry.npmjs.org/postcss-js/-/postcss-js-4.1.0.tgz 0ms (cache hit)
408 http cache postcss-import@https://registry.npmjs.org/postcss-import/-/postcss-import-15.1.0.tgz 0ms (cache hit)
409 http cache object-hash@https://registry.npmjs.org/object-hash/-/object-hash-3.0.0.tgz 0ms (cache hit)
410 http cache normalize-path@https://registry.npmjs.org/normalize-path/-/normalize-path-3.0.0.tgz 0ms (cache hit)
411 http cache micromatch@https://registry.npmjs.org/micromatch/-/micromatch-4.0.8.tgz 0ms (cache hit)
412 http cache lilconfig@https://registry.npmjs.org/lilconfig/-/lilconfig-2.1.0.tgz 0ms (cache hit)
413 http cache jiti@https://registry.npmjs.org/jiti/-/jiti-1.21.7.tgz 0ms (cache hit)
414 http cache dlv@https://registry.npmjs.org/dlv/-/dlv-1.1.3.tgz 0ms (cache hit)
415 http cache fast-glob@https://registry.npmjs.org/fast-glob/-/fast-glob-3.3.3.tgz 0ms (cache hit)
416 http cache didyoumean@https://registry.npmjs.org/didyoumean/-/didyoumean-1.2.2.tgz 0ms (cache hit)
417 http cache chokidar@https://registry.npmjs.org/chokidar/-/chokidar-3.6.0.tgz 0ms (cache hit)
418 http cache @alloc/quick-lru@https://registry.npmjs.org/@alloc/quick-lru/-/quick-lru-5.2.0.tgz 0ms (cache hit)
419 http cache normalize-range@https://registry.npmjs.org/normalize-range/-/normalize-range-0.1.2.tgz 0ms (cache hit)
420 http cache tailwindcss@https://registry.npmjs.org/tailwindcss/-/tailwindcss-3.4.1.tgz 0ms (cache hit)
421 http cache fraction.js@https://registry.npmjs.org/fraction.js/-/fraction.js-4.3.7.tgz 0ms (cache hit)
422 http cache picomatch@https://registry.npmjs.org/picomatch/-/picomatch-4.0.3.tgz 0ms (cache hit)
423 http cache lilconfig@https://registry.npmjs.org/lilconfig/-/lilconfig-3.1.3.tgz 0ms (cache hit)
424 http cache binary-extensions@https://registry.npmjs.org/binary-extensions/-/binary-extensions-2.3.0.tgz 0ms (cache hit)
425 http cache merge2@https://registry.npmjs.org/merge2/-/merge2-1.4.1.tgz 0ms (cache hit)
426 http cache glob-parent@https://registry.npmjs.org/glob-parent/-/glob-parent-5.1.2.tgz 0ms (cache hit)
427 http cache glob-parent@https://registry.npmjs.org/glob-parent/-/glob-parent-5.1.2.tgz 0ms (cache hit)
428 http cache postcss@https://registry.npmjs.org/postcss/-/postcss-8.4.35.tgz 0ms (cache hit)
429 http cache arg@https://registry.npmjs.org/arg/-/arg-5.0.2.tgz 0ms (cache hit)
430 http cache autoprefixer@https://registry.npmjs.org/autoprefixer/-/autoprefixer-10.4.17.tgz 0ms (cache hit)
431 silly tarball no local data for thenify@https://registry.npmjs.org/thenify/-/thenify-3.3.1.tgz. Extracting by manifest.
432 silly tarball no local data for fdir@https://registry.npmjs.org/fdir/-/fdir-6.5.0.tgz. Extracting by manifest.
433 silly tarball no local data for is-number@https://registry.npmjs.org/is-number/-/is-number-7.0.0.tgz. Extracting by manifest.
434 silly tarball no local data for thenify-all@https://registry.npmjs.org/thenify-all/-/thenify-all-1.6.0.tgz. Extracting by manifest.
435 silly tarball no local data for object-assign@https://registry.npmjs.org/object-assign/-/object-assign-4.1.1.tgz. Extracting by manifest.
436 silly tarball no local data for any-promise@https://registry.npmjs.org/any-promise/-/any-promise-1.3.0.tgz. Extracting by manifest.
437 silly tarball no local data for @jridgewell/resolve-uri@https://registry.npmjs.org/@jridgewell/resolve-uri/-/resolve-uri-3.1.2.tgz. Extracting by manifest.
438 silly tarball no local data for @jridgewell/trace-mapping@https://registry.npmjs.org/@jridgewell/trace-mapping/-/trace-mapping-0.3.31.tgz. Extracting by manifest.
439 silly tarball no local data for @jridgewell/sourcemap-codec@https://registry.npmjs.org/@jridgewell/sourcemap-codec/-/sourcemap-codec-1.5.5.tgz. Extracting by manifest.
440 silly tarball no local data for ts-interface-checker@https://registry.npmjs.org/ts-interface-checker/-/ts-interface-checker-0.1.13.tgz. Extracting by manifest.
441 silly tarball no local data for tinyglobby@https://registry.npmjs.org/tinyglobby/-/tinyglobby-0.2.15.tgz. Extracting by manifest.
442 silly tarball no local data for mz@https://registry.npmjs.org/mz/-/mz-2.7.0.tgz. Extracting by manifest.
443 silly tarball no local data for lines-and-columns@https://registry.npmjs.org/lines-and-columns/-/lines-and-columns-1.2.4.tgz. Extracting by manifest.
444 silly tarball no local data for pirates@https://registry.npmjs.org/pirates/-/pirates-4.0.7.tgz. Extracting by manifest.
445 silly tarball no local data for @jridgewell/gen-mapping@https://registry.npmjs.org/@jridgewell/gen-mapping/-/gen-mapping-0.3.13.tgz. Extracting by manifest.
446 silly tarball no local data for hasown@https://registry.npmjs.org/hasown/-/hasown-2.0.2.tgz. Extracting by manifest.
447 silly tarball no local data for function-bind@https://registry.npmjs.org/function-bind/-/function-bind-1.1.2.tgz. Extracting by manifest.
448 silly tarball no local data for supports-preserve-symlinks-flag@https://registry.npmjs.org/supports-preserve-symlinks-flag/-/supports-preserve-symlinks-flag-1.0.0.tgz. Extracting by manifest.
449 silly tarball no local data for commander@https://registry.npmjs.org/commander/-/commander-4.1.1.tgz. Extracting by manifest.
450 silly tarball no local data for is-core-module@https://registry.npmjs.org/is-core-module/-/is-core-module-2.16.1.tgz. Extracting by manifest.
451 silly tarball no local data for pify@https://registry.npmjs.org/pify/-/pify-2.3.0.tgz. Extracting by manifest.
452 silly tarball no local data for path-parse@https://registry.npmjs.org/path-parse/-/path-parse-1.0.7.tgz. Extracting by manifest.
453 silly tarball no local data for cssesc@https://registry.npmjs.org/cssesc/-/cssesc-3.0.0.tgz. Extracting by manifest.
454 silly tarball no local data for util-deprecate@https://registry.npmjs.org/util-deprecate/-/util-deprecate-1.0.2.tgz. Extracting by manifest.
455 silly tarball no local data for yaml@https://registry.npmjs.org/yaml/-/yaml-2.8.2.tgz. Extracting by manifest.
456 silly tarball no local data for read-cache@https://registry.npmjs.org/read-cache/-/read-cache-1.0.0.tgz. Extracting by manifest.
457 silly tarball no local data for camelcase-css@https://registry.npmjs.org/camelcase-css/-/camelcase-css-2.0.1.tgz. Extracting by manifest.
458 silly tarball no local data for to-regex-range@https://registry.npmjs.org/to-regex-range/-/to-regex-range-5.0.1.tgz. Extracting by manifest.
459 silly tarball no local data for picomatch@https://registry.npmjs.org/picomatch/-/picomatch-2.3.1.tgz. Extracting by manifest.
460 silly tarball no local data for readdirp@https://registry.npmjs.org/readdirp/-/readdirp-3.6.0.tgz. Extracting by manifest.
461 silly tarball no local data for fill-range@https://registry.npmjs.org/fill-range/-/fill-range-7.1.1.tgz. Extracting by manifest.
462 silly tarball no local data for is-binary-path@https://registry.npmjs.org/is-binary-path/-/is-binary-path-2.1.0.tgz. Extracting by manifest.
463 silly tarball no local data for braces@https://registry.npmjs.org/braces/-/braces-3.0.3.tgz. Extracting by manifest.
464 silly tarball no local data for resolve@https://registry.npmjs.org/resolve/-/resolve-1.22.11.tgz. Extracting by manifest.
465 silly tarball no local data for anymatch@https://registry.npmjs.org/anymatch/-/anymatch-3.1.3.tgz. Extracting by manifest.
466 silly tarball no local data for fsevents@https://registry.npmjs.org/fsevents/-/fsevents-2.3.3.tgz. Extracting by manifest.
467 silly tarball no local data for sucrase@https://registry.npmjs.org/sucrase/-/sucrase-3.35.1.tgz. Extracting by manifest.
468 silly tarball no local data for postcss-nested@https://registry.npmjs.org/postcss-nested/-/postcss-nested-6.2.0.tgz. Extracting by manifest.
469 silly tarball no local data for postcss-selector-parser@https://registry.npmjs.org/postcss-selector-parser/-/postcss-selector-parser-6.1.2.tgz. Extracting by manifest.
470 silly tarball no local data for postcss-load-config@https://registry.npmjs.org/postcss-load-config/-/postcss-load-config-4.0.2.tgz. Extracting by manifest.
471 silly tarball no local data for postcss-js@https://registry.npmjs.org/postcss-js/-/postcss-js-4.1.0.tgz. Extracting by manifest.
472 silly tarball no local data for postcss-import@https://registry.npmjs.org/postcss-import/-/postcss-import-15.1.0.tgz. Extracting by manifest.
473 silly tarball no local data for object-hash@https://registry.npmjs.org/object-hash/-/object-hash-3.0.0.tgz. Extracting by manifest.
474 silly tarball no local data for normalize-path@https://registry.npmjs.org/normalize-path/-/normalize-path-3.0.0.tgz. Extracting by manifest.
475 silly tarball no local data for micromatch@https://registry.npmjs.org/micromatch/-/micromatch-4.0.8.tgz. Extracting by manifest.
476 silly tarball no local data for lilconfig@https://registry.npmjs.org/lilconfig/-/lilconfig-2.1.0.tgz. Extracting by manifest.
477 silly tarball no local data for jiti@https://registry.npmjs.org/jiti/-/jiti-1.21.7.tgz. Extracting by manifest.
478 silly tarball no local data for dlv@https://registry.npmjs.org/dlv/-/dlv-1.1.3.tgz. Extracting by manifest.
479 silly tarball no local data for fast-glob@https://registry.npmjs.org/fast-glob/-/fast-glob-3.3.3.tgz. Extracting by manifest.
480 silly tarball no local data for chokidar@https://registry.npmjs.org/chokidar/-/chokidar-3.6.0.tgz. Extracting by manifest.
481 silly tarball no local data for didyoumean@https://registry.npmjs.org/didyoumean/-/didyoumean-1.2.2.tgz. Extracting by manifest.
482 silly tarball no local data for @alloc/quick-lru@https://registry.npmjs.org/@alloc/quick-lru/-/quick-lru-5.2.0.tgz. Extracting by manifest.
483 silly tarball no local data for normalize-range@https://registry.npmjs.org/normalize-range/-/normalize-range-0.1.2.tgz. Extracting by manifest.
484 silly tarball no local data for tailwindcss@https://registry.npmjs.org/tailwindcss/-/tailwindcss-3.4.1.tgz. Extracting by manifest.
485 silly tarball no local data for fraction.js@https://registry.npmjs.org/fraction.js/-/fraction.js-4.3.7.tgz. Extracting by manifest.
486 silly tarball no local data for picomatch@https://registry.npmjs.org/picomatch/-/picomatch-4.0.3.tgz. Extracting by manifest.
487 silly tarball no local data for lilconfig@https://registry.npmjs.org/lilconfig/-/lilconfig-3.1.3.tgz. Extracting by manifest.
488 silly tarball no local data for binary-extensions@https://registry.npmjs.org/binary-extensions/-/binary-extensions-2.3.0.tgz. Extracting by manifest.
489 silly tarball no local data for merge2@https://registry.npmjs.org/merge2/-/merge2-1.4.1.tgz. Extracting by manifest.
490 silly tarball no local data for glob-parent@https://registry.npmjs.org/glob-parent/-/glob-parent-5.1.2.tgz. Extracting by manifest.
491 silly tarball no local data for glob-parent@https://registry.npmjs.org/glob-parent/-/glob-parent-5.1.2.tgz. Extracting by manifest.
492 silly tarball no local data for postcss@https://registry.npmjs.org/postcss/-/postcss-8.4.35.tgz. Extracting by manifest.
493 silly tarball no local data for arg@https://registry.npmjs.org/arg/-/arg-5.0.2.tgz. Extracting by manifest.
494 silly tarball no local data for autoprefixer@https://registry.npmjs.org/autoprefixer/-/autoprefixer-10.4.17.tgz. Extracting by manifest.
495 http fetch GET 200 https://registry.npmjs.org/thenify-all/-/thenify-all-1.6.0.tgz 93ms (cache miss)
496 http fetch GET 200 https://registry.npmjs.org/any-promise/-/any-promise-1.3.0.tgz 92ms (cache miss)
497 http fetch GET 200 https://registry.npmjs.org/object-assign/-/object-assign-4.1.1.tgz 93ms (cache miss)
498 http fetch GET 200 https://registry.npmjs.org/is-number/-/is-number-7.0.0.tgz 94ms (cache miss)
499 http fetch GET 200 https://registry.npmjs.org/thenify/-/thenify-3.3.1.tgz 96ms (cache miss)
500 http fetch GET 200 https://registry.npmjs.org/fdir/-/fdir-6.5.0.tgz 95ms (cache miss)
501 http fetch GET 200 https://registry.npmjs.org/hasown/-/hasown-2.0.2.tgz 129ms (cache miss)
502 http fetch GET 200 https://registry.npmjs.org/function-bind/-/function-bind-1.1.2.tgz 129ms (cache miss)
503 http fetch GET 200 https://registry.npmjs.org/commander/-/commander-4.1.1.tgz 129ms (cache miss)
504 http fetch GET 200 https://registry.npmjs.org/supports-preserve-symlinks-flag/-/supports-preserve-symlinks-flag-1.0.0.tgz 130ms (cache miss)
505 http fetch GET 200 https://registry.npmjs.org/is-core-module/-/is-core-module-2.16.1.tgz 130ms (cache miss)
506 http fetch GET 200 https://registry.npmjs.org/@jridgewell/gen-mapping/-/gen-mapping-0.3.13.tgz 134ms (cache miss)
507 http fetch POST 200 https://registry.npmjs.org/-/npm/v1/security/advisories/bulk 252ms
508 silly audit report {}
509 http fetch GET 200 https://registry.npmjs.org/path-parse/-/path-parse-1.0.7.tgz 228ms (cache miss)
510 http fetch GET 200 https://registry.npmjs.org/pify/-/pify-2.3.0.tgz 228ms (cache miss)
511 http fetch GET 200 https://registry.npmjs.org/cssesc/-/cssesc-3.0.0.tgz 228ms (cache miss)
512 http fetch GET 200 https://registry.npmjs.org/util-deprecate/-/util-deprecate-1.0.2.tgz 258ms (cache miss)
513 http fetch GET 200 https://registry.npmjs.org/read-cache/-/read-cache-1.0.0.tgz 282ms (cache miss)
514 http fetch GET 200 https://registry.npmjs.org/mz/-/mz-2.7.0.tgz 311ms (cache miss)
515 http fetch GET 200 https://registry.npmjs.org/readdirp/-/readdirp-3.6.0.tgz 310ms (cache miss)
516 http fetch GET 200 https://registry.npmjs.org/lines-and-columns/-/lines-and-columns-1.2.4.tgz 313ms (cache miss)
517 http fetch GET 200 https://registry.npmjs.org/fill-range/-/fill-range-7.1.1.tgz 311ms (cache miss)
518 http fetch GET 200 https://registry.npmjs.org/to-regex-range/-/to-regex-range-5.0.1.tgz 312ms (cache miss)
519 http fetch GET 200 https://registry.npmjs.org/pirates/-/pirates-4.0.7.tgz 315ms (cache miss)
520 http fetch GET 200 https://registry.npmjs.org/camelcase-css/-/camelcase-css-2.0.1.tgz 312ms (cache miss)
521 http fetch GET 200 https://registry.npmjs.org/tinyglobby/-/tinyglobby-0.2.15.tgz 318ms (cache miss)
522 http fetch GET 200 https://registry.npmjs.org/picomatch/-/picomatch-2.3.1.tgz 314ms (cache miss)
523 http fetch GET 200 https://registry.npmjs.org/@jridgewell/resolve-uri/-/resolve-uri-3.1.2.tgz 321ms (cache miss)
524 http fetch GET 200 https://registry.npmjs.org/ts-interface-checker/-/ts-interface-checker-0.1.13.tgz 320ms (cache miss)
525 http fetch GET 200 https://registry.npmjs.org/@jridgewell/sourcemap-codec/-/sourcemap-codec-1.5.5.tgz 328ms (cache miss)
526 http fetch GET 200 https://registry.npmjs.org/@jridgewell/trace-mapping/-/trace-mapping-0.3.31.tgz 334ms (cache miss)
527 http fetch GET 200 https://registry.npmjs.org/postcss-nested/-/postcss-nested-6.2.0.tgz 445ms (cache miss)
528 http fetch GET 200 https://registry.npmjs.org/micromatch/-/micromatch-4.0.8.tgz 445ms (cache miss)
529 http fetch GET 200 https://registry.npmjs.org/anymatch/-/anymatch-3.1.3.tgz 449ms (cache miss)
530 http fetch GET 200 https://registry.npmjs.org/is-binary-path/-/is-binary-path-2.1.0.tgz 449ms (cache miss)
531 http fetch GET 200 https://registry.npmjs.org/fsevents/-/fsevents-2.3.3.tgz 449ms (cache miss)
532 http fetch GET 200 https://registry.npmjs.org/postcss-js/-/postcss-js-4.1.0.tgz 450ms (cache miss)
533 http fetch GET 200 https://registry.npmjs.org/normalize-path/-/normalize-path-3.0.0.tgz 450ms (cache miss)
534 http fetch GET 200 https://registry.npmjs.org/postcss-load-config/-/postcss-load-config-4.0.2.tgz 462ms (cache miss)
535 http fetch GET 200 https://registry.npmjs.org/object-hash/-/object-hash-3.0.0.tgz 462ms (cache miss)
536 http fetch GET 200 https://registry.npmjs.org/braces/-/braces-3.0.3.tgz 470ms (cache miss)
537 http fetch GET 200 https://registry.npmjs.org/postcss-import/-/postcss-import-15.1.0.tgz 470ms (cache miss)
538 http fetch GET 200 https://registry.npmjs.org/lilconfig/-/lilconfig-2.1.0.tgz 469ms (cache miss)
539 http fetch GET 200 https://registry.npmjs.org/normalize-range/-/normalize-range-0.1.2.tgz 497ms (cache miss)
540 http fetch GET 200 https://registry.npmjs.org/didyoumean/-/didyoumean-1.2.2.tgz 499ms (cache miss)
541 http fetch GET 200 https://registry.npmjs.org/fraction.js/-/fraction.js-4.3.7.tgz 502ms (cache miss)
542 http fetch GET 200 https://registry.npmjs.org/dlv/-/dlv-1.1.3.tgz 505ms (cache miss)
543 http fetch GET 200 https://registry.npmjs.org/chokidar/-/chokidar-3.6.0.tgz 508ms (cache miss)
544 http fetch GET 200 https://registry.npmjs.org/@alloc/quick-lru/-/quick-lru-5.2.0.tgz 512ms (cache miss)
545 http fetch GET 200 https://registry.npmjs.org/binary-extensions/-/binary-extensions-2.3.0.tgz 512ms (cache miss)
546 http fetch GET 200 https://registry.npmjs.org/lilconfig/-/lilconfig-3.1.3.tgz 512ms (cache miss)
547 http fetch GET 200 https://registry.npmjs.org/picomatch/-/picomatch-4.0.3.tgz 521ms (cache miss)
548 http fetch GET 200 https://registry.npmjs.org/postcss-selector-parser/-/postcss-selector-parser-6.1.2.tgz 528ms (cache miss)
549 http fetch GET 200 https://registry.npmjs.org/yaml/-/yaml-2.8.2.tgz 533ms (cache miss)
550 http fetch GET 200 https://registry.npmjs.org/merge2/-/merge2-1.4.1.tgz 552ms (cache miss)
551 http fetch GET 200 https://registry.npmjs.org/glob-parent/-/glob-parent-5.1.2.tgz 552ms (cache miss)
552 http fetch GET 200 https://registry.npmjs.org/arg/-/arg-5.0.2.tgz 552ms (cache miss)
553 http fetch GET 200 https://registry.npmjs.org/glob-parent/-/glob-parent-5.1.2.tgz 553ms (cache miss)
554 http fetch GET 200 https://registry.npmjs.org/fast-glob/-/fast-glob-3.3.3.tgz 557ms (cache miss)
555 http fetch GET 200 https://registry.npmjs.org/jiti/-/jiti-1.21.7.tgz 610ms (cache miss)
556 http fetch GET 200 https://registry.npmjs.org/postcss/-/postcss-8.4.35.tgz 633ms (cache miss)
557 http fetch GET 200 https://registry.npmjs.org/resolve/-/resolve-1.22.11.tgz 648ms (cache miss)
558 http fetch GET 200 https://registry.npmjs.org/autoprefixer/-/autoprefixer-10.4.17.tgz 662ms (cache miss)
559 http fetch GET 200 https://registry.npmjs.org/sucrase/-/sucrase-3.35.1.tgz 696ms (cache miss)
560 http fetch GET 200 https://registry.npmjs.org/tailwindcss/-/tailwindcss-3.4.1.tgz 1025ms (cache miss)
561 info run fsevents@2.3.3 install node_modules/fsevents node-gyp rebuild
562 info run fsevents@2.3.3 install { code: 1, signal: null }
563 verbose reify failed optional dependency /Users/juliusrannersberger/Desktop/Flatcontroll/wg-putzplan/node_modules/fsevents
564 silly reify mark deleted [
564 silly reify   '/Users/juliusrannersberger/Desktop/Flatcontroll/wg-putzplan/node_modules/fsevents'
564 silly reify ]
565 silly ADD node_modules/is-number
566 silly ADD node_modules/fdir
567 silly ADD node_modules/thenify
568 silly ADD node_modules/thenify-all
569 silly ADD node_modules/object-assign
570 silly ADD node_modules/any-promise
571 silly ADD node_modules/@jridgewell/resolve-uri
572 silly ADD node_modules/@jridgewell/trace-mapping
573 silly ADD node_modules/@jridgewell/sourcemap-codec
574 silly ADD node_modules/ts-interface-checker
575 silly ADD node_modules/tinyglobby
576 silly ADD node_modules/tinyglobby/node_modules/picomatch
577 silly ADD node_modules/pirates
578 silly ADD node_modules/mz
579 silly ADD node_modules/lines-and-columns
580 silly ADD node_modules/commander
581 silly ADD node_modules/@jridgewell/gen-mapping
582 silly ADD node_modules/function-bind
583 silly ADD node_modules/hasown
584 silly ADD node_modules/supports-preserve-symlinks-flag
585 silly ADD node_modules/path-parse
586 silly ADD node_modules/is-core-module
587 silly ADD node_modules/pify
588 silly ADD node_modules/util-deprecate
589 silly ADD node_modules/cssesc
590 silly ADD node_modules/yaml
591 silly ADD node_modules/camelcase-css
592 silly ADD node_modules/read-cache
593 silly ADD node_modules/binary-extensions
594 silly ADD node_modules/to-regex-range
595 silly ADD node_modules/merge2
596 silly ADD node_modules/fill-range
597 silly ADD node_modules/picomatch
598 silly ADD node_modules/readdirp
599 silly ADD node_modules/is-binary-path
600 silly ADD
601 silly ADD node_modules/braces
602 silly ADD node_modules/anymatch
603 silly ADD node_modules/sucrase
604 silly ADD node_modules/resolve
605 silly ADD node_modules/postcss-selector-parser
606 silly ADD node_modules/postcss-nested
607 silly ADD node_modules/postcss-load-config
608 silly ADD node_modules/postcss-load-config/node_modules/lilconfig
609 silly ADD node_modules/postcss-js
610 silly ADD node_modules/postcss-import
611 silly ADD node_modules/object-hash
612 silly ADD node_modules/normalize-path
613 silly ADD node_modules/micromatch
614 silly ADD node_modules/lilconfig
615 silly ADD node_modules/jiti
616 silly ADD node_modules/fast-glob
617 silly ADD node_modules/fast-glob/node_modules/glob-parent
618 silly ADD node_modules/dlv
619 silly ADD node_modules/didyoumean
620 silly ADD node_modules/chokidar
621 silly ADD node_modules/chokidar/node_modules/glob-parent
622 silly ADD node_modules/arg
623 silly ADD node_modules/@alloc/quick-lru
624 silly ADD node_modules/normalize-range
625 silly ADD node_modules/tailwindcss
626 silly CHANGE node_modules/postcss
627 silly CHANGE node_modules/fraction.js
628 silly CHANGE node_modules/autoprefixer
629 verbose cwd /Users/juliusrannersberger/Desktop/Flatcontroll/wg-putzplan
630 verbose os Darwin 25.3.0
631 verbose node v25.6.1
632 verbose npm  v11.9.0
633 verbose exit 0
634 info ok
