0 verbose cli /opt/homebrew/Cellar/node/25.6.1/bin/node /opt/homebrew/lib/node_modules/npm/bin/npm-cli.js
1 info using npm@11.9.0
2 info using node@v25.6.1
3 silly config load:file:/opt/homebrew/lib/node_modules/npm/npmrc
4 silly config load:file:/Users/juliusrannersberger/.npmrc
5 silly config load:file:/opt/homebrew/etc/npmrc
6 verbose title npm exec create-next-app@latest temp_app --typescript --tailwind --eslint --src-dir --import-alias @/* --use-npm --no-git --yes
7 verbose argv "exec" "--" "create-next-app@latest" "temp_app" "--typescript" "--tailwind" "--eslint" "--src-dir" "--import-alias" "@/*" "--use-npm" "--no-git" "--yes"
8 verbose logfile logs-max:10 dir:/Users/juliusrannersberger/Desktop/Flatcontroll/wg-putzplan/.npm-cache/_logs/2026-02-15T17_59_11_346Z-
9 verbose logfile /Users/juliusrannersberger/Desktop/Flatcontroll/wg-putzplan/.npm-cache/_logs/2026-02-15T17_59_11_346Z-debug-0.log
10 silly logfile done cleaning log files
11 silly packumentCache heap:2348810240 maxSize:587202560 maxEntrySize:293601280
12 http fetch GET 200 https://registry.npmjs.org/npm 158ms
13 http fetch GET 200 https://registry.npmjs.org/create-next-app 410ms (cache miss)
14 silly packumentCache heap:2348810240 maxSize:587202560 maxEntrySize:293601280
15 silly packumentCache heap:2348810240 maxSize:587202560 maxEntrySize:293601280
16 silly idealTree buildDeps
17 silly fetch manifest create-next-app@16.1.6
18 silly packumentCache full:https://registry.npmjs.org/create-next-app cache-miss
19 http fetch GET 200 https://registry.npmjs.org/create-next-app 518ms (cache miss)
20 silly packumentCache full:https://registry.npmjs.org/create-next-app set size:undefined disposed:false
21 silly placeDep ROOT create-next-app@16.1.6 OK for:  want: 16.1.6
22 silly reify moves {}
23 silly audit bulk request { 'create-next-app': [ '16.1.6' ] }
24 http cache create-next-app@https://registry.npmjs.org/create-next-app/-/create-next-app-16.1.6.tgz 0ms (cache hit)
25 silly tarball no local data for create-next-app@https://registry.npmjs.org/create-next-app/-/create-next-app-16.1.6.tgz. Extracting by manifest.
26 http fetch GET 200 https://registry.npmjs.org/create-next-app/-/create-next-app-16.1.6.tgz 123ms (cache miss)
27 http fetch POST 200 https://registry.npmjs.org/-/npm/v1/security/advisories/bulk 201ms
28 silly audit report {}
29 verbose cwd /Users/juliusrannersberger/Desktop/Flatcontroll/wg-putzplan
30 verbose os Darwin 25.3.0
31 verbose node v25.6.1
32 verbose npm  v11.9.0
33 notice
33 notice New minor version of npm available! 11.9.0 -> 11.10.0
33 notice Changelog: https://github.com/npm/cli/releases/tag/v11.10.0
33 notice To update run: npm install -g npm@11.10.0
33 notice  { force: true, Symbol(proc-log.meta): true }
34 verbose exit 0
35 info ok
